item team_redobelisk has modelindex 0item team_blueobelisk has modelindex 0item team_neutralobelisk has modelindex 0item item_botroam has modelindex 0entity worldspawn unknown item
entity light unknown item
entity target_position unknown item
entity info_player_intermission unknown item
entity target_location unknown item
entity info_player_deathmatch unknown item
entity team_CTF_bluespawn unknown item
entity team_CTF_redspawn unknown item
entity light unknown item
entity light unknown item
entity light unknown item
entity light unknown item
entity light unknown item
entity light unknown item
entity target_position unknown item
entity trigger_push unknown item
entity target_position unknown item
entity light unknown item
entity light unknown item
entity misc_model unknown item
entity target_position unknown item
entity light unknown item
entity misc_model unknown item
entity light unknown item
entity team_CTF_blueplayer unknown item
entity team_CTF_redplayer unknown item
entity light unknown item
entity light unknown item
entity light unknown item
entity light unknown item
entity func_door unknown item
entity func_door unknown item
entity light unknown item
entity light unknown item
entity light unknown item
entity light unknown item
entity light unknown item
entity light unknown item
entity light unknown item
entity light unknown item
entity light unknown item
entity light unknown item
entity light unknown item
entity light unknown item
entity light unknown item
entity light unknown item
entity light unknown item
entity light unknown item
entity light unknown item
entity light unknown item
entity light unknown item
entity light unknown item
entity light unknown item
entity light unknown item
entity light unknown item
entity light unknown item
entity light unknown item
entity light unknown item
entity light unknown item
entity light unknown item
entity light unknown item
entity light unknown item
entity light unknown item
entity light unknown item
entity light unknown item
entity light unknown item
entity light unknown item
entity light unknown item
entity func_door unknown item
entity func_door unknown item
entity light unknown item
entity light unknown item
entity light unknown item
entity light unknown item
entity light unknown item
entity light unknown item
entity light unknown item
entity light unknown item
entity light unknown item
entity light unknown item
entity light unknown item
entity light unknown item
entity light unknown item
entity light unknown item
entity light unknown item
entity light unknown item
entity light unknown item
entity light unknown item
entity light unknown item
entity light unknown item
entity light unknown item
entity light unknown item
entity light unknown item
entity light unknown item
entity light unknown item
entity light unknown item
entity light unknown item
entity light unknown item
entity light unknown item
entity light unknown item
entity light unknown item
entity light unknown item
entity team_CTF_redplayer unknown item
entity team_CTF_redplayer unknown item
entity team_CTF_redplayer unknown item
entity team_CTF_redplayer unknown item
entity team_CTF_redplayer unknown item
entity team_CTF_redplayer unknown item
entity team_CTF_redplayer unknown item
entity team_CTF_blueplayer unknown item
entity team_CTF_blueplayer unknown item
entity team_CTF_blueplayer unknown item
entity team_CTF_blueplayer unknown item
entity team_CTF_blueplayer unknown item
entity team_CTF_blueplayer unknown item
entity team_CTF_blueplayer unknown item
entity light unknown item
entity light unknown item
entity light unknown item
entity light unknown item
entity light unknown item
entity light unknown item
entity light unknown item
entity light unknown item
entity light unknown item
entity misc_model unknown item
entity light unknown item
entity light unknown item
entity misc_model unknown item
entity misc_model unknown item
entity light unknown item
entity light unknown item
entity light unknown item
entity light unknown item
entity light unknown item
entity light unknown item
entity misc_model unknown item
entity misc_model unknown item
entity light unknown item
entity light unknown item
entity light unknown item
entity light unknown item
entity misc_model unknown item
entity misc_model unknown item
entity misc_model unknown item
entity light unknown item
entity light unknown item
entity light unknown item
entity target_position unknown item
entity light unknown item
entity target_position unknown item
entity light unknown item
entity target_position unknown item
entity light unknown item
entity target_position unknown item
entity light unknown item
entity light unknown item
entity target_position unknown item
entity light unknown item
entity target_position unknown item
entity light unknown item
entity target_position unknown item
entity light unknown item
entity target_position unknown item
entity light unknown item
entity target_position unknown item
entity light unknown item
entity target_position unknown item
entity light unknown item
entity target_position unknown item
entity light unknown item
entity target_position unknown item
entity light unknown item
entity target_position unknown item
entity light unknown item
entity target_position unknown item
entity light unknown item
entity target_position unknown item
entity light unknown item
entity target_position unknown item
entity light unknown item
entity target_position unknown item
entity light unknown item
entity target_position unknown item
entity light unknown item
entity target_position unknown item
entity light unknown item
entity misc_model unknown item
entity misc_model unknown item
entity light unknown item
entity light unknown item
entity light unknown item
entity light unknown item
entity light unknown item
entity light unknown item
entity light unknown item
entity light unknown item
entity light unknown item
entity light unknown item
entity light unknown item
entity light unknown item
entity light unknown item
entity light unknown item
entity light unknown item
entity light unknown item
entity light unknown item
entity target_position unknown item
entity light unknown item
entity misc_model unknown item
entity light unknown item
entity light unknown item
entity misc_model unknown item
entity light unknown item
entity light unknown item
entity light unknown item
entity light unknown item
entity light unknown item
entity light unknown item
entity misc_model unknown item
entity light unknown item
entity light unknown item
entity misc_model unknown item
entity misc_model unknown item
entity light unknown item
entity light unknown item
entity misc_model unknown item
entity light unknown item
entity light unknown item
entity light unknown item
entity light unknown item
entity target_position unknown item
entity light unknown item
entity target_position unknown item
entity light unknown item
entity light unknown item
entity light unknown item
entity light unknown item
entity misc_model unknown item
entity misc_model unknown item
entity misc_model unknown item
entity misc_model unknown item
entity light unknown item
entity light unknown item
entity misc_model unknown item
entity misc_model unknown item
entity light unknown item
entity light unknown item
entity light unknown item
entity light unknown item
entity misc_model unknown item
entity light unknown item
entity light unknown item
entity light unknown item
entity misc_model unknown item
entity light unknown item
entity light unknown item
entity light unknown item
entity target_position unknown item
entity light unknown item
entity target_position unknown item
entity light unknown item
entity target_position unknown item
entity light unknown item
entity target_position unknown item
entity light unknown item
entity light unknown item
entity light unknown item
entity misc_model unknown item
entity misc_model unknown item
entity light unknown item
entity light unknown item
entity target_position unknown item
entity trigger_push unknown item
entity light unknown item
entity light unknown item
entity light unknown item
entity light unknown item
entity misc_model unknown item
entity misc_model unknown item
entity light unknown item
entity light unknown item
entity light unknown item
entity light unknown item
entity light unknown item
entity light unknown item
entity light unknown item
entity light unknown item
entity light unknown item
entity light unknown item
entity light unknown item
entity light unknown item
entity light unknown item
entity misc_model unknown item
entity light unknown item
entity light unknown item
entity misc_model unknown item
entity light unknown item
entity light unknown item
entity light unknown item
entity light unknown item
entity light unknown item
entity light unknown item
entity light unknown item
entity light unknown item
entity light unknown item
entity light unknown item
entity light unknown item
entity light unknown item
entity light unknown item
entity team_CTF_redspawn unknown item
entity team_CTF_redspawn unknown item
entity team_CTF_redspawn unknown item
entity team_CTF_redspawn unknown item
entity team_CTF_bluespawn unknown item
entity team_CTF_bluespawn unknown item
entity team_CTF_bluespawn unknown item
entity team_CTF_bluespawn unknown item
entity light unknown item
entity light unknown item
entity light unknown item
entity light unknown item
entity light unknown item
entity light unknown item
entity light unknown item
entity light unknown item
entity info_player_deathmatch unknown item
entity info_player_deathmatch unknown item
entity info_player_deathmatch unknown item
entity info_player_deathmatch unknown item
entity info_player_deathmatch unknown item
entity info_player_deathmatch unknown item
entity info_player_deathmatch unknown item
entity info_player_deathmatch unknown item
entity info_player_deathmatch unknown item
entity info_player_deathmatch unknown item
entity info_player_deathmatch unknown item
entity light unknown item
entity light unknown item
entity target_location unknown item
entity target_location unknown item
entity target_location unknown item
entity target_location unknown item
entity target_location unknown item
entity target_location unknown item
entity target_location unknown item
entity target_location unknown item
entity target_location unknown item
entity target_location unknown item
entity target_location unknown item
entity target_location unknown item
entity target_location unknown item
entity target_location unknown item
entity target_location unknown item
entity target_location unknown item
entity target_location unknown item
entity target_location unknown item
entity target_location unknown item
entity target_location unknown item
entity target_location unknown item
entity target_location unknown item
entity target_location unknown item
entity target_location unknown item
entity light unknown item
entity light unknown item
entity light unknown item
entity light unknown item
entity light unknown item
entity light unknown item
entity light unknown item
entity light unknown item
entity light unknown item
entity light unknown item
entity light unknown item
entity target_speaker unknown item
entity target_speaker unknown item
entity target_speaker unknown item
entity target_speaker unknown item
entity target_speaker unknown item
entity target_speaker unknown item
entity target_speaker unknown item
entity target_speaker unknown item
entity target_speaker unknown item
entity target_speaker unknown item
entity target_speaker unknown item
entity target_speaker unknown item
entity target_speaker unknown item
entity target_speaker unknown item
entity target_speaker unknown item
entity target_speaker unknown item
entity target_speaker unknown item
entity target_speaker unknown item
entity target_speaker unknown item
entity target_speaker unknown item
entity target_speaker unknown item
entity target_speaker unknown item
entity target_speaker unknown item
entity target_speaker unknown item
entity target_speaker unknown item
entity target_speaker unknown item
entity target_speaker unknown item
entity target_speaker unknown item
entity target_speaker unknown item
entity target_speaker unknown item
