[Header]
Signature=VISE
Version=0001
RemoveInUseFiles=0
RegistryKeyName=Quake III Arena Point Release 1.32
Product Name=Quake III Arena Point Release 1.32
[WinNT]
AdminPrivileges=1
[Directories2]
0=d:\games
count=16
1=d:\games\quake 3 arena
2=d:\games\quake 3 arena\baseq3
3=d:\games\quake 3 arena\Extras
4=d:\games\quake 3 arena\Extras\cs
5=d:\games\quake 3 arena\pb
6=d:\games\quake 3 arena\pb\htm
7=C:\Users
8=C:\Users\User
9=C:\Users\User\AppData
10=C:\Users\User\AppData\Roaming
11=C:\Users\User\AppData\Roaming\Microsoft
12=C:\Users\User\AppData\Roaming\Microsoft\Windows
13=C:\Users\User\AppData\Roaming\Microsoft\Windows\Start Menu
14=C:\Users\User\AppData\Roaming\Microsoft\Windows\Start Menu\Programs
15=C:\Users\User\AppData\Roaming\Microsoft\Windows\Start Menu\Programs\Quake III Arena
[Files]
count=25
0=d:\games\quake 3 arena\quake3.exe
1=C:\Windows\Q3version.ini
2=d:\games\quake 3 arena\Readme132.txt
3=d:\games\quake 3 arena\baseq3\pak1.pk3
4=d:\games\quake 3 arena\baseq3\pak2.pk3
5=d:\games\quake 3 arena\baseq3\pak3.pk3
6=d:\games\quake 3 arena\baseq3\pak4.pk3
7=d:\games\quake 3 arena\baseq3\pak5.pk3
8=d:\games\quake 3 arena\baseq3\pak6.pk3
9=d:\games\quake 3 arena\baseq3\pak7.pk3
10=d:\games\quake 3 arena\baseq3\pak8.pk3
11=d:\games\quake 3 arena\Extras\cs\anet.inf
12=d:\games\quake 3 arena\pb\htm\la001293.htm
13=d:\games\quake 3 arena\pb\htm\lc000993.htm
14=d:\games\quake 3 arena\pb\htm\ls000993.htm
15=d:\games\quake 3 arena\pb\htm\ma001293.htm
16=d:\games\quake 3 arena\pb\htm\mc000993.htm
17=d:\games\quake 3 arena\pb\htm\ms000993.htm
18=d:\games\quake 3 arena\pb\htm\wa001293.htm
19=d:\games\quake 3 arena\pb\htm\wc000993.htm
20=d:\games\quake 3 arena\pb\htm\ws000993.htm
21=d:\games\quake 3 arena\pb\pbag.dll
22=d:\games\quake 3 arena\pb\pbcl.dll
23=d:\games\quake 3 arena\pb\pbsv.dll
24=d:\games\quake 3 arena\Check for Quake III Arena Updates.exe
[Strings]
IDS_STRING1=Are you sure you want to completely remove the selected application and all of its components?
IDS_STRING2=Confirm File Deletion
IDS_STRING3=The system indicates that the following shared file is no longer used by any programs.
IDS_STRING4=Remove Shared File?
IDS_STRING5=Uninstall successfully completed.
IDS_STRING6=Uninstall
IDS_STRING7=If any programs are still using this file and it is removed, those programs may not function. Are you sure you want to remove the shared file?
IDS_STRING8=Uninstall was partially successful.
IDS_ADMINPRIVILEGESNEEDED=Administrative privileges are needed to uninstall this software.
IDS_YES=&Yes
IDS_NO=&No
IDS_YESTOALL=Yes to &All
IDS_REMOVINGFILE=Removing File:
