PRT1
195
392
799
4 0 1 0 (3336 1024 0 ) (3072 1024 0 ) (3072 1992 0 ) (3336 1992 0 ) 
4 1 3 0 (3072 1024 0 ) (3072 1024 -584 ) (3336 1024 -584 ) (3336 1024 0 ) 
4 2 28 0 (3072 192 960 ) (3072 576 960 ) (3072 576 752 ) (3072 192 752 ) 
4 3 5 0 (3072 0 0 ) (3072 0 -584 ) (3336 0 -584 ) (3336 0 0 ) 
4 4 47 0 (3072 -1024 0 ) (3072 -1024 968 ) (3072 0 968 ) (3072 0 0 ) 
4 4 5 0 (3336 -1024 0 ) (3072 -1024 0 ) (3072 0 0 ) (3336 0 0 ) 
4 5 48 0 (3072 0 -584 ) (3072 -1024 -584 ) (3072 -1024 0 ) (3072 0 0 ) 
4 6 50 0 (3072 -1408 320 ) (3072 -1280 320 ) (3072 -1280 64 ) (3072 -1408 64 ) 
4 6 49 0 (3072 -1280 320 ) (3072 -1088 320 ) (3072 -1088 64 ) (3072 -1280 64 ) 
4 6 7 0 (3328 -1408 64 ) (3328 -1408 320 ) (3072 -1408 320 ) (3072 -1408 64 ) 
4 7 54 0 (3072 -1600 320 ) (3072 -1408 320 ) (3072 -1408 0 ) (3072 -1600 0 ) 
4 7 10 0 (3072 -1600 0 ) (3072 -1408 0 ) (3328 -1408 0 ) (3328 -1600 0 ) 
4 7 8 0 (3136 -1600 0 ) (3184 -1600 0 ) (3184 -1600 320 ) (3136 -1600 320 ) 
4 8 11 0 (3136 -1600 0 ) (3184 -1600 0 ) (3184 -1608 0 ) (3136 -1608 0 ) 
4 8 9 0 (3136 -1608 0 ) (3184 -1608 0 ) (3184 -1608 320 ) (3136 -1608 320 ) 
4 9 60 0 (3072 -2048 0 ) (3072 -2048 320 ) (3072 -1608 320 ) (3072 -1608 0 ) 
4 9 14 0 (3072 -2048 320 ) (3072 -2048 0 ) (3328 -2048 0 ) (3328 -2048 320 ) 
4 9 12 0 (3328 -2048 0 ) (3072 -2048 0 ) (3072 -1608 0 ) (3328 -1608 0 ) 
4 10 65 0 (3072 -1600 0 ) (3072 -1408 0 ) (3072 -1408 -568 ) (3072 -1600 -568 ) 
4 10 11 0 (3184 -1600 0 ) (3136 -1600 0 ) (3136 -1600 -568 ) (3184 -1600 -568 ) 
4 11 12 0 (3184 -1608 0 ) (3136 -1608 0 ) (3136 -1608 -568 ) (3184 -1608 -568 ) 
4 12 71 0 (3072 -2048 -568 ) (3072 -2048 0 ) (3072 -1608 0 ) (3072 -1608 -568 ) 
4 12 15 0 (3072 -2048 0 ) (3072 -2048 -568 ) (3328 -2048 -568 ) (3328 -2048 0 ) 
4 12 13 0 (3328 -1792 -568 ) (3328 -2048 -568 ) (3072 -2048 -568 ) (3072 -1792 -568 ) 
4 13 72 0 (3072 -2048 -576 ) (3072 -2048 -568 ) (3072 -1792 -568 ) (3072 -1792 -576 ) 
4 13 16 0 (3072 -2048 -568 ) (3072 -2048 -576 ) (3328 -2048 -576 ) (3328 -2048 -568 ) 
4 14 79 0 (3072 -2048 320 ) (3072 -2048 0 ) (3072 -2816 0 ) (3072 -2816 320 ) 
4 14 15 0 (3072 -2816 0 ) (3072 -2048 0 ) (3328 -2048 0 ) (3328 -2816 0 ) 
4 15 80 0 (3072 -2816 0 ) (3072 -2048 0 ) (3072 -2048 -568 ) (3072 -2816 -568 ) 
4 15 16 0 (3072 -2688 -568 ) (3072 -2048 -568 ) (3328 -2048 -568 ) (3328 -2688 -568 ) 
4 16 82 0 (3072 -2688 -576 ) (3072 -2688 -568 ) (3072 -2592 -568 ) (3072 -2592 -576 ) 
4 16 81 0 (3072 -2592 -568 ) (3072 -2048 -568 ) (3072 -2048 -576 ) (3072 -2592 -576 ) 
4 17 36 0 (2560 1024 64 ) (2944 1024 64 ) (2944 1024 320 ) (2560 1024 320 ) 
4 17 24 0 (2624 1024 64 ) (2560 1024 64 ) (2560 1280 64 ) (2624 1280 64 ) 
4 17 21 0 (2560 1536 64 ) (2560 1856 64 ) (2624 1856 64 ) (2624 1536 64 ) 
4 17 23 0 (2560 1280 64 ) (2560 1536 64 ) (2624 1536 64 ) (2624 1280 64 ) 
4 17 20 0 (2560 1856 64 ) (2560 1984 64 ) (2624 1984 64 ) (2624 1856 64 ) 
4 17 18 0 (2560 1416 320 ) (2560 1984 320 ) (2560 1984 64 ) (2560 1416 64 ) 
4 17 19 0 (2560 1024 320 ) (2560 1400 320 ) (2560 1400 64 ) (2560 1024 64 ) 
4 18 85 0 (2048 1416 320 ) (2048 1984 320 ) (2048 1984 64 ) (2048 1416 64 ) 
4 18 21 0 (2560 1856 64 ) (2560 1536 64 ) (2368 1536 64 ) (2368 1856 64 ) 
4 18 22 0 (2240 1536 64 ) (2144 1536 64 ) (2144 1856 64 ) (2240 1856 64 ) 
4 18 23 0 (2560 1536 64 ) (2560 1416 64 ) (2144 1416 64 ) (2144 1536 64 ) 
4 18 20 0 (2144 1984 64 ) (2560 1984 64 ) (2560 1856 64 ) (2144 1856 64 ) 
4 18 25 0 (2048 1416 64 ) (2048 1984 64 ) (2144 1984 64 ) (2144 1416 64 ) 
4 19 86 0 (2048 1024 64 ) (2048 1024 320 ) (2048 1400 320 ) (2048 1400 64 ) 
4 19 36 0 (2048 1024 320 ) (2048 1024 64 ) (2560 1024 64 ) (2560 1024 320 ) 
4 19 24 0 (2560 1024 64 ) (2272 1024 64 ) (2272 1280 64 ) (2560 1280 64 ) 
4 19 23 0 (2144 1280 64 ) (2144 1400 64 ) (2560 1400 64 ) (2560 1280 64 ) 
4 19 25 0 (2144 1024 64 ) (2048 1024 64 ) (2048 1400 64 ) (2144 1400 64 ) 
4 20 26 0 (2144 1856 56 ) (2144 1984 56 ) (2624 1984 56 ) (2624 1856 56 ) 
4 20 21 0 (2368 1856 56 ) (2624 1856 56 ) (2624 1856 64 ) (2368 1856 64 ) 
4 20 22 0 (2144 1856 64 ) (2144 1856 56 ) (2240 1856 56 ) (2240 1856 64 ) 
4 20 25 0 (2144 1984 64 ) (2144 1984 56 ) (2144 1856 56 ) (2144 1856 64 ) 
4 21 26 0 (2368 1856 56 ) (2624 1856 56 ) (2624 1536 56 ) (2368 1536 56 ) 
4 21 23 0 (2368 1536 56 ) (2624 1536 56 ) (2624 1536 64 ) (2368 1536 64 ) 
4 22 26 0 (2144 1536 56 ) (2144 1856 56 ) (2240 1856 56 ) (2240 1536 56 ) 
4 22 23 0 (2144 1536 64 ) (2144 1536 56 ) (2240 1536 56 ) (2240 1536 64 ) 
4 22 25 0 (2144 1856 56 ) (2144 1536 56 ) (2144 1536 64 ) (2144 1856 64 ) 
4 23 26 0 (2144 1280 56 ) (2144 1536 56 ) (2624 1536 56 ) (2624 1280 56 ) 
4 23 24 0 (2272 1280 56 ) (2624 1280 56 ) (2624 1280 64 ) (2272 1280 64 ) 
4 23 25 0 (2144 1536 56 ) (2144 1280 56 ) (2144 1280 64 ) (2144 1536 64 ) 
4 24 42 0 (2272 1024 56 ) (2624 1024 56 ) (2624 1024 64 ) (2272 1024 64 ) 
4 24 26 0 (2624 1024 56 ) (2272 1024 56 ) (2272 1280 56 ) (2624 1280 56 ) 
4 25 92 0 (2048 1024 56 ) (2048 1024 64 ) (2048 1280 64 ) (2048 1280 56 ) 
4 25 88 0 (2048 1536 64 ) (2048 1856 64 ) (2048 1856 56 ) (2048 1536 56 ) 
4 25 87 0 (2048 1856 64 ) (2048 1984 64 ) (2048 1984 56 ) (2048 1856 56 ) 
4 25 91 0 (2048 1280 64 ) (2048 1536 64 ) (2048 1536 56 ) (2048 1280 56 ) 
4 25 44 0 (2048 1024 64 ) (2048 1024 56 ) (2144 1024 56 ) (2144 1024 64 ) 
4 25 26 0 (2144 1024 56 ) (2048 1024 56 ) (2048 1984 56 ) (2144 1984 56 ) 
4 26 95 0 (2048 1024 0 ) (2048 1024 56 ) (2048 1984 56 ) (2048 1984 0 ) 
4 26 45 0 (2048 1024 56 ) (2048 1024 0 ) (2944 1024 0 ) (2944 1024 56 ) 
4 26 27 0 (2944 1024 0 ) (2048 1024 0 ) (2048 1984 0 ) (2944 1984 0 ) 
4 27 96 0 (2048 1024 -64 ) (2048 1024 0 ) (2048 1984 0 ) (2048 1984 -64 ) 
4 27 46 0 (2048 1024 0 ) (2048 1024 -64 ) (2944 1024 -64 ) (2944 1024 0 ) 
4 28 35 0 (2944 192 960 ) (2944 576 960 ) (2944 576 752 ) (2944 192 752 ) 
4 28 33 0 (3008 192 752 ) (2944 192 752 ) (2944 256 752 ) (3008 256 752 ) 
4 28 31 0 (2944 256 752 ) (2944 320 752 ) (3008 320 752 ) (3008 256 752 ) 
4 28 29 0 (2944 320 752 ) (2944 576 752 ) (3008 576 752 ) (3008 320 752 ) 
4 29 35 0 (2944 576 752 ) (2944 576 536 ) (2944 320 536 ) (2944 320 752 ) 
4 29 31 0 (3008 320 608 ) (3008 320 752 ) (2944 320 752 ) (2944 320 608 ) 
4 29 30 0 (2944 384 536 ) (2944 576 536 ) (3008 576 536 ) (3008 384 536 ) 
4 30 35 0 (2944 576 536 ) (2944 576 464 ) (2944 384 464 ) (2944 384 536 ) 
4 30 32 0 (2944 448 464 ) (2944 576 464 ) (3008 576 464 ) (3008 448 464 ) 
4 31 35 0 (2944 256 608 ) (2944 256 752 ) (2944 320 752 ) (2944 320 608 ) 
4 31 33 0 (3008 256 680 ) (3008 256 752 ) (2944 256 752 ) (2944 256 680 ) 
4 32 35 0 (2944 576 464 ) (2944 576 392 ) (2944 448 392 ) (2944 448 464 ) 
4 32 34 0 (2944 576 392 ) (3008 576 392 ) (3008 512 392 ) (2944 512 392 ) 
4 33 35 0 (2944 192 680 ) (2944 192 752 ) (2944 256 752 ) (2944 256 680 ) 
4 34 35 0 (2944 576 392 ) (2944 576 320 ) (2944 512 320 ) (2944 512 392 ) 
4 35 37 0 (2944 576 320 ) (2944 192 320 ) (2624 192 320 ) (2624 576 320 ) 
4 36 97 0 (2048 832 320 ) (2048 1024 320 ) (2048 1024 64 ) (2048 832 64 ) 
4 36 43 0 (2272 960 64 ) (2272 832 64 ) (2144 832 64 ) (2144 960 64 ) 
4 36 42 0 (2272 1024 64 ) (2624 1024 64 ) (2624 832 64 ) (2272 832 64 ) 
4 36 44 0 (2048 1024 64 ) (2144 1024 64 ) (2144 832 64 ) (2048 832 64 ) 
4 37 98 0 (2048 192 320 ) (2048 576 320 ) (2048 576 64 ) (2048 192 64 ) 
4 37 38 0 (2752 192 64 ) (2944 192 64 ) (2944 192 320 ) (2752 192 320 ) 
4 38 41 0 (2752 152 64 ) (2768 152 64 ) (2768 152 320 ) (2752 152 320 ) 
4 38 40 0 (2912 152 80 ) (2912 152 304 ) (2784 152 304 ) (2784 152 80 ) 
4 38 39 0 (2928 152 64 ) (2944 152 64 ) (2944 152 320 ) (2928 152 320 ) 
4 42 45 0 (2272 1024 56 ) (2624 1024 56 ) (2624 832 56 ) (2272 832 56 ) 
4 42 43 0 (2272 960 56 ) (2272 832 56 ) (2272 832 64 ) (2272 960 64 ) 
4 43 45 0 (2272 960 56 ) (2272 832 56 ) (2144 832 56 ) (2144 960 56 ) 
4 43 44 0 (2144 960 56 ) (2144 832 56 ) (2144 832 64 ) (2144 960 64 ) 
4 44 103 0 (2048 832 64 ) (2048 960 64 ) (2048 960 56 ) (2048 832 56 ) 
4 44 99 0 (2048 960 64 ) (2048 1024 64 ) (2048 1024 56 ) (2048 960 56 ) 
4 44 45 0 (2048 1024 56 ) (2144 1024 56 ) (2144 832 56 ) (2048 832 56 ) 
4 45 103 0 (2048 832 56 ) (2048 960 56 ) (2048 960 0 ) (2048 832 0 ) 
4 45 102 0 (2048 960 56 ) (2048 1024 56 ) (2048 1024 0 ) (2048 960 0 ) 
4 45 46 0 (2048 832 0 ) (2048 1024 0 ) (2944 1024 0 ) (2944 832 0 ) 
4 46 104 0 (2048 832 0 ) (2048 1024 0 ) (2048 1024 -64 ) (2048 832 -64 ) 
4 47 48 0 (3072 -1024 0 ) (2048 -1024 0 ) (2048 0 0 ) (3072 0 0 ) 
4 49 110 0 (2048 -1280 320 ) (2048 -1088 320 ) (2048 -1088 64 ) (2048 -1280 64 ) 
4 49 53 0 (2176 -1280 320 ) (2048 -1280 320 ) (2048 -1280 64 ) (2176 -1280 64 ) 
4 49 51 0 (2944 -1280 320 ) (2624 -1280 320 ) (2624 -1280 64 ) (2944 -1280 64 ) 
4 49 52 0 (2560 -1280 320 ) (2240 -1280 320 ) (2240 -1280 64 ) (2560 -1280 64 ) 
4 49 50 0 (3072 -1280 64 ) (3072 -1280 320 ) (3008 -1280 320 ) (3008 -1280 64 ) 
4 50 54 0 (3072 -1408 64 ) (3072 -1408 320 ) (3008 -1408 320 ) (3008 -1408 64 ) 
4 51 55 0 (2944 -1408 320 ) (2624 -1408 320 ) (2624 -1408 64 ) (2944 -1408 64 ) 
4 52 59 0 (2368 -1408 320 ) (2240 -1408 320 ) (2240 -1408 64 ) (2368 -1408 64 ) 
4 52 57 0 (2560 -1408 320 ) (2416 -1408 320 ) (2416 -1408 64 ) (2560 -1408 64 ) 
4 52 58 0 (2416 -1408 320 ) (2368 -1408 320 ) (2368 -1408 64 ) (2416 -1408 64 ) 
4 53 111 0 (2048 -1408 320 ) (2048 -1280 320 ) (2048 -1280 64 ) (2048 -1408 64 ) 
4 53 63 0 (2176 -1408 320 ) (2048 -1408 320 ) (2048 -1408 64 ) (2176 -1408 64 ) 
4 54 65 0 (3008 -1408 0 ) (3072 -1408 0 ) (3072 -1600 0 ) (3008 -1600 0 ) 
4 55 66 0 (2624 -1408 0 ) (2944 -1408 0 ) (2944 -1600 0 ) (2624 -1600 0 ) 
4 55 56 0 (2752 -1600 0 ) (2800 -1600 0 ) (2800 -1600 320 ) (2752 -1600 320 ) 
4 56 68 0 (2800 -1608 0 ) (2752 -1608 0 ) (2752 -1600 0 ) (2800 -1600 0 ) 
4 56 61 0 (2752 -1608 0 ) (2800 -1608 0 ) (2800 -1608 320 ) (2752 -1608 320 ) 
4 57 67 0 (2416 -1408 0 ) (2560 -1408 0 ) (2560 -1600 0 ) (2416 -1600 0 ) 
4 57 58 0 (2416 -1408 320 ) (2416 -1408 0 ) (2416 -1600 0 ) (2416 -1600 320 ) 
4 58 69 0 (2416 -1600 0 ) (2416 -1608 0 ) (2368 -1608 0 ) (2368 -1600 0 ) 
4 58 67 0 (2368 -1408 0 ) (2416 -1408 0 ) (2416 -1600 0 ) (2368 -1600 0 ) 
4 58 62 0 (2368 -1608 0 ) (2416 -1608 0 ) (2416 -1608 320 ) (2368 -1608 320 ) 
4 58 59 0 (2368 -1408 320 ) (2368 -1408 0 ) (2368 -1600 0 ) (2368 -1600 320 ) 
4 59 67 0 (2240 -1600 0 ) (2240 -1408 0 ) (2368 -1408 0 ) (2368 -1600 0 ) 
4 60 79 0 (3008 -2048 0 ) (3072 -2048 0 ) (3072 -2048 320 ) (3008 -2048 320 ) 
4 60 71 0 (3072 -2048 0 ) (3008 -2048 0 ) (3008 -1608 0 ) (3072 -1608 0 ) 
4 61 79 0 (2624 -2048 0 ) (2944 -2048 0 ) (2944 -2048 320 ) (2624 -2048 320 ) 
4 61 73 0 (2944 -2048 0 ) (2624 -2048 0 ) (2624 -1608 0 ) (2944 -1608 0 ) 
4 62 79 0 (2240 -2048 0 ) (2560 -2048 0 ) (2560 -2048 320 ) (2240 -2048 320 ) 
4 62 74 0 (2560 -2048 0 ) (2240 -2048 0 ) (2240 -1608 0 ) (2560 -1608 0 ) 
4 63 114 0 (2048 -1600 320 ) (2048 -1408 320 ) (2048 -1408 0 ) (2048 -1600 0 ) 
4 63 70 0 (2048 -1600 0 ) (2048 -1408 0 ) (2176 -1408 0 ) (2176 -1600 0 ) 
4 64 121 0 (2048 -2048 0 ) (2048 -2048 320 ) (2048 -1608 320 ) (2048 -1608 0 ) 
4 64 79 0 (2048 -2048 320 ) (2048 -2048 0 ) (2176 -2048 0 ) (2176 -2048 320 ) 
4 64 78 0 (2176 -2048 0 ) (2048 -2048 0 ) (2048 -1792 0 ) (2176 -1792 0 ) 
4 64 77 0 (2048 -1792 0 ) (2048 -1608 0 ) (2176 -1608 0 ) (2176 -1792 0 ) 
4 66 68 0 (2800 -1600 0 ) (2752 -1600 0 ) (2752 -1600 -568 ) (2800 -1600 -568 ) 
4 67 69 0 (2368 -1600 -568 ) (2416 -1600 -568 ) (2416 -1600 0 ) (2368 -1600 0 ) 
4 68 73 0 (2800 -1608 -568 ) (2800 -1608 0 ) (2752 -1608 0 ) (2752 -1608 -568 ) 
4 69 74 0 (2416 -1608 0 ) (2368 -1608 0 ) (2368 -1608 -568 ) (2416 -1608 -568 ) 
4 70 124 0 (2048 -1600 0 ) (2048 -1408 0 ) (2048 -1408 -568 ) (2048 -1600 -568 ) 
4 71 80 0 (3072 -2048 -568 ) (3072 -2048 0 ) (3008 -2048 0 ) (3008 -2048 -568 ) 
4 71 72 0 (3072 -2048 -568 ) (3008 -2048 -568 ) (3008 -1792 -568 ) (3072 -1792 -568 ) 
4 72 81 0 (3008 -2048 -576 ) (3072 -2048 -576 ) (3072 -2048 -568 ) (3008 -2048 -568 ) 
4 73 80 0 (2944 -2048 -568 ) (2944 -2048 0 ) (2624 -2048 0 ) (2624 -2048 -568 ) 
4 73 75 0 (2944 -1792 -568 ) (2944 -2048 -568 ) (2624 -2048 -568 ) (2624 -1792 -568 ) 
4 74 80 0 (2560 -2048 0 ) (2240 -2048 0 ) (2240 -2048 -568 ) (2560 -2048 -568 ) 
4 74 76 0 (2240 -2048 -568 ) (2240 -1792 -568 ) (2560 -1792 -568 ) (2560 -2048 -568 ) 
4 75 81 0 (2624 -2048 -576 ) (2944 -2048 -576 ) (2944 -2048 -568 ) (2624 -2048 -568 ) 
4 76 81 0 (2240 -2048 -576 ) (2560 -2048 -576 ) (2560 -2048 -568 ) (2240 -2048 -568 ) 
4 77 130 0 (2048 -1792 0 ) (2048 -1608 0 ) (2048 -1608 -568 ) (2048 -1792 -568 ) 
4 77 78 0 (2176 -1792 0 ) (2048 -1792 0 ) (2048 -1792 -568 ) (2176 -1792 -568 ) 
4 78 131 0 (2048 -2048 -576 ) (2048 -2048 -568 ) (2048 -1792 -568 ) (2048 -1792 -576 ) 
4 78 130 0 (2048 -2048 -568 ) (2048 -2048 0 ) (2048 -1792 0 ) (2048 -1792 -568 ) 
4 78 81 0 (2048 -2048 -568 ) (2048 -2048 -576 ) (2176 -2048 -576 ) (2176 -2048 -568 ) 
4 78 80 0 (2048 -2048 0 ) (2048 -2048 -568 ) (2176 -2048 -568 ) (2176 -2048 0 ) 
4 79 136 0 (2048 -2816 320 ) (2048 -2048 320 ) (2048 -2048 0 ) (2048 -2816 0 ) 
4 79 80 0 (2048 -2816 0 ) (2048 -2048 0 ) (3072 -2048 0 ) (3072 -2816 0 ) 
4 80 137 0 (2048 -2816 0 ) (2048 -2048 0 ) (2048 -2048 -568 ) (2048 -2816 -568 ) 
4 80 84 0 (2208 -2592 -568 ) (2592 -2592 -568 ) (2592 -2624 -568 ) (2208 -2624 -568 ) 
4 80 83 0 (2592 -2592 -568 ) (2976 -2592 -568 ) (2976 -2656 -568 ) (2592 -2656 -568 ) 
4 80 82 0 (2976 -2592 -568 ) (3072 -2592 -568 ) (3072 -2688 -568 ) (2976 -2688 -568 ) 
4 80 81 0 (2048 -2592 -568 ) (2048 -2048 -568 ) (3072 -2048 -568 ) (3072 -2592 -568 ) 
4 81 139 0 (2048 -2592 -568 ) (2048 -2496 -568 ) (2048 -2496 -576 ) (2048 -2592 -576 ) 
4 81 138 0 (2048 -2496 -568 ) (2048 -2048 -568 ) (2048 -2048 -576 ) (2048 -2496 -576 ) 
4 81 84 0 (2208 -2592 -576 ) (2592 -2592 -576 ) (2592 -2592 -568 ) (2208 -2592 -568 ) 
4 81 83 0 (2592 -2592 -576 ) (2976 -2592 -576 ) (2976 -2592 -568 ) (2592 -2592 -568 ) 
4 81 82 0 (2976 -2592 -576 ) (3072 -2592 -576 ) (3072 -2592 -568 ) (2976 -2592 -568 ) 
4 82 83 0 (2976 -2592 -568 ) (2976 -2592 -576 ) (2976 -2656 -576 ) (2976 -2656 -568 ) 
4 83 84 0 (2592 -2592 -568 ) (2592 -2592 -576 ) (2592 -2624 -576 ) (2592 -2624 -568 ) 
4 85 142 0 (1024 1984 64 ) (1024 1416 64 ) (1024 1416 320 ) (1024 1984 320 ) 
4 85 89 0 (1344 1856 64 ) (1728 1856 64 ) (1728 1536 64 ) (1344 1536 64 ) 
4 85 88 0 (1856 1856 64 ) (2048 1856 64 ) (2048 1536 64 ) (1856 1536 64 ) 
4 85 90 0 (1024 1536 64 ) (1024 1856 64 ) (1216 1856 64 ) (1216 1536 64 ) 
4 85 87 0 (1024 1856 64 ) (1024 1984 64 ) (2048 1984 64 ) (2048 1856 64 ) 
4 85 91 0 (1024 1416 64 ) (1024 1536 64 ) (2048 1536 64 ) (2048 1416 64 ) 
4 86 143 0 (1024 1400 64 ) (1024 1024 64 ) (1024 1024 320 ) (1024 1400 320 ) 
4 86 97 0 (1024 1024 320 ) (1024 1024 64 ) (2048 1024 64 ) (2048 1024 320 ) 
4 86 94 0 (1216 1024 64 ) (1024 1024 64 ) (1024 1280 64 ) (1216 1280 64 ) 
4 86 93 0 (1664 1024 64 ) (1344 1024 64 ) (1344 1280 64 ) (1664 1280 64 ) 
4 86 92 0 (2048 1024 64 ) (1792 1024 64 ) (1792 1280 64 ) (2048 1280 64 ) 
4 86 91 0 (1024 1280 64 ) (1024 1400 64 ) (2048 1400 64 ) (2048 1280 64 ) 
4 87 144 0 (1024 1984 56 ) (1024 1856 56 ) (1024 1856 64 ) (1024 1984 64 ) 
4 87 95 0 (1024 1856 56 ) (1024 1984 56 ) (2048 1984 56 ) (2048 1856 56 ) 
4 87 89 0 (1344 1856 56 ) (1728 1856 56 ) (1728 1856 64 ) (1344 1856 64 ) 
4 87 88 0 (1856 1856 56 ) (2048 1856 56 ) (2048 1856 64 ) (1856 1856 64 ) 
4 87 90 0 (1024 1856 56 ) (1216 1856 56 ) (1216 1856 64 ) (1024 1856 64 ) 
4 88 95 0 (1856 1856 56 ) (2048 1856 56 ) (2048 1536 56 ) (1856 1536 56 ) 
4 88 91 0 (1856 1536 56 ) (2048 1536 56 ) (2048 1536 64 ) (1856 1536 64 ) 
4 89 95 0 (1344 1856 56 ) (1728 1856 56 ) (1728 1536 56 ) (1344 1536 56 ) 
4 89 91 0 (1344 1536 56 ) (1728 1536 56 ) (1728 1536 64 ) (1344 1536 64 ) 
4 90 144 0 (1024 1856 56 ) (1024 1536 56 ) (1024 1536 64 ) (1024 1856 64 ) 
4 90 95 0 (1024 1536 56 ) (1024 1856 56 ) (1216 1856 56 ) (1216 1536 56 ) 
4 90 91 0 (1024 1536 56 ) (1216 1536 56 ) (1216 1536 64 ) (1024 1536 64 ) 
4 91 144 0 (1024 1536 56 ) (1024 1280 56 ) (1024 1280 64 ) (1024 1536 64 ) 
4 91 95 0 (1024 1280 56 ) (1024 1536 56 ) (2048 1536 56 ) (2048 1280 56 ) 
4 91 94 0 (1024 1280 56 ) (1216 1280 56 ) (1216 1280 64 ) (1024 1280 64 ) 
4 91 93 0 (1344 1280 56 ) (1664 1280 56 ) (1664 1280 64 ) (1344 1280 64 ) 
4 91 92 0 (1792 1280 56 ) (2048 1280 56 ) (2048 1280 64 ) (1792 1280 64 ) 
4 92 99 0 (1792 1024 56 ) (2048 1024 56 ) (2048 1024 64 ) (1792 1024 64 ) 
4 92 95 0 (2048 1024 56 ) (1792 1024 56 ) (1792 1280 56 ) (2048 1280 56 ) 
4 93 100 0 (1344 1024 56 ) (1664 1024 56 ) (1664 1024 64 ) (1344 1024 64 ) 
4 93 95 0 (1664 1024 56 ) (1344 1024 56 ) (1344 1280 56 ) (1664 1280 56 ) 
4 94 144 0 (1024 1280 56 ) (1024 1024 56 ) (1024 1024 64 ) (1024 1280 64 ) 
4 94 101 0 (1024 1024 64 ) (1024 1024 56 ) (1216 1024 56 ) (1216 1024 64 ) 
4 94 95 0 (1216 1024 56 ) (1024 1024 56 ) (1024 1280 56 ) (1216 1280 56 ) 
4 95 145 0 (1024 1984 0 ) (1024 1024 0 ) (1024 1024 56 ) (1024 1984 56 ) 
4 95 102 0 (1024 1024 56 ) (1024 1024 0 ) (2048 1024 0 ) (2048 1024 56 ) 
4 95 96 0 (2048 1024 0 ) (1024 1024 0 ) (1024 1984 0 ) (2048 1984 0 ) 
4 96 146 0 (1024 1984 -64 ) (1024 1024 -64 ) (1024 1024 0 ) (1024 1984 0 ) 
4 96 104 0 (1024 1024 0 ) (1024 1024 -64 ) (2048 1024 -64 ) (2048 1024 0 ) 
4 97 147 0 (1024 832 320 ) (1024 1024 320 ) (1024 1024 64 ) (1024 832 64 ) 
4 97 103 0 (1024 832 64 ) (1024 960 64 ) (2048 960 64 ) (2048 832 64 ) 
4 97 101 0 (1024 960 64 ) (1024 1024 64 ) (1216 1024 64 ) (1216 960 64 ) 
4 97 100 0 (1344 1024 64 ) (1664 1024 64 ) (1664 960 64 ) (1344 960 64 ) 
4 97 99 0 (1792 1024 64 ) (2048 1024 64 ) (2048 960 64 ) (1792 960 64 ) 
4 98 150 0 (1024 192 320 ) (1024 576 320 ) (1024 576 64 ) (1024 192 64 ) 
4 99 103 0 (2048 960 56 ) (2048 960 64 ) (1792 960 64 ) (1792 960 56 ) 
4 99 102 0 (2048 960 56 ) (1792 960 56 ) (1792 1024 56 ) (2048 1024 56 ) 
4 100 103 0 (1664 960 64 ) (1344 960 64 ) (1344 960 56 ) (1664 960 56 ) 
4 100 102 0 (1664 960 56 ) (1344 960 56 ) (1344 1024 56 ) (1664 1024 56 ) 
4 101 147 0 (1024 960 64 ) (1024 1024 64 ) (1024 1024 56 ) (1024 960 56 ) 
4 101 103 0 (1216 960 64 ) (1024 960 64 ) (1024 960 56 ) (1216 960 56 ) 
4 101 102 0 (1216 960 56 ) (1024 960 56 ) (1024 1024 56 ) (1216 1024 56 ) 
4 102 147 0 (1024 1024 56 ) (1024 1024 0 ) (1024 960 0 ) (1024 960 56 ) 
4 102 104 0 (1024 960 0 ) (1024 1024 0 ) (2048 1024 0 ) (2048 960 0 ) 
4 102 103 0 (1024 960 0 ) (2048 960 0 ) (2048 960 56 ) (1024 960 56 ) 
4 103 147 0 (1024 832 64 ) (1024 960 64 ) (1024 960 0 ) (1024 832 0 ) 
4 103 104 0 (1024 832 0 ) (1024 960 0 ) (2048 960 0 ) (2048 832 0 ) 
4 104 152 0 (1024 832 0 ) (1024 1024 0 ) (1024 1024 -64 ) (1024 832 -64 ) 
4 105 153 0 (1024 -128 320 ) (1024 -128 64 ) (1024 -384 64 ) (1024 -384 320 ) 
4 105 107 0 (1408 -384 64 ) (1408 -384 320 ) (1024 -384 320 ) (1024 -384 64 ) 
4 106 154 0 (1024 -128 56 ) (1024 -128 0 ) (1024 -384 0 ) (1024 -384 56 ) 
4 106 109 0 (1024 -384 0 ) (1024 -128 0 ) (1408 -128 0 ) (1408 -384 0 ) 
4 106 107 0 (1024 -384 0 ) (1408 -384 0 ) (1408 -384 56 ) (1024 -384 56 ) 
4 107 161 0 (1024 -576 0 ) (1024 -704 0 ) (1024 -704 320 ) (1024 -576 320 ) 
4 107 163 0 (1024 -704 0 ) (1024 -896 0 ) (1024 -896 320 ) (1024 -704 320 ) 
4 107 155 0 (1024 -384 0 ) (1024 -576 0 ) (1024 -576 320 ) (1024 -384 320 ) 
4 107 109 0 (1024 -896 0 ) (1024 -384 0 ) (1408 -384 0 ) (1408 -896 0 ) 
4 107 108 0 (1408 -384 0 ) (1856 -384 0 ) (1856 -896 0 ) (1408 -896 0 ) 
4 108 109 0 (1408 -896 -192 ) (1408 -896 0 ) (1408 -384 0 ) (1408 -384 -192 ) 
4 109 169 0 (1024 -576 -568 ) (1024 -576 -576 ) (1024 -704 -576 ) (1024 -704 -568 ) 
4 109 168 0 (1024 -576 -262.408142 ) (1024 -576 -278.428558 ) (1024 -704 -278.428558 ) (1024 -704 -262.408142 ) 
4 109 167 0 (1024 -704 0 ) (1024 -576 0 ) (1024 -576 -262.408142 ) (1024 -704 -262.408142 ) 
4 109 165 0 (1024 -576 -278.428558 ) (1024 -576 -568 ) (1024 -704 -568 ) (1024 -704 -278.428558 ) 
4 109 171 0 (1024 -896 -576 ) (1024 -896 0 ) (1024 -704 0 ) (1024 -704 -576 ) 
4 109 164 0 (1024 -576 0 ) (1024 -128 0 ) (1024 -128 -576 ) (1024 -576 -576 ) 
4 110 172 0 (1024 -1280 320 ) (1024 -1088 320 ) (1024 -1088 64 ) (1024 -1280 64 ) 
4 110 113 0 (1408 -1280 320 ) (1088 -1280 320 ) (1088 -1280 64 ) (1408 -1280 64 ) 
4 110 112 0 (1792 -1280 320 ) (1472 -1280 320 ) (1472 -1280 64 ) (1792 -1280 64 ) 
4 110 111 0 (2048 -1280 64 ) (2048 -1280 320 ) (1856 -1280 320 ) (1856 -1280 64 ) 
4 111 116 0 (1984 -1408 320 ) (1856 -1408 320 ) (1856 -1408 64 ) (1984 -1408 64 ) 
4 111 114 0 (2048 -1408 64 ) (2048 -1408 320 ) (1984 -1408 320 ) (1984 -1408 64 ) 
4 112 117 0 (1792 -1408 320 ) (1472 -1408 320 ) (1472 -1408 64 ) (1792 -1408 64 ) 
4 113 118 0 (1408 -1408 320 ) (1088 -1408 320 ) (1088 -1408 64 ) (1408 -1408 64 ) 
4 114 124 0 (1984 -1408 0 ) (2048 -1408 0 ) (2048 -1600 0 ) (1984 -1600 0 ) 
4 114 116 0 (1984 -1408 320 ) (1984 -1408 0 ) (1984 -1600 0 ) (1984 -1600 320 ) 
4 114 115 0 (1984 -1600 320 ) (1984 -1600 0 ) (2032 -1600 0 ) (2032 -1600 320 ) 
4 115 127 0 (2032 -1608 0 ) (1984 -1608 0 ) (1984 -1600 0 ) (2032 -1600 0 ) 
4 115 121 0 (1984 -1608 0 ) (2032 -1608 0 ) (2032 -1608 320 ) (1984 -1608 320 ) 
4 116 124 0 (1856 -1408 0 ) (1984 -1408 0 ) (1984 -1600 0 ) (1856 -1600 0 ) 
4 117 125 0 (1472 -1408 0 ) (1792 -1408 0 ) (1792 -1600 0 ) (1472 -1600 0 ) 
4 117 119 0 (1600 -1600 0 ) (1648 -1600 0 ) (1648 -1600 320 ) (1600 -1600 320 ) 
4 118 126 0 (1088 -1408 0 ) (1408 -1408 0 ) (1408 -1600 0 ) (1088 -1600 0 ) 
4 118 120 0 (1216 -1600 0 ) (1264 -1600 0 ) (1264 -1600 320 ) (1216 -1600 320 ) 
4 119 128 0 (1648 -1608 0 ) (1600 -1608 0 ) (1600 -1600 0 ) (1648 -1600 0 ) 
4 119 122 0 (1600 -1608 0 ) (1648 -1608 0 ) (1648 -1608 320 ) (1600 -1608 320 ) 
4 120 129 0 (1264 -1608 0 ) (1216 -1608 0 ) (1216 -1600 0 ) (1264 -1600 0 ) 
4 120 123 0 (1216 -1608 0 ) (1264 -1608 0 ) (1264 -1608 320 ) (1216 -1608 320 ) 
4 121 136 0 (1856 -2048 0 ) (2048 -2048 0 ) (2048 -2048 320 ) (1856 -2048 320 ) 
4 121 130 0 (2048 -2048 0 ) (1856 -2048 0 ) (1856 -1608 0 ) (2048 -1608 0 ) 
4 122 136 0 (1472 -2048 0 ) (1792 -2048 0 ) (1792 -2048 320 ) (1472 -2048 320 ) 
4 122 132 0 (1792 -2048 0 ) (1472 -2048 0 ) (1472 -1608 0 ) (1792 -1608 0 ) 
4 123 136 0 (1088 -2048 0 ) (1408 -2048 0 ) (1408 -2048 320 ) (1088 -2048 320 ) 
4 123 133 0 (1408 -2048 0 ) (1088 -2048 0 ) (1088 -1608 0 ) (1408 -1608 0 ) 
4 124 127 0 (2032 -1600 0 ) (1984 -1600 0 ) (1984 -1600 -568 ) (2032 -1600 -568 ) 
4 125 128 0 (1648 -1600 0 ) (1600 -1600 0 ) (1600 -1600 -568 ) (1648 -1600 -568 ) 
4 126 129 0 (1264 -1600 0 ) (1216 -1600 0 ) (1216 -1600 -568 ) (1264 -1600 -568 ) 
4 127 130 0 (2032 -1608 0 ) (1984 -1608 0 ) (1984 -1608 -568 ) (2032 -1608 -568 ) 
4 128 132 0 (1648 -1608 -568 ) (1648 -1608 0 ) (1600 -1608 0 ) (1600 -1608 -568 ) 
4 129 133 0 (1264 -1608 0 ) (1216 -1608 0 ) (1216 -1608 -568 ) (1264 -1608 -568 ) 
4 130 137 0 (2048 -2048 -568 ) (2048 -2048 0 ) (1856 -2048 0 ) (1856 -2048 -568 ) 
4 130 131 0 (2048 -2048 -568 ) (1856 -2048 -568 ) (1856 -1792 -568 ) (2048 -1792 -568 ) 
4 131 138 0 (1856 -2048 -576 ) (2048 -2048 -576 ) (2048 -2048 -568 ) (1856 -2048 -568 ) 
4 132 137 0 (1792 -2048 -568 ) (1792 -2048 0 ) (1472 -2048 0 ) (1472 -2048 -568 ) 
4 132 134 0 (1792 -1792 -568 ) (1792 -2048 -568 ) (1472 -2048 -568 ) (1472 -1792 -568 ) 
4 133 137 0 (1408 -2048 0 ) (1088 -2048 0 ) (1088 -2048 -568 ) (1408 -2048 -568 ) 
4 133 135 0 (1088 -2048 -568 ) (1088 -1792 -568 ) (1408 -1792 -568 ) (1408 -2048 -568 ) 
4 134 138 0 (1472 -2048 -576 ) (1792 -2048 -576 ) (1792 -2048 -568 ) (1472 -2048 -568 ) 
4 135 138 0 (1088 -2048 -576 ) (1408 -2048 -576 ) (1408 -2048 -568 ) (1088 -2048 -568 ) 
4 136 183 0 (1024 -2048 320 ) (1024 -2048 0 ) (1024 -2816 0 ) (1024 -2816 320 ) 
4 136 137 0 (1024 -2816 0 ) (1024 -2048 0 ) (2048 -2048 0 ) (2048 -2816 0 ) 
4 137 184 0 (1024 -2816 0 ) (1024 -2048 0 ) (1024 -2048 -568 ) (1024 -2816 -568 ) 
4 137 141 0 (1824 -2528 -568 ) (1824 -2560 -568 ) (1440 -2560 -568 ) (1440 -2528 -568 ) 
4 137 140 0 (1056 -2496 -568 ) (1824 -2496 -568 ) (1824 -2528 -568 ) (1056 -2528 -568 ) 
4 137 139 0 (1824 -2496 -568 ) (2048 -2496 -568 ) (2048 -2592 -568 ) (1824 -2592 -568 ) 
4 137 138 0 (1024 -2496 -568 ) (1024 -2048 -568 ) (2048 -2048 -568 ) (2048 -2496 -568 ) 
4 138 185 0 (1024 -2496 -568 ) (1024 -2048 -568 ) (1024 -2048 -576 ) (1024 -2496 -576 ) 
4 138 140 0 (1056 -2496 -576 ) (1824 -2496 -576 ) (1824 -2496 -568 ) (1056 -2496 -568 ) 
4 138 139 0 (1824 -2496 -576 ) (2048 -2496 -576 ) (2048 -2496 -568 ) (1824 -2496 -568 ) 
4 139 141 0 (1824 -2528 -576 ) (1824 -2560 -576 ) (1824 -2560 -568 ) (1824 -2528 -568 ) 
4 139 140 0 (1824 -2496 -568 ) (1824 -2496 -576 ) (1824 -2528 -576 ) (1824 -2528 -568 ) 
4 140 141 0 (1440 -2528 -576 ) (1824 -2528 -576 ) (1824 -2528 -568 ) (1440 -2528 -568 ) 
4 142 144 0 (960 1984 64 ) (1024 1984 64 ) (1024 1416 64 ) (960 1416 64 ) 
4 143 148 0 (960 1024 320 ) (704 1024 320 ) (704 1024 64 ) (960 1024 64 ) 
4 143 147 0 (1024 1024 64 ) (1024 1024 320 ) (960 1024 320 ) (960 1024 64 ) 
4 143 144 0 (1024 1024 64 ) (960 1024 64 ) (960 1400 64 ) (1024 1400 64 ) 
4 144 147 0 (1024 1024 56 ) (1024 1024 64 ) (960 1024 64 ) (960 1024 56 ) 
4 144 145 0 (1024 1024 56 ) (960 1024 56 ) (960 1984 56 ) (1024 1984 56 ) 
4 145 149 0 (704 1024 0 ) (960 1024 0 ) (960 1024 56 ) (704 1024 56 ) 
4 145 147 0 (960 1024 0 ) (1024 1024 0 ) (1024 1024 56 ) (960 1024 56 ) 
4 145 146 0 (1024 1024 0 ) (704 1024 0 ) (704 1984 0 ) (1024 1984 0 ) 
4 146 152 0 (1024 1024 -64 ) (1024 1024 0 ) (704 1024 0 ) (704 1024 -64 ) 
4 147 152 0 (960 1024 0 ) (1024 1024 0 ) (1024 832 0 ) (960 832 0 ) 
4 147 149 0 (960 1024 0 ) (960 832 0 ) (960 832 56 ) (960 1024 56 ) 
4 147 148 0 (960 832 64 ) (960 832 320 ) (960 1024 320 ) (960 1024 64 ) 
4 149 152 0 (704 1024 0 ) (960 1024 0 ) (960 832 0 ) (704 832 0 ) 
4 151 189 0 (0 0 8 ) (0 0 320 ) (0 576 320 ) (0 576 8 ) 
4 151 160 0 (0 0 320 ) (0 0 8 ) (240 0 8 ) (240 0 320 ) 
4 151 156 0 (240 0 8 ) (512 0 8 ) (512 0 320 ) (240 0 320 ) 
4 153 155 0 (704 -384 320 ) (704 -384 64 ) (1024 -384 64 ) (1024 -384 320 ) 
4 154 164 0 (1024 -128 0 ) (1024 -384 0 ) (704 -384 0 ) (704 -128 0 ) 
4 154 155 0 (704 -384 56 ) (704 -384 0 ) (1024 -384 0 ) (1024 -384 56 ) 
4 155 164 0 (1024 -384 0 ) (1024 -576 0 ) (704 -576 0 ) (704 -384 0 ) 
4 155 162 0 (704 -576 0 ) (706.285706 -576 0 ) (708 -576 2 ) (704 -576 5.346954 ) 
5 155 161 0 (710.390259 -576 0 ) (1024 -576 0 ) (1024 -576 320 ) (704 -576 320 ) (704 -576 5.346954 ) 
4 156 160 0 (240 -552 8 ) (240 -552 320 ) (240 0 320 ) (240 0 8 ) 
4 156 159 0 (256 -552 8 ) (384 -552 8 ) (384 -552 160 ) (256 -552 160 ) 
4 156 158 0 (240 -552 320 ) (240 -552 176 ) (400 -552 176 ) (400 -552 320 ) 
4 156 157 0 (400 -552 8 ) (512 -552 8 ) (512 -552 320 ) (400 -552 320 ) 
4 157 158 0 (400 -552 320 ) (400 -552 176 ) (400 -576 176 ) (400 -576 320 ) 
4 158 160 0 (240 -576 176 ) (240 -576 320 ) (240 -552 320 ) (240 -552 176 ) 
4 160 190 0 (0 -576 320 ) (0 0 320 ) (0 0 8 ) (0 -576 8 ) 
4 161 167 0 (710.390259 -576 0 ) (1024 -576 0 ) (1024 -704 0 ) (710.390259 -704 0 ) 
4 161 162 0 (707.997437 -704 1.997059 ) (704 -704 5.343750 ) (704 -576 5.343758 ) (707.998352 -576 1.998166 ) 
5 161 163 0 (704 -704 320 ) (704 -704 5.346954 ) (710.390259 -704 0 ) (1024 -704 0 ) (1024 -704 320 ) 
4 162 166 0 (704 -576 0 ) (706.285706 -576 0 ) (706.285706 -704 0 ) (704 -704 0 ) 
4 162 163 0 (704 -704 5.346954 ) (704 -704 0 ) (706.285706 -704 0 ) (708 -704 2 ) 
4 163 171 0 (1024 -704 0 ) (1024 -896 0 ) (704 -896 0 ) (704 -704 0 ) 
4 164 169 0 (960 -576 -576 ) (1024 -576 -576 ) (1024 -576 -568 ) (960 -576 -568 ) 
4 164 170 0 (704 -576 -568 ) (704 -576 -576 ) (832 -576 -576 ) (832 -576 -568 ) 
4 164 168 0 (800.776489 -576 -87.094109 ) (1024 -576 -278.428558 ) (1024 -576 -262.408142 ) (806.499146 -576 -80.417664 ) 
3 164 167 0 (1024 -576 -262.408142 ) (1024 -576 0 ) (710.390259 -576 0 ) 
3 164 166 0 (704 -576 0 ) (704 -576 -2.666636 ) (706.285645 -576 0 ) 
4 164 165 0 (704 -576 -4.142838 ) (704 -576 -568 ) (1024 -576 -568 ) (1024 -576 -278.428558 ) 
4 165 169 0 (1024 -704 -568 ) (960 -704 -568 ) (960 -576 -568 ) (1024 -576 -568 ) 
4 165 170 0 (832 -704 -568 ) (704 -704 -568 ) (704 -576 -568 ) (832 -576 -568 ) 
4 165 168 0 (800.773804 -704 -87.097237 ) (1024 -704 -278.433594 ) (1024 -576 -278.433044 ) (800.774292 -576 -87.096710 ) 
4 165 171 0 (704 -704 -4.142838 ) (704 -704 -568 ) (1024 -704 -568 ) (1024 -704 -278.428558 ) 
3 166 171 0 (704 -704 0 ) (704 -704 -2.666636 ) (706.285645 -704 0 ) 
4 167 168 0 (806.499146 -576 -80.417686 ) (1024 -576 -262.408295 ) (1024 -704 -262.408325 ) (806.499084 -704 -80.417694 ) 
3 167 171 0 (1024 -704 -262.408142 ) (1024 -704 0 ) (710.390259 -704 0 ) 
4 168 171 0 (800.776489 -704 -87.094109 ) (1024 -704 -278.428558 ) (1024 -704 -262.408142 ) (806.499146 -704 -80.417664 ) 
4 169 171 0 (960 -704 -576 ) (1024 -704 -576 ) (1024 -704 -568 ) (960 -704 -568 ) 
4 170 171 0 (704 -704 -568 ) (704 -704 -576 ) (832 -704 -576 ) (832 -704 -568 ) 
4 172 173 0 (704 -1280 64 ) (1024 -1280 64 ) (1024 -1280 320 ) (704 -1280 320 ) 
4 172 174 0 (320 -1280 320 ) (320 -1280 64 ) (640 -1280 64 ) (640 -1280 320 ) 
4 173 175 0 (704 -1408 64 ) (1024 -1408 64 ) (1024 -1408 320 ) (704 -1408 320 ) 
4 174 177 0 (320 -1408 320 ) (320 -1408 64 ) (640 -1408 64 ) (640 -1408 320 ) 
4 175 178 0 (704 -1600 0 ) (704 -1408 0 ) (1024 -1408 0 ) (1024 -1600 0 ) 
4 176 183 0 (704 -2048 0 ) (1024 -2048 0 ) (1024 -2048 320 ) (704 -2048 320 ) 
4 176 179 0 (1024 -2048 0 ) (704 -2048 0 ) (704 -1608 0 ) (1024 -1608 0 ) 
4 177 183 0 (320 -2048 0 ) (640 -2048 0 ) (640 -2048 320 ) (320 -2048 320 ) 
4 177 180 0 (640 -2048 0 ) (320 -2048 0 ) (320 -1408 0 ) (640 -1408 0 ) 
4 179 184 0 (1024 -2048 -568 ) (1024 -2048 0 ) (704 -2048 0 ) (704 -2048 -568 ) 
4 179 181 0 (1024 -2048 -568 ) (704 -2048 -568 ) (704 -1792 -568 ) (1024 -1792 -568 ) 
4 180 184 0 (640 -2048 0 ) (320 -2048 0 ) (320 -2048 -568 ) (640 -2048 -568 ) 
4 180 182 0 (640 -2048 -568 ) (320 -2048 -568 ) (320 -1792 -568 ) (640 -1792 -568 ) 
4 181 185 0 (704 -2048 -576 ) (1024 -2048 -576 ) (1024 -2048 -568 ) (704 -2048 -568 ) 
4 182 186 0 (320 -2048 -576 ) (640 -2048 -576 ) (640 -2048 -568 ) (320 -2048 -568 ) 
4 183 184 0 (320 -2048 0 ) (1024 -2048 0 ) (1024 -2816 0 ) (320 -2816 0 ) 
4 184 186 0 (320 -2048 -568 ) (672 -2048 -568 ) (672 -2464 -568 ) (320 -2464 -568 ) 
4 184 185 0 (672 -2048 -568 ) (1024 -2048 -568 ) (1024 -2496 -568 ) (672 -2496 -568 ) 
4 185 186 0 (672 -2048 -576 ) (672 -2464 -576 ) (672 -2464 -568 ) (672 -2048 -568 ) 
4 187 188 0 (0 1024 0 ) (-520 1024 0 ) (-520 1992 0 ) (0 1992 0 ) 
4 189 190 0 (-512 0 8 ) (0 0 8 ) (0 0 320 ) (-512 0 320 ) 
4 191 193 0 (-520 -2048 968 ) (-520 -2048 0 ) (0 -2048 0 ) (0 -2048 968 ) 
4 191 192 0 (0 -2048 0 ) (-520 -2048 0 ) (-520 -1024 0 ) (0 -1024 0 ) 
4 192 194 0 (-520 -2048 0 ) (-520 -2048 -584 ) (0 -2048 -584 ) (0 -2048 0 ) 
4 193 194 0 (-520 -2048 0 ) (0 -2048 0 ) (0 -2824 0 ) (-520 -2824 0 ) 
4 0 (3072 1984 0 ) (3072 1024 0 ) (3072 1024 56 ) (3072 1984 56 ) 
4 0 (3072 1024 56 ) (3072 1024 64 ) (3072 1984 64 ) (3072 1984 56 ) 
4 0 (3072 1992 64 ) (3072 1992 0 ) (3072 1984 0 ) (3072 1984 64 ) 
4 0 (3072 1984 64 ) (3072 1024 64 ) (3072 1024 320 ) (3072 1984 320 ) 
4 0 (3072 1024 320 ) (3072 1024 968 ) (3072 1984 968 ) (3072 1984 320 ) 
4 0 (3072 1992 968 ) (3072 1992 64 ) (3072 1984 64 ) (3072 1984 968 ) 
4 0 (3072 1024 960 ) (3072 1024 0 ) (3336 1024 0 ) (3336 1024 960 ) 
4 0 (3072 1024 968 ) (3072 1024 960 ) (3336 1024 960 ) (3336 1024 968 ) 
4 0 (3336 1992 0 ) (3336 1992 968 ) (3336 1024 968 ) (3336 1024 0 ) 
4 0 (3336 1992 968 ) (3336 1992 0 ) (3072 1992 0 ) (3072 1992 968 ) 
4 0 (3336 1024 968 ) (3336 1992 968 ) (3072 1992 968 ) (3072 1024 968 ) 
4 1 (3072 1992 0 ) (3072 1992 -584 ) (3072 1024 -584 ) (3072 1024 0 ) 
4 1 (3336 1024 -584 ) (3336 1992 -584 ) (3336 1992 0 ) (3336 1024 0 ) 
4 1 (3336 1992 0 ) (3336 1992 -584 ) (3072 1992 -584 ) (3072 1992 0 ) 
4 1 (3072 1024 -584 ) (3072 1992 -584 ) (3336 1992 -584 ) (3336 1024 -584 ) 
4 2 (3248 192 752 ) (3248 192 960 ) (3072 192 960 ) (3072 192 752 ) 
4 2 (3072 576 752 ) (3072 576 960 ) (3248 576 960 ) (3248 576 752 ) 
4 2 (3248 192 960 ) (3248 576 960 ) (3072 576 960 ) (3072 192 960 ) 
4 2 (3248 192 960 ) (3248 192 752 ) (3248 576 752 ) (3248 576 960 ) 
4 2 (3248 192 752 ) (3072 192 752 ) (3072 576 752 ) (3248 576 752 ) 
4 3 (3072 1024 -584 ) (3072 0 -584 ) (3072 0 0 ) (3072 1024 0 ) 
4 3 (3248 192 0 ) (3248 576 0 ) (3072 576 0 ) (3072 192 0 ) 
4 3 (3248 192 0 ) (3072 192 0 ) (3072 0 0 ) (3248 0 0 ) 
4 3 (3336 576 0 ) (3248 576 0 ) (3248 0 0 ) (3336 0 0 ) 
4 3 (3336 576 0 ) (3336 1024 0 ) (3072 1024 0 ) (3072 576 0 ) 
4 3 (3336 0 -584 ) (3336 1024 -584 ) (3336 1024 0 ) (3336 0 0 ) 
4 3 (3072 0 -584 ) (3072 1024 -584 ) (3336 1024 -584 ) (3336 0 -584 ) 
4 4 (3072 -1024 320 ) (3072 -1024 0 ) (3336 -1024 0 ) (3336 -1024 320 ) 
4 4 (3072 -1024 968 ) (3072 -1024 320 ) (3336 -1024 320 ) (3336 -1024 968 ) 
4 4 (3336 -1024 968 ) (3336 0 968 ) (3072 0 968 ) (3072 -1024 968 ) 
4 4 (3336 0 0 ) (3336 0 968 ) (3336 -1024 968 ) (3336 -1024 0 ) 
4 4 (3336 0 968 ) (3336 0 960 ) (3072 0 960 ) (3072 0 968 ) 
4 4 (3248 0 960 ) (3336 0 960 ) (3336 0 0 ) (3248 0 0 ) 
4 4 (3248 0 960 ) (3248 0 0 ) (3072 0 0 ) (3072 0 960 ) 
4 5 (3072 -1024 0 ) (3072 -1024 -576 ) (3328 -1024 -576 ) (3328 -1024 0 ) 
4 5 (3328 -1024 -576 ) (3336 -1024 -576 ) (3336 -1024 0 ) (3328 -1024 0 ) 
4 5 (3072 -1024 -576 ) (3072 -1024 -584 ) (3336 -1024 -584 ) (3336 -1024 -576 ) 
4 5 (3072 -1024 -584 ) (3072 0 -584 ) (3336 0 -584 ) (3336 -1024 -584 ) 
4 5 (3336 -1024 -584 ) (3336 0 -584 ) (3336 0 0 ) (3336 -1024 0 ) 
4 6 (3328 -1408 320 ) (3328 -1408 64 ) (3328 -1088 64 ) (3328 -1088 320 ) 
4 6 (3328 -1408 320 ) (3328 -1088 320 ) (3072 -1088 320 ) (3072 -1408 320 ) 
4 6 (3072 -1088 64 ) (3072 -1088 320 ) (3328 -1088 320 ) (3328 -1088 64 ) 
4 6 (3328 -1408 64 ) (3072 -1408 64 ) (3072 -1088 64 ) (3328 -1088 64 ) 
4 7 (3072 -1600 0 ) (3136 -1600 0 ) (3136 -1600 320 ) (3072 -1600 320 ) 
4 7 (3184 -1600 0 ) (3328 -1600 0 ) (3328 -1600 320 ) (3184 -1600 320 ) 
4 7 (3072 -1408 64 ) (3328 -1408 64 ) (3328 -1408 0 ) (3072 -1408 0 ) 
4 7 (3328 -1600 320 ) (3328 -1408 320 ) (3072 -1408 320 ) (3072 -1600 320 ) 
4 7 (3328 -1408 320 ) (3328 -1600 320 ) (3328 -1600 0 ) (3328 -1408 0 ) 
4 8 (3184 -1608 320 ) (3184 -1608 0 ) (3184 -1600 0 ) (3184 -1600 320 ) 
4 8 (3136 -1608 320 ) (3184 -1608 320 ) (3184 -1600 320 ) (3136 -1600 320 ) 
4 8 (3136 -1600 320 ) (3136 -1600 0 ) (3136 -1608 0 ) (3136 -1608 320 ) 
4 9 (3072 -1608 320 ) (3136 -1608 320 ) (3136 -1608 0 ) (3072 -1608 0 ) 
4 9 (3184 -1608 320 ) (3328 -1608 320 ) (3328 -1608 0 ) (3184 -1608 0 ) 
4 9 (3328 -1608 320 ) (3072 -1608 320 ) (3072 -2048 320 ) (3328 -2048 320 ) 
4 9 (3328 -1608 320 ) (3328 -2048 320 ) (3328 -2048 0 ) (3328 -1608 0 ) 
4 10 (3328 -1600 -568 ) (3328 -1600 0 ) (3184 -1600 0 ) (3184 -1600 -568 ) 
4 10 (3136 -1600 0 ) (3072 -1600 0 ) (3072 -1600 -568 ) (3136 -1600 -568 ) 
4 10 (3328 -1408 -568 ) (3328 -1408 0 ) (3328 -1600 0 ) (3328 -1600 -568 ) 
4 10 (3072 -1408 -568 ) (3072 -1408 0 ) (3328 -1408 0 ) (3328 -1408 -568 ) 
4 10 (3328 -1600 -568 ) (3072 -1600 -568 ) (3072 -1408 -568 ) (3328 -1408 -568 ) 
4 11 (3136 -1600 0 ) (3136 -1600 -568 ) (3136 -1608 -568 ) (3136 -1608 0 ) 
4 11 (3184 -1608 -568 ) (3136 -1608 -568 ) (3136 -1600 -568 ) (3184 -1600 -568 ) 
4 11 (3184 -1608 0 ) (3184 -1608 -568 ) (3184 -1600 -568 ) (3184 -1600 0 ) 
4 12 (3072 -1608 -568 ) (3328 -1608 -568 ) (3328 -1792 -568 ) (3072 -1792 -568 ) 
4 12 (3328 -1608 -568 ) (3328 -1608 0 ) (3328 -2048 0 ) (3328 -2048 -568 ) 
4 12 (3136 -1608 -568 ) (3072 -1608 -568 ) (3072 -1608 0 ) (3136 -1608 0 ) 
4 12 (3184 -1608 -568 ) (3184 -1608 0 ) (3328 -1608 0 ) (3328 -1608 -568 ) 
4 13 (3328 -1792 -568 ) (3328 -2048 -568 ) (3328 -2048 -576 ) (3328 -1792 -576 ) 
4 13 (3328 -2048 -576 ) (3072 -2048 -576 ) (3072 -1792 -576 ) (3328 -1792 -576 ) 
4 13 (3072 -1792 -568 ) (3328 -1792 -568 ) (3328 -1792 -576 ) (3072 -1792 -576 ) 
4 14 (3072 -2816 320 ) (3072 -2816 0 ) (3328 -2816 0 ) (3328 -2816 320 ) 
4 14 (3328 -2816 320 ) (3328 -2816 0 ) (3328 -2048 0 ) (3328 -2048 320 ) 
4 14 (3328 -2048 320 ) (3072 -2048 320 ) (3072 -2816 320 ) (3328 -2816 320 ) 
4 15 (3072 -2816 -568 ) (3072 -2688 -568 ) (3328 -2688 -568 ) (3328 -2816 -568 ) 
4 15 (3328 -2816 -568 ) (3328 -2048 -568 ) (3328 -2048 0 ) (3328 -2816 0 ) 
4 15 (3072 -2816 -568 ) (3328 -2816 -568 ) (3328 -2816 0 ) (3072 -2816 0 ) 
4 16 (3328 -2688 -576 ) (3328 -2688 -568 ) (3072 -2688 -568 ) (3072 -2688 -576 ) 
4 16 (3328 -2688 -568 ) (3328 -2688 -576 ) (3328 -2048 -576 ) (3328 -2048 -568 ) 
4 16 (3328 -2688 -576 ) (3072 -2688 -576 ) (3072 -2048 -576 ) (3328 -2048 -576 ) 
4 17 (2944 1024 64 ) (2624 1024 64 ) (2624 1984 64 ) (2944 1984 64 ) 
4 17 (2560 1400 320 ) (2560 1416 320 ) (2560 1416 64 ) (2560 1400 64 ) 
4 17 (2560 1984 320 ) (2944 1984 320 ) (2944 1984 64 ) (2560 1984 64 ) 
4 17 (2944 1984 320 ) (2560 1984 320 ) (2560 1024 320 ) (2944 1024 320 ) 
4 17 (2944 1024 64 ) (2944 1984 64 ) (2944 1984 320 ) (2944 1024 320 ) 
4 18 (2368 1536 64 ) (2240 1536 64 ) (2240 1856 64 ) (2368 1856 64 ) 
4 18 (2560 1416 320 ) (2560 1984 320 ) (2048 1984 320 ) (2048 1416 320 ) 
4 18 (2560 1984 320 ) (2560 1984 64 ) (2048 1984 64 ) (2048 1984 320 ) 
4 18 (2048 1416 64 ) (2560 1416 64 ) (2560 1416 320 ) (2048 1416 320 ) 
4 19 (2272 1024 64 ) (2144 1024 64 ) (2144 1280 64 ) (2272 1280 64 ) 
4 19 (2048 1400 320 ) (2560 1400 320 ) (2560 1400 64 ) (2048 1400 64 ) 
4 19 (2560 1400 320 ) (2048 1400 320 ) (2048 1024 320 ) (2560 1024 320 ) 
4 20 (2240 1856 56 ) (2368 1856 56 ) (2368 1856 64 ) (2240 1856 64 ) 
4 20 (2624 1856 64 ) (2624 1856 56 ) (2624 1984 56 ) (2624 1984 64 ) 
4 20 (2624 1984 56 ) (2144 1984 56 ) (2144 1984 64 ) (2624 1984 64 ) 
4 21 (2624 1856 64 ) (2624 1536 64 ) (2624 1536 56 ) (2624 1856 56 ) 
4 21 (2368 1856 64 ) (2368 1856 56 ) (2368 1536 56 ) (2368 1536 64 ) 
4 22 (2240 1536 64 ) (2240 1536 56 ) (2240 1856 56 ) (2240 1856 64 ) 
4 23 (2144 1280 64 ) (2144 1280 56 ) (2272 1280 56 ) (2272 1280 64 ) 
4 23 (2240 1536 64 ) (2368 1536 64 ) (2368 1536 56 ) (2240 1536 56 ) 
4 23 (2624 1536 64 ) (2624 1280 64 ) (2624 1280 56 ) (2624 1536 56 ) 
4 23 (2144 1400 64 ) (2560 1400 64 ) (2560 1416 64 ) (2144 1416 64 ) 
4 24 (2624 1280 64 ) (2624 1024 64 ) (2624 1024 56 ) (2624 1280 56 ) 
4 24 (2272 1280 64 ) (2272 1280 56 ) (2272 1024 56 ) (2272 1024 64 ) 
4 25 (2144 1280 64 ) (2144 1024 64 ) (2144 1024 56 ) (2144 1280 56 ) 
4 25 (2144 1984 56 ) (2048 1984 56 ) (2048 1984 64 ) (2144 1984 64 ) 
4 25 (2144 1400 64 ) (2144 1416 64 ) (2048 1416 64 ) (2048 1400 64 ) 
4 26 (2048 1984 56 ) (2944 1984 56 ) (2944 1984 0 ) (2048 1984 0 ) 
4 26 (2944 1984 56 ) (2624 1984 56 ) (2624 1024 56 ) (2944 1024 56 ) 
4 26 (2240 1536 56 ) (2368 1536 56 ) (2368 1856 56 ) (2240 1856 56 ) 
4 26 (2272 1280 56 ) (2144 1280 56 ) (2144 1024 56 ) (2272 1024 56 ) 
4 26 (2944 1024 0 ) (2944 1984 0 ) (2944 1984 56 ) (2944 1024 56 ) 
4 27 (2944 1984 -64 ) (2944 1024 -64 ) (2048 1024 -64 ) (2048 1984 -64 ) 
4 27 (2944 1984 -64 ) (2944 1984 0 ) (2944 1024 0 ) (2944 1024 -64 ) 
4 27 (2048 1984 0 ) (2944 1984 0 ) (2944 1984 -64 ) (2048 1984 -64 ) 
4 28 (3072 192 752 ) (3008 192 752 ) (3008 576 752 ) (3072 576 752 ) 
4 28 (3072 192 752 ) (3072 192 960 ) (2944 192 960 ) (2944 192 752 ) 
4 28 (3072 192 960 ) (3072 576 960 ) (2944 576 960 ) (2944 192 960 ) 
4 28 (3072 576 960 ) (3072 576 752 ) (2944 576 752 ) (2944 576 960 ) 
4 29 (3008 320 536 ) (3008 320 608 ) (2944 320 608 ) (2944 320 536 ) 
4 29 (3008 320 536 ) (2944 320 536 ) (2944 384 536 ) (3008 384 536 ) 
4 29 (3008 320 536 ) (3008 576 536 ) (3008 576 752 ) (3008 320 752 ) 
4 29 (3008 576 752 ) (3008 576 536 ) (2944 576 536 ) (2944 576 752 ) 
4 30 (2944 384 464 ) (2944 448 464 ) (3008 448 464 ) (3008 384 464 ) 
4 30 (3008 576 536 ) (3008 576 464 ) (2944 576 464 ) (2944 576 536 ) 
4 30 (3008 384 536 ) (3008 384 464 ) (3008 576 464 ) (3008 576 536 ) 
4 30 (2944 384 464 ) (3008 384 464 ) (3008 384 536 ) (2944 384 536 ) 
4 31 (3008 256 608 ) (3008 256 680 ) (2944 256 680 ) (2944 256 608 ) 
4 31 (3008 256 608 ) (3008 320 608 ) (3008 320 752 ) (3008 256 752 ) 
4 31 (3008 256 608 ) (2944 256 608 ) (2944 320 608 ) (3008 320 608 ) 
4 32 (3008 512 392 ) (3008 448 392 ) (2944 448 392 ) (2944 512 392 ) 
4 32 (3008 576 464 ) (3008 576 392 ) (2944 576 392 ) (2944 576 464 ) 
4 32 (3008 448 464 ) (3008 448 392 ) (3008 576 392 ) (3008 576 464 ) 
4 32 (2944 448 392 ) (3008 448 392 ) (3008 448 464 ) (2944 448 464 ) 
4 33 (3008 256 680 ) (3008 256 752 ) (3008 192 752 ) (3008 192 680 ) 
4 33 (3008 192 680 ) (3008 192 752 ) (2944 192 752 ) (2944 192 680 ) 
4 33 (2944 256 680 ) (3008 256 680 ) (3008 192 680 ) (2944 192 680 ) 
4 34 (2944 512 320 ) (2944 576 320 ) (3008 576 320 ) (3008 512 320 ) 
4 34 (3008 576 392 ) (3008 576 320 ) (2944 576 320 ) (2944 576 392 ) 
4 34 (3008 576 392 ) (3008 512 392 ) (3008 512 320 ) (3008 576 320 ) 
4 34 (2944 512 320 ) (3008 512 320 ) (3008 512 392 ) (2944 512 392 ) 
4 35 (2944 576 320 ) (2624 576 320 ) (2624 576 960 ) (2944 576 960 ) 
4 35 (2624 576 320 ) (2624 192 320 ) (2624 192 960 ) (2624 576 960 ) 
4 35 (2944 512 392 ) (2944 192 392 ) (2944 192 320 ) (2944 512 320 ) 
4 35 (2944 256 680 ) (2944 192 680 ) (2944 192 392 ) (2944 256 392 ) 
4 35 (2944 448 464 ) (2944 256 464 ) (2944 256 392 ) (2944 448 392 ) 
4 35 (2944 320 608 ) (2944 256 608 ) (2944 256 464 ) (2944 320 464 ) 
4 35 (2944 384 536 ) (2944 320 536 ) (2944 320 464 ) (2944 384 464 ) 
4 35 (2944 192 960 ) (2944 576 960 ) (2624 576 960 ) (2624 192 960 ) 
4 35 (2944 192 960 ) (2624 192 960 ) (2624 192 320 ) (2944 192 320 ) 
4 36 (2144 1024 64 ) (2272 1024 64 ) (2272 960 64 ) (2144 960 64 ) 
4 36 (2624 1024 64 ) (2944 1024 64 ) (2944 832 64 ) (2624 832 64 ) 
4 36 (2944 832 320 ) (2944 832 64 ) (2944 1024 64 ) (2944 1024 320 ) 
4 36 (2048 832 320 ) (2624 832 320 ) (2624 1024 320 ) (2048 1024 320 ) 
4 36 (2624 832 320 ) (2944 832 320 ) (2944 1024 320 ) (2624 1024 320 ) 
4 36 (2048 832 64 ) (2944 832 64 ) (2944 832 320 ) (2048 832 320 ) 
4 37 (2944 576 64 ) (2944 192 64 ) (2048 192 64 ) (2048 576 64 ) 
4 37 (2048 192 64 ) (2752 192 64 ) (2752 192 320 ) (2048 192 320 ) 
4 37 (2944 192 64 ) (2944 576 64 ) (2944 576 320 ) (2944 192 320 ) 
4 37 (2048 576 320 ) (2048 192 320 ) (2624 192 320 ) (2624 576 320 ) 
4 37 (2048 576 320 ) (2944 576 320 ) (2944 576 64 ) (2048 576 64 ) 
4 38 (2944 192 64 ) (2944 152 64 ) (2752 152 64 ) (2752 192 64 ) 
4 38 (2768 152 64 ) (2784 152 64 ) (2784 152 320 ) (2768 152 320 ) 
4 38 (2912 152 304 ) (2912 152 320 ) (2784 152 320 ) (2784 152 304 ) 
4 38 (2784 152 64 ) (2912 152 64 ) (2912 152 80 ) (2784 152 80 ) 
4 38 (2912 152 64 ) (2928 152 64 ) (2928 152 320 ) (2912 152 320 ) 
4 38 (2752 192 320 ) (2752 152 320 ) (2944 152 320 ) (2944 192 320 ) 
4 38 (2944 152 64 ) (2944 192 64 ) (2944 192 320 ) (2944 152 320 ) 
4 38 (2752 192 320 ) (2752 192 64 ) (2752 152 64 ) (2752 152 320 ) 
4 39 (2944 152 64 ) (2944 128 64 ) (2928 128 64 ) (2928 152 64 ) 
4 39 (2928 128 64 ) (2944 128 64 ) (2944 128 320 ) (2928 128 320 ) 
4 39 (2944 128 64 ) (2944 152 64 ) (2944 152 320 ) (2944 128 320 ) 
4 39 (2928 152 320 ) (2928 128 320 ) (2944 128 320 ) (2944 152 320 ) 
4 39 (2928 152 320 ) (2928 152 64 ) (2928 128 64 ) (2928 128 320 ) 
4 40 (2784 152 304 ) (2784 152 80 ) (2784 128 80 ) (2784 128 304 ) 
4 40 (2784 128 80 ) (2784 152 80 ) (2912 152 80 ) (2912 128 80 ) 
4 40 (2912 128 80 ) (2912 128 304 ) (2784 128 304 ) (2784 128 80 ) 
4 40 (2912 128 304 ) (2912 128 80 ) (2912 152 80 ) (2912 152 304 ) 
4 40 (2912 128 304 ) (2912 152 304 ) (2784 152 304 ) (2784 128 304 ) 
4 41 (2768 128 64 ) (2752 128 64 ) (2752 152 64 ) (2768 152 64 ) 
4 41 (2752 152 320 ) (2752 152 64 ) (2752 128 64 ) (2752 128 320 ) 
4 41 (2768 152 320 ) (2752 152 320 ) (2752 128 320 ) (2768 128 320 ) 
4 41 (2752 128 64 ) (2768 128 64 ) (2768 128 320 ) (2752 128 320 ) 
4 41 (2768 128 320 ) (2768 128 64 ) (2768 152 64 ) (2768 152 320 ) 
4 42 (2272 1024 56 ) (2272 960 56 ) (2272 960 64 ) (2272 1024 64 ) 
4 42 (2624 1024 64 ) (2624 832 64 ) (2624 832 56 ) (2624 1024 56 ) 
4 42 (2272 832 56 ) (2624 832 56 ) (2624 832 64 ) (2272 832 64 ) 
4 43 (2144 832 56 ) (2272 832 56 ) (2272 832 64 ) (2144 832 64 ) 
4 43 (2272 960 64 ) (2272 960 56 ) (2144 960 56 ) (2144 960 64 ) 
4 44 (2144 1024 64 ) (2144 960 64 ) (2144 960 56 ) (2144 1024 56 ) 
4 44 (2048 832 56 ) (2144 832 56 ) (2144 832 64 ) (2048 832 64 ) 
4 45 (2944 832 56 ) (2944 832 0 ) (2944 1024 0 ) (2944 1024 56 ) 
4 45 (2624 832 56 ) (2944 832 56 ) (2944 1024 56 ) (2624 1024 56 ) 
4 45 (2144 960 56 ) (2272 960 56 ) (2272 1024 56 ) (2144 1024 56 ) 
4 45 (2048 832 0 ) (2944 832 0 ) (2944 832 56 ) (2048 832 56 ) 
4 46 (2048 1024 -64 ) (2944 1024 -64 ) (2944 832 -64 ) (2048 832 -64 ) 
4 46 (2944 832 -64 ) (2944 1024 -64 ) (2944 1024 0 ) (2944 832 0 ) 
4 46 (2048 832 -64 ) (2944 832 -64 ) (2944 832 0 ) (2048 832 0 ) 
4 47 (2048 -384 0 ) (2048 -896 0 ) (2048 -896 320 ) (2048 -384 320 ) 
4 47 (2048 -128 320 ) (2048 -128 0 ) (2048 -384 0 ) (2048 -384 320 ) 
4 47 (2048 -896 968 ) (2048 -128 968 ) (2048 -128 320 ) (2048 -896 320 ) 
4 47 (2048 -128 968 ) (2048 0 968 ) (2048 0 0 ) (2048 -128 0 ) 
4 47 (2048 -1024 0 ) (2048 -1024 968 ) (2048 -896 968 ) (2048 -896 0 ) 
4 47 (2048 -1024 320 ) (2048 -1024 64 ) (3072 -1024 64 ) (3072 -1024 320 ) 
4 47 (2048 -1024 64 ) (2048 -1024 0 ) (3072 -1024 0 ) (3072 -1024 64 ) 
4 47 (2048 -1024 968 ) (2048 -1024 320 ) (3072 -1024 320 ) (3072 -1024 968 ) 
4 47 (3072 -1024 968 ) (3072 0 968 ) (2048 0 968 ) (2048 -1024 968 ) 
4 47 (2944 0 960 ) (2944 0 968 ) (3072 0 968 ) (3072 0 960 ) 
4 47 (2944 0 320 ) (3072 0 320 ) (3072 0 0 ) (2944 0 0 ) 
4 47 (2944 0 320 ) (2944 0 960 ) (3072 0 960 ) (3072 0 320 ) 
4 47 (2624 0 968 ) (2624 0 320 ) (2048 0 320 ) (2048 0 968 ) 
4 47 (2624 0 960 ) (2624 0 968 ) (2944 0 968 ) (2944 0 960 ) 
4 47 (2624 0 960 ) (2944 0 960 ) (2944 0 320 ) (2624 0 320 ) 
4 47 (2944 0 320 ) (2944 0 64 ) (2048 0 64 ) (2048 0 320 ) 
4 47 (2944 0 64 ) (2944 0 56 ) (2048 0 56 ) (2048 0 64 ) 
4 47 (2944 0 56 ) (2944 0 0 ) (2048 0 0 ) (2048 0 56 ) 
4 48 (2048 0 -584 ) (2048 -896 -584 ) (2048 -896 0 ) (2048 0 0 ) 
4 48 (2048 -896 -584 ) (2048 -1024 -584 ) (2048 -1024 0 ) (2048 -896 0 ) 
4 48 (2048 -1024 0 ) (2048 -1024 -576 ) (3072 -1024 -576 ) (3072 -1024 0 ) 
4 48 (2048 -1024 -576 ) (2048 -1024 -584 ) (3072 -1024 -584 ) (3072 -1024 -576 ) 
4 48 (2048 -1024 -584 ) (2048 0 -584 ) (3072 0 -584 ) (3072 -1024 -584 ) 
4 48 (2944 0 0 ) (3072 0 0 ) (3072 0 -584 ) (2944 0 -584 ) 
4 48 (2944 0 -64 ) (2944 0 -584 ) (2048 0 -584 ) (2048 0 -64 ) 
4 48 (2944 0 0 ) (2944 0 -64 ) (2048 0 -64 ) (2048 0 0 ) 
4 49 (2240 -1280 320 ) (2176 -1280 320 ) (2176 -1280 64 ) (2240 -1280 64 ) 
4 49 (2624 -1280 320 ) (2560 -1280 320 ) (2560 -1280 64 ) (2624 -1280 64 ) 
4 49 (3008 -1280 320 ) (2944 -1280 320 ) (2944 -1280 64 ) (3008 -1280 64 ) 
4 49 (3072 -1280 64 ) (2048 -1280 64 ) (2048 -1088 64 ) (3072 -1088 64 ) 
4 49 (3072 -1280 320 ) (3072 -1088 320 ) (2048 -1088 320 ) (2048 -1280 320 ) 
4 49 (2048 -1088 320 ) (3072 -1088 320 ) (3072 -1088 64 ) (2048 -1088 64 ) 
4 50 (3008 -1408 320 ) (3072 -1408 320 ) (3072 -1280 320 ) (3008 -1280 320 ) 
4 50 (3072 -1408 64 ) (3008 -1408 64 ) (3008 -1280 64 ) (3072 -1280 64 ) 
4 50 (3008 -1280 320 ) (3008 -1280 64 ) (3008 -1408 64 ) (3008 -1408 320 ) 
4 51 (2624 -1408 320 ) (2944 -1408 320 ) (2944 -1280 320 ) (2624 -1280 320 ) 
4 51 (2944 -1408 64 ) (2624 -1408 64 ) (2624 -1280 64 ) (2944 -1280 64 ) 
4 51 (2944 -1408 320 ) (2944 -1408 64 ) (2944 -1280 64 ) (2944 -1280 320 ) 
4 51 (2624 -1280 320 ) (2624 -1280 64 ) (2624 -1408 64 ) (2624 -1408 320 ) 
4 52 (2240 -1280 320 ) (2240 -1280 64 ) (2240 -1408 64 ) (2240 -1408 320 ) 
4 52 (2560 -1408 320 ) (2560 -1408 64 ) (2560 -1280 64 ) (2560 -1280 320 ) 
4 52 (2560 -1408 64 ) (2240 -1408 64 ) (2240 -1280 64 ) (2560 -1280 64 ) 
4 52 (2240 -1408 320 ) (2560 -1408 320 ) (2560 -1280 320 ) (2240 -1280 320 ) 
4 53 (2176 -1408 64 ) (2048 -1408 64 ) (2048 -1280 64 ) (2176 -1280 64 ) 
4 53 (2176 -1408 320 ) (2176 -1280 320 ) (2048 -1280 320 ) (2048 -1408 320 ) 
4 53 (2176 -1408 320 ) (2176 -1408 64 ) (2176 -1280 64 ) (2176 -1280 320 ) 
4 54 (3008 -1600 0 ) (3072 -1600 0 ) (3072 -1600 320 ) (3008 -1600 320 ) 
4 54 (3008 -1408 320 ) (3008 -1408 0 ) (3008 -1600 0 ) (3008 -1600 320 ) 
4 54 (3008 -1600 320 ) (3072 -1600 320 ) (3072 -1408 320 ) (3008 -1408 320 ) 
4 54 (3008 -1408 64 ) (3072 -1408 64 ) (3072 -1408 0 ) (3008 -1408 0 ) 
4 55 (2624 -1408 320 ) (2624 -1408 0 ) (2624 -1600 0 ) (2624 -1600 320 ) 
4 55 (2800 -1600 0 ) (2944 -1600 0 ) (2944 -1600 320 ) (2800 -1600 320 ) 
4 55 (2624 -1600 320 ) (2624 -1600 0 ) (2752 -1600 0 ) (2752 -1600 320 ) 
4 55 (2624 -1408 64 ) (2944 -1408 64 ) (2944 -1408 0 ) (2624 -1408 0 ) 
4 55 (2624 -1600 320 ) (2944 -1600 320 ) (2944 -1408 320 ) (2624 -1408 320 ) 
4 55 (2944 -1600 320 ) (2944 -1600 0 ) (2944 -1408 0 ) (2944 -1408 320 ) 
4 56 (2800 -1600 320 ) (2752 -1600 320 ) (2752 -1608 320 ) (2800 -1608 320 ) 
4 56 (2752 -1600 320 ) (2752 -1600 0 ) (2752 -1608 0 ) (2752 -1608 320 ) 
4 56 (2800 -1608 320 ) (2800 -1608 0 ) (2800 -1600 0 ) (2800 -1600 320 ) 
4 57 (2416 -1600 320 ) (2560 -1600 320 ) (2560 -1408 320 ) (2416 -1408 320 ) 
4 57 (2416 -1408 64 ) (2560 -1408 64 ) (2560 -1408 0 ) (2416 -1408 0 ) 
4 57 (2560 -1600 320 ) (2560 -1600 0 ) (2560 -1408 0 ) (2560 -1408 320 ) 
4 57 (2416 -1600 320 ) (2416 -1600 0 ) (2560 -1600 0 ) (2560 -1600 320 ) 
4 58 (2368 -1600 0 ) (2368 -1608 0 ) (2368 -1608 320 ) (2368 -1600 320 ) 
4 58 (2416 -1600 320 ) (2416 -1608 320 ) (2416 -1608 0 ) (2416 -1600 0 ) 
4 58 (2368 -1408 64 ) (2416 -1408 64 ) (2416 -1408 0 ) (2368 -1408 0 ) 
4 58 (2368 -1608 320 ) (2416 -1608 320 ) (2416 -1408 320 ) (2368 -1408 320 ) 
4 59 (2240 -1408 320 ) (2240 -1408 0 ) (2240 -1600 0 ) (2240 -1600 320 ) 
4 59 (2368 -1600 320 ) (2368 -1408 320 ) (2240 -1408 320 ) (2240 -1600 320 ) 
4 59 (2240 -1408 64 ) (2368 -1408 64 ) (2368 -1408 0 ) (2240 -1408 0 ) 
4 59 (2240 -1600 320 ) (2240 -1600 0 ) (2368 -1600 0 ) (2368 -1600 320 ) 
4 60 (3072 -1608 320 ) (3008 -1608 320 ) (3008 -2048 320 ) (3072 -2048 320 ) 
4 60 (3008 -1608 320 ) (3072 -1608 320 ) (3072 -1608 0 ) (3008 -1608 0 ) 
4 60 (3008 -1608 320 ) (3008 -1608 0 ) (3008 -2048 0 ) (3008 -2048 320 ) 
4 61 (2624 -1608 320 ) (2624 -1608 0 ) (2624 -2048 0 ) (2624 -2048 320 ) 
4 61 (2944 -2048 320 ) (2944 -2048 0 ) (2944 -1608 0 ) (2944 -1608 320 ) 
4 61 (2800 -1608 320 ) (2944 -1608 320 ) (2944 -1608 0 ) (2800 -1608 0 ) 
4 61 (2624 -1608 320 ) (2752 -1608 320 ) (2752 -1608 0 ) (2624 -1608 0 ) 
4 61 (2944 -1608 320 ) (2624 -1608 320 ) (2624 -2048 320 ) (2944 -2048 320 ) 
4 62 (2240 -1608 0 ) (2240 -2048 0 ) (2240 -2048 320 ) (2240 -1608 320 ) 
4 62 (2368 -1608 320 ) (2368 -1608 0 ) (2240 -1608 0 ) (2240 -1608 320 ) 
4 62 (2416 -1608 320 ) (2560 -1608 320 ) (2560 -1608 0 ) (2416 -1608 0 ) 
4 62 (2560 -1608 320 ) (2240 -1608 320 ) (2240 -2048 320 ) (2560 -2048 320 ) 
4 62 (2560 -2048 320 ) (2560 -2048 0 ) (2560 -1608 0 ) (2560 -1608 320 ) 
4 63 (2048 -1600 0 ) (2176 -1600 0 ) (2176 -1600 320 ) (2048 -1600 320 ) 
4 63 (2176 -1600 320 ) (2176 -1600 0 ) (2176 -1408 0 ) (2176 -1408 320 ) 
4 63 (2176 -1600 320 ) (2176 -1408 320 ) (2048 -1408 320 ) (2048 -1600 320 ) 
4 63 (2048 -1408 64 ) (2176 -1408 64 ) (2176 -1408 0 ) (2048 -1408 0 ) 
4 64 (2176 -1608 320 ) (2048 -1608 320 ) (2048 -2048 320 ) (2176 -2048 320 ) 
4 64 (2176 -1608 320 ) (2176 -2048 320 ) (2176 -2048 0 ) (2176 -1608 0 ) 
4 64 (2048 -1608 320 ) (2176 -1608 320 ) (2176 -1608 0 ) (2048 -1608 0 ) 
4 65 (3072 -1600 -568 ) (3072 -1600 0 ) (3008 -1600 0 ) (3008 -1600 -568 ) 
4 65 (3072 -1600 -568 ) (3008 -1600 -568 ) (3008 -1408 -568 ) (3072 -1408 -568 ) 
4 65 (3008 -1408 -568 ) (3008 -1408 0 ) (3072 -1408 0 ) (3072 -1408 -568 ) 
4 65 (3008 -1408 0 ) (3008 -1408 -568 ) (3008 -1600 -568 ) (3008 -1600 0 ) 
4 66 (2752 -1600 0 ) (2624 -1600 0 ) (2624 -1600 -568 ) (2752 -1600 -568 ) 
4 66 (2944 -1600 -568 ) (2944 -1600 0 ) (2800 -1600 0 ) (2800 -1600 -568 ) 
4 66 (2624 -1408 0 ) (2624 -1408 -568 ) (2624 -1600 -568 ) (2624 -1600 0 ) 
4 66 (2624 -1408 -568 ) (2624 -1408 0 ) (2944 -1408 0 ) (2944 -1408 -568 ) 
4 66 (2944 -1600 0 ) (2944 -1600 -568 ) (2944 -1408 -568 ) (2944 -1408 0 ) 
4 66 (2624 -1600 -568 ) (2624 -1408 -568 ) (2944 -1408 -568 ) (2944 -1600 -568 ) 
4 67 (2240 -1408 0 ) (2240 -1408 -568 ) (2240 -1600 -568 ) (2240 -1600 0 ) 
4 67 (2240 -1600 0 ) (2240 -1600 -568 ) (2368 -1600 -568 ) (2368 -1600 0 ) 
4 67 (2416 -1600 -568 ) (2560 -1600 -568 ) (2560 -1600 0 ) (2416 -1600 0 ) 
4 67 (2240 -1408 -568 ) (2240 -1408 0 ) (2560 -1408 0 ) (2560 -1408 -568 ) 
4 67 (2560 -1600 0 ) (2560 -1600 -568 ) (2560 -1408 -568 ) (2560 -1408 0 ) 
4 67 (2560 -1408 -568 ) (2560 -1600 -568 ) (2240 -1600 -568 ) (2240 -1408 -568 ) 
4 68 (2752 -1600 0 ) (2752 -1600 -568 ) (2752 -1608 -568 ) (2752 -1608 0 ) 
4 68 (2800 -1608 0 ) (2800 -1608 -568 ) (2800 -1600 -568 ) (2800 -1600 0 ) 
4 68 (2752 -1608 -568 ) (2752 -1600 -568 ) (2800 -1600 -568 ) (2800 -1608 -568 ) 
4 69 (2368 -1600 0 ) (2368 -1600 -568 ) (2368 -1608 -568 ) (2368 -1608 0 ) 
4 69 (2368 -1608 -568 ) (2368 -1600 -568 ) (2416 -1600 -568 ) (2416 -1608 -568 ) 
4 69 (2416 -1608 0 ) (2416 -1608 -568 ) (2416 -1600 -568 ) (2416 -1600 0 ) 
4 70 (2048 -1408 -568 ) (2176 -1408 -568 ) (2176 -1600 -568 ) (2048 -1600 -568 ) 
4 70 (2176 -1600 0 ) (2176 -1600 -568 ) (2176 -1408 -568 ) (2176 -1408 0 ) 
4 70 (2048 -1408 -568 ) (2048 -1408 0 ) (2176 -1408 0 ) (2176 -1408 -568 ) 
4 70 (2048 -1600 -568 ) (2176 -1600 -568 ) (2176 -1600 0 ) (2048 -1600 0 ) 
4 71 (3008 -1792 -568 ) (3008 -1608 -568 ) (3072 -1608 -568 ) (3072 -1792 -568 ) 
4 71 (3008 -1608 -568 ) (3008 -1608 0 ) (3072 -1608 0 ) (3072 -1608 -568 ) 
4 71 (3008 -1608 0 ) (3008 -1608 -568 ) (3008 -2048 -568 ) (3008 -2048 0 ) 
4 72 (3008 -2048 -568 ) (3008 -1792 -568 ) (3008 -1792 -576 ) (3008 -2048 -576 ) 
4 72 (3072 -2048 -576 ) (3008 -2048 -576 ) (3008 -1792 -576 ) (3072 -1792 -576 ) 
4 72 (3072 -1792 -568 ) (3072 -1792 -576 ) (3008 -1792 -576 ) (3008 -1792 -568 ) 
4 73 (2624 -1608 -568 ) (2944 -1608 -568 ) (2944 -1792 -568 ) (2624 -1792 -568 ) 
4 73 (2944 -1608 -568 ) (2800 -1608 -568 ) (2800 -1608 0 ) (2944 -1608 0 ) 
4 73 (2624 -1608 -568 ) (2624 -1608 0 ) (2752 -1608 0 ) (2752 -1608 -568 ) 
4 73 (2944 -2048 0 ) (2944 -2048 -568 ) (2944 -1608 -568 ) (2944 -1608 0 ) 
4 73 (2624 -1608 0 ) (2624 -1608 -568 ) (2624 -2048 -568 ) (2624 -2048 0 ) 
4 74 (2240 -1792 -568 ) (2240 -2048 -568 ) (2240 -2048 0 ) (2240 -1792 0 ) 
4 74 (2240 -1608 0 ) (2240 -1608 -568 ) (2240 -1792 -568 ) (2240 -1792 0 ) 
4 74 (2240 -1792 -568 ) (2240 -1608 -568 ) (2560 -1608 -568 ) (2560 -1792 -568 ) 
4 74 (2560 -2048 0 ) (2560 -2048 -568 ) (2560 -1608 -568 ) (2560 -1608 0 ) 
4 74 (2240 -1608 -568 ) (2240 -1608 0 ) (2368 -1608 0 ) (2368 -1608 -568 ) 
4 74 (2560 -1608 -568 ) (2416 -1608 -568 ) (2416 -1608 0 ) (2560 -1608 0 ) 
4 75 (2944 -1792 -568 ) (2944 -2048 -568 ) (2944 -2048 -576 ) (2944 -1792 -576 ) 
4 75 (2944 -2048 -576 ) (2624 -2048 -576 ) (2624 -1792 -576 ) (2944 -1792 -576 ) 
4 75 (2624 -1792 -568 ) (2944 -1792 -568 ) (2944 -1792 -576 ) (2624 -1792 -576 ) 
4 75 (2624 -1792 -568 ) (2624 -1792 -576 ) (2624 -2048 -576 ) (2624 -2048 -568 ) 
4 76 (2240 -1792 -576 ) (2240 -2048 -576 ) (2240 -2048 -568 ) (2240 -1792 -568 ) 
4 76 (2560 -2048 -576 ) (2240 -2048 -576 ) (2240 -1792 -576 ) (2560 -1792 -576 ) 
4 76 (2560 -2048 -576 ) (2560 -1792 -576 ) (2560 -1792 -568 ) (2560 -2048 -568 ) 
4 76 (2240 -1792 -576 ) (2240 -1792 -568 ) (2560 -1792 -568 ) (2560 -1792 -576 ) 
4 77 (2176 -1792 -568 ) (2048 -1792 -568 ) (2048 -1608 -568 ) (2176 -1608 -568 ) 
4 77 (2048 -1608 -568 ) (2048 -1608 0 ) (2176 -1608 0 ) (2176 -1608 -568 ) 
4 77 (2176 -1792 0 ) (2176 -1792 -568 ) (2176 -1608 -568 ) (2176 -1608 0 ) 
4 78 (2176 -2048 -576 ) (2048 -2048 -576 ) (2048 -1792 -576 ) (2176 -1792 -576 ) 
4 78 (2048 -1792 -568 ) (2176 -1792 -568 ) (2176 -1792 -576 ) (2048 -1792 -576 ) 
4 78 (2176 -2048 0 ) (2176 -2048 -576 ) (2176 -1792 -576 ) (2176 -1792 0 ) 
4 79 (3072 -2816 320 ) (3072 -2048 320 ) (2048 -2048 320 ) (2048 -2816 320 ) 
4 79 (2944 -2048 320 ) (3008 -2048 320 ) (3008 -2048 0 ) (2944 -2048 0 ) 
4 79 (2560 -2048 320 ) (2624 -2048 320 ) (2624 -2048 0 ) (2560 -2048 0 ) 
4 79 (2176 -2048 320 ) (2240 -2048 320 ) (2240 -2048 0 ) (2176 -2048 0 ) 
4 79 (2048 -2816 0 ) (3072 -2816 0 ) (3072 -2816 320 ) (2048 -2816 320 ) 
4 80 (2592 -2624 -568 ) (2592 -2816 -568 ) (2208 -2816 -568 ) (2208 -2624 -568 ) 
4 80 (2048 -2816 -568 ) (2048 -2592 -568 ) (2208 -2592 -568 ) (2208 -2816 -568 ) 
4 80 (2976 -2656 -568 ) (2976 -2688 -568 ) (2592 -2688 -568 ) (2592 -2656 -568 ) 
4 80 (3072 -2688 -568 ) (3072 -2816 -568 ) (2592 -2816 -568 ) (2592 -2688 -568 ) 
4 80 (3008 -2048 -568 ) (2944 -2048 -568 ) (2944 -2048 0 ) (3008 -2048 0 ) 
4 80 (2624 -2048 -568 ) (2560 -2048 -568 ) (2560 -2048 0 ) (2624 -2048 0 ) 
4 80 (2176 -2048 -568 ) (2176 -2048 0 ) (2240 -2048 0 ) (2240 -2048 -568 ) 
4 80 (2048 -2816 -568 ) (3072 -2816 -568 ) (3072 -2816 0 ) (2048 -2816 0 ) 
4 81 (2048 -2592 -576 ) (2208 -2592 -576 ) (2208 -2592 -568 ) (2048 -2592 -568 ) 
4 81 (2048 -2592 -576 ) (2048 -2048 -576 ) (3072 -2048 -576 ) (3072 -2592 -576 ) 
4 81 (2176 -2048 -568 ) (2240 -2048 -568 ) (2240 -2048 -576 ) (2176 -2048 -576 ) 
4 81 (2560 -2048 -568 ) (2624 -2048 -568 ) (2624 -2048 -576 ) (2560 -2048 -576 ) 
4 81 (2944 -2048 -568 ) (3008 -2048 -568 ) (3008 -2048 -576 ) (2944 -2048 -576 ) 
4 82 (2976 -2656 -576 ) (2976 -2688 -576 ) (2976 -2688 -568 ) (2976 -2656 -568 ) 
4 82 (2976 -2688 -576 ) (3072 -2688 -576 ) (3072 -2688 -568 ) (2976 -2688 -568 ) 
4 82 (2976 -2592 -576 ) (3072 -2592 -576 ) (3072 -2688 -576 ) (2976 -2688 -576 ) 
4 83 (2592 -2624 -576 ) (2592 -2656 -576 ) (2592 -2656 -568 ) (2592 -2624 -568 ) 
4 83 (2592 -2592 -576 ) (2976 -2592 -576 ) (2976 -2656 -576 ) (2592 -2656 -576 ) 
4 83 (2592 -2656 -568 ) (2592 -2656 -576 ) (2976 -2656 -576 ) (2976 -2656 -568 ) 
4 84 (2208 -2592 -568 ) (2208 -2592 -576 ) (2208 -2624 -576 ) (2208 -2624 -568 ) 
4 84 (2208 -2592 -576 ) (2592 -2592 -576 ) (2592 -2624 -576 ) (2208 -2624 -576 ) 
4 84 (2208 -2624 -568 ) (2208 -2624 -576 ) (2592 -2624 -576 ) (2592 -2624 -568 ) 
4 85 (1728 1856 64 ) (1856 1856 64 ) (1856 1536 64 ) (1728 1536 64 ) 
4 85 (1216 1856 64 ) (1344 1856 64 ) (1344 1536 64 ) (1216 1536 64 ) 
4 85 (2048 1416 320 ) (2048 1984 320 ) (1024 1984 320 ) (1024 1416 320 ) 
4 85 (1024 1984 320 ) (2048 1984 320 ) (2048 1984 64 ) (1024 1984 64 ) 
4 85 (1024 1416 64 ) (2048 1416 64 ) (2048 1416 320 ) (1024 1416 320 ) 
4 86 (1344 1024 64 ) (1216 1024 64 ) (1216 1280 64 ) (1344 1280 64 ) 
4 86 (1792 1024 64 ) (1664 1024 64 ) (1664 1280 64 ) (1792 1280 64 ) 
4 86 (1024 1400 320 ) (2048 1400 320 ) (2048 1400 64 ) (1024 1400 64 ) 
4 86 (2048 1400 320 ) (1024 1400 320 ) (1024 1024 320 ) (2048 1024 320 ) 
4 87 (1728 1856 56 ) (1856 1856 56 ) (1856 1856 64 ) (1728 1856 64 ) 
4 87 (1216 1856 56 ) (1344 1856 56 ) (1344 1856 64 ) (1216 1856 64 ) 
4 87 (1024 1984 64 ) (2048 1984 64 ) (2048 1984 56 ) (1024 1984 56 ) 
4 88 (1856 1856 64 ) (1856 1856 56 ) (1856 1536 56 ) (1856 1536 64 ) 
4 89 (1344 1856 64 ) (1344 1856 56 ) (1344 1536 56 ) (1344 1536 64 ) 
4 89 (1728 1536 64 ) (1728 1536 56 ) (1728 1856 56 ) (1728 1856 64 ) 
4 90 (1216 1536 64 ) (1216 1536 56 ) (1216 1856 56 ) (1216 1856 64 ) 
4 91 (1216 1280 56 ) (1344 1280 56 ) (1344 1280 64 ) (1216 1280 64 ) 
4 91 (1664 1280 56 ) (1792 1280 56 ) (1792 1280 64 ) (1664 1280 64 ) 
4 91 (1728 1536 64 ) (1856 1536 64 ) (1856 1536 56 ) (1728 1536 56 ) 
4 91 (1216 1536 64 ) (1344 1536 64 ) (1344 1536 56 ) (1216 1536 56 ) 
4 91 (2048 1400 64 ) (2048 1416 64 ) (1024 1416 64 ) (1024 1400 64 ) 
4 92 (1792 1280 64 ) (1792 1280 56 ) (1792 1024 56 ) (1792 1024 64 ) 
4 93 (1344 1280 64 ) (1344 1280 56 ) (1344 1024 56 ) (1344 1024 64 ) 
4 93 (1664 1024 64 ) (1664 1024 56 ) (1664 1280 56 ) (1664 1280 64 ) 
4 94 (1216 1024 64 ) (1216 1024 56 ) (1216 1280 56 ) (1216 1280 64 ) 
4 95 (1216 1536 56 ) (1344 1536 56 ) (1344 1856 56 ) (1216 1856 56 ) 
4 95 (1728 1536 56 ) (1856 1536 56 ) (1856 1856 56 ) (1728 1856 56 ) 
4 95 (1792 1280 56 ) (1664 1280 56 ) (1664 1024 56 ) (1792 1024 56 ) 
4 95 (1344 1280 56 ) (1216 1280 56 ) (1216 1024 56 ) (1344 1024 56 ) 
4 95 (1024 1984 56 ) (2048 1984 56 ) (2048 1984 0 ) (1024 1984 0 ) 
4 96 (2048 1024 -64 ) (1024 1024 -64 ) (1024 1984 -64 ) (2048 1984 -64 ) 
4 96 (1024 1984 0 ) (2048 1984 0 ) (2048 1984 -64 ) (1024 1984 -64 ) 
4 97 (1216 1024 64 ) (1344 1024 64 ) (1344 960 64 ) (1216 960 64 ) 
4 97 (1664 1024 64 ) (1792 1024 64 ) (1792 960 64 ) (1664 960 64 ) 
4 97 (1024 832 64 ) (2048 832 64 ) (2048 832 320 ) (1024 832 320 ) 
4 97 (2048 832 320 ) (2048 1024 320 ) (1024 1024 320 ) (1024 832 320 ) 
4 98 (1024 192 64 ) (1024 576 64 ) (2048 576 64 ) (2048 192 64 ) 
4 98 (1024 192 64 ) (2048 192 64 ) (2048 192 320 ) (1024 192 320 ) 
4 98 (2048 192 320 ) (2048 576 320 ) (1024 576 320 ) (1024 192 320 ) 
4 98 (1024 576 320 ) (2048 576 320 ) (2048 576 64 ) (1024 576 64 ) 
4 99 (1792 1024 56 ) (1792 960 56 ) (1792 960 64 ) (1792 1024 64 ) 
4 100 (1344 1024 56 ) (1344 960 56 ) (1344 960 64 ) (1344 1024 64 ) 
4 100 (1664 1024 64 ) (1664 960 64 ) (1664 960 56 ) (1664 1024 56 ) 
4 101 (1216 1024 64 ) (1216 960 64 ) (1216 960 56 ) (1216 1024 56 ) 
4 102 (1344 1024 56 ) (1216 1024 56 ) (1216 960 56 ) (1344 960 56 ) 
4 102 (1792 1024 56 ) (1664 1024 56 ) (1664 960 56 ) (1792 960 56 ) 
4 103 (1792 960 56 ) (1664 960 56 ) (1664 960 64 ) (1792 960 64 ) 
4 103 (1344 960 56 ) (1216 960 56 ) (1216 960 64 ) (1344 960 64 ) 
4 103 (1024 832 0 ) (2048 832 0 ) (2048 832 64 ) (1024 832 64 ) 
4 104 (1024 832 -64 ) (1024 1024 -64 ) (2048 1024 -64 ) (2048 832 -64 ) 
4 104 (1024 832 -64 ) (2048 832 -64 ) (2048 832 0 ) (1024 832 0 ) 
4 105 (1024 -128 64 ) (1408 -128 64 ) (1408 -384 64 ) (1024 -384 64 ) 
4 105 (1408 -128 64 ) (1408 -128 320 ) (1408 -384 320 ) (1408 -384 64 ) 
4 105 (1408 -384 320 ) (1408 -128 320 ) (1024 -128 320 ) (1024 -384 320 ) 
4 105 (1408 -128 320 ) (1408 -128 64 ) (1024 -128 64 ) (1024 -128 320 ) 
4 106 (1408 -128 56 ) (1408 -128 0 ) (1024 -128 0 ) (1024 -128 56 ) 
4 106 (1408 -128 0 ) (1408 -128 56 ) (1408 -384 56 ) (1408 -384 0 ) 
4 106 (1024 -384 56 ) (1408 -384 56 ) (1408 -128 56 ) (1024 -128 56 ) 
4 107 (1024 -896 320 ) (1024 -896 0 ) (1856 -896 0 ) (1856 -896 320 ) 
4 107 (1856 -384 320 ) (1024 -384 320 ) (1024 -896 320 ) (1856 -896 320 ) 
4 107 (1408 -384 320 ) (1856 -384 320 ) (1856 -384 0 ) (1408 -384 0 ) 
4 107 (1024 -384 56 ) (1024 -384 64 ) (1408 -384 64 ) (1408 -384 56 ) 
4 107 (1856 -896 320 ) (1856 -896 0 ) (1856 -384 0 ) (1856 -384 320 ) 
4 108 (1856 -384 0 ) (1856 -384 -192 ) (1408 -384 -192 ) (1408 -384 0 ) 
4 108 (1856 -896 0 ) (1408 -896 0 ) (1408 -896 -192 ) (1856 -896 -192 ) 
4 108 (1856 -384 -192 ) (1856 -384 0 ) (1856 -896 0 ) (1856 -896 -192 ) 
4 108 (1408 -896 -192 ) (1408 -384 -192 ) (1856 -384 -192 ) (1856 -896 -192 ) 
4 109 (1408 -128 -576 ) (1408 -896 -576 ) (1024 -896 -576 ) (1024 -128 -576 ) 
4 109 (1408 -384 -576 ) (1408 -384 -192 ) (1408 -896 -192 ) (1408 -896 -576 ) 
4 109 (1408 -384 -576 ) (1408 -128 -576 ) (1408 -128 0 ) (1408 -384 0 ) 
4 109 (1408 -896 0 ) (1024 -896 0 ) (1024 -896 -576 ) (1408 -896 -576 ) 
4 109 (1024 -128 0 ) (1408 -128 0 ) (1408 -128 -576 ) (1024 -128 -576 ) 
4 110 (1472 -1280 320 ) (1408 -1280 320 ) (1408 -1280 64 ) (1472 -1280 64 ) 
4 110 (1856 -1280 320 ) (1792 -1280 320 ) (1792 -1280 64 ) (1856 -1280 64 ) 
4 110 (1088 -1280 320 ) (1024 -1280 320 ) (1024 -1280 64 ) (1088 -1280 64 ) 
4 110 (2048 -1088 320 ) (2048 -1088 64 ) (1024 -1088 64 ) (1024 -1088 320 ) 
4 110 (2048 -1280 320 ) (2048 -1088 320 ) (1024 -1088 320 ) (1024 -1280 320 ) 
4 110 (2048 -1280 64 ) (1024 -1280 64 ) (1024 -1088 64 ) (2048 -1088 64 ) 
4 111 (2048 -1408 64 ) (1856 -1408 64 ) (1856 -1280 64 ) (2048 -1280 64 ) 
4 111 (1856 -1408 320 ) (2048 -1408 320 ) (2048 -1280 320 ) (1856 -1280 320 ) 
4 111 (1856 -1280 320 ) (1856 -1280 64 ) (1856 -1408 64 ) (1856 -1408 320 ) 
4 112 (1472 -1280 320 ) (1472 -1280 64 ) (1472 -1408 64 ) (1472 -1408 320 ) 
4 112 (1792 -1408 64 ) (1472 -1408 64 ) (1472 -1280 64 ) (1792 -1280 64 ) 
4 112 (1472 -1408 320 ) (1792 -1408 320 ) (1792 -1280 320 ) (1472 -1280 320 ) 
4 112 (1792 -1408 320 ) (1792 -1408 64 ) (1792 -1280 64 ) (1792 -1280 320 ) 
4 113 (1088 -1280 320 ) (1088 -1280 64 ) (1088 -1408 64 ) (1088 -1408 320 ) 
4 113 (1088 -1408 320 ) (1408 -1408 320 ) (1408 -1280 320 ) (1088 -1280 320 ) 
4 113 (1408 -1408 64 ) (1088 -1408 64 ) (1088 -1280 64 ) (1408 -1280 64 ) 
4 113 (1408 -1408 320 ) (1408 -1408 64 ) (1408 -1280 64 ) (1408 -1280 320 ) 
4 114 (2032 -1600 0 ) (2048 -1600 0 ) (2048 -1600 320 ) (2032 -1600 320 ) 
4 114 (1984 -1408 64 ) (2048 -1408 64 ) (2048 -1408 0 ) (1984 -1408 0 ) 
4 114 (1984 -1600 320 ) (2048 -1600 320 ) (2048 -1408 320 ) (1984 -1408 320 ) 
4 115 (1984 -1600 0 ) (1984 -1608 0 ) (1984 -1608 320 ) (1984 -1600 320 ) 
4 115 (2032 -1600 320 ) (1984 -1600 320 ) (1984 -1608 320 ) (2032 -1608 320 ) 
4 115 (2032 -1608 320 ) (2032 -1608 0 ) (2032 -1600 0 ) (2032 -1600 320 ) 
4 116 (1856 -1600 0 ) (1984 -1600 0 ) (1984 -1600 320 ) (1856 -1600 320 ) 
4 116 (1856 -1408 64 ) (1984 -1408 64 ) (1984 -1408 0 ) (1856 -1408 0 ) 
4 116 (1856 -1600 320 ) (1984 -1600 320 ) (1984 -1408 320 ) (1856 -1408 320 ) 
4 116 (1856 -1408 320 ) (1856 -1408 0 ) (1856 -1600 0 ) (1856 -1600 320 ) 
4 117 (1648 -1600 0 ) (1792 -1600 0 ) (1792 -1600 320 ) (1648 -1600 320 ) 
4 117 (1472 -1600 0 ) (1600 -1600 0 ) (1600 -1600 320 ) (1472 -1600 320 ) 
4 117 (1472 -1408 320 ) (1472 -1408 0 ) (1472 -1600 0 ) (1472 -1600 320 ) 
4 117 (1792 -1600 320 ) (1792 -1600 0 ) (1792 -1408 0 ) (1792 -1408 320 ) 
4 117 (1472 -1600 320 ) (1792 -1600 320 ) (1792 -1408 320 ) (1472 -1408 320 ) 
4 117 (1472 -1408 64 ) (1792 -1408 64 ) (1792 -1408 0 ) (1472 -1408 0 ) 
4 118 (1264 -1600 0 ) (1408 -1600 0 ) (1408 -1600 320 ) (1264 -1600 320 ) 
4 118 (1088 -1600 320 ) (1088 -1600 0 ) (1216 -1600 0 ) (1216 -1600 320 ) 
4 118 (1088 -1408 320 ) (1088 -1408 0 ) (1088 -1600 0 ) (1088 -1600 320 ) 
4 118 (1088 -1600 320 ) (1408 -1600 320 ) (1408 -1408 320 ) (1088 -1408 320 ) 
4 118 (1088 -1408 64 ) (1408 -1408 64 ) (1408 -1408 0 ) (1088 -1408 0 ) 
4 118 (1408 -1600 320 ) (1408 -1600 0 ) (1408 -1408 0 ) (1408 -1408 320 ) 
4 119 (1648 -1608 320 ) (1648 -1608 0 ) (1648 -1600 0 ) (1648 -1600 320 ) 
4 119 (1648 -1600 320 ) (1600 -1600 320 ) (1600 -1608 320 ) (1648 -1608 320 ) 
4 119 (1600 -1600 320 ) (1600 -1600 0 ) (1600 -1608 0 ) (1600 -1608 320 ) 
4 120 (1264 -1600 320 ) (1216 -1600 320 ) (1216 -1608 320 ) (1264 -1608 320 ) 
4 120 (1216 -1600 320 ) (1216 -1600 0 ) (1216 -1608 0 ) (1216 -1608 320 ) 
4 120 (1264 -1608 320 ) (1264 -1608 0 ) (1264 -1600 0 ) (1264 -1600 320 ) 
4 121 (2048 -1608 320 ) (1856 -1608 320 ) (1856 -2048 320 ) (2048 -2048 320 ) 
4 121 (2032 -1608 320 ) (2048 -1608 320 ) (2048 -1608 0 ) (2032 -1608 0 ) 
4 121 (1856 -1608 320 ) (1984 -1608 320 ) (1984 -1608 0 ) (1856 -1608 0 ) 
4 121 (1856 -1608 320 ) (1856 -1608 0 ) (1856 -2048 0 ) (1856 -2048 320 ) 
4 122 (1472 -1608 320 ) (1472 -1608 0 ) (1472 -2048 0 ) (1472 -2048 320 ) 
4 122 (1792 -1608 320 ) (1472 -1608 320 ) (1472 -2048 320 ) (1792 -2048 320 ) 
4 122 (1472 -1608 320 ) (1600 -1608 320 ) (1600 -1608 0 ) (1472 -1608 0 ) 
4 122 (1648 -1608 320 ) (1792 -1608 320 ) (1792 -1608 0 ) (1648 -1608 0 ) 
4 122 (1792 -2048 320 ) (1792 -2048 0 ) (1792 -1608 0 ) (1792 -1608 320 ) 
4 123 (1088 -1608 320 ) (1088 -1608 0 ) (1088 -2048 0 ) (1088 -2048 320 ) 
4 123 (1264 -1608 320 ) (1408 -1608 320 ) (1408 -1608 0 ) (1264 -1608 0 ) 
4 123 (1088 -1608 320 ) (1216 -1608 320 ) (1216 -1608 0 ) (1088 -1608 0 ) 
4 123 (1408 -1608 320 ) (1088 -1608 320 ) (1088 -2048 320 ) (1408 -2048 320 ) 
4 123 (1408 -2048 320 ) (1408 -2048 0 ) (1408 -1608 0 ) (1408 -1608 320 ) 
4 124 (1984 -1600 0 ) (1856 -1600 0 ) (1856 -1600 -568 ) (1984 -1600 -568 ) 
4 124 (2048 -1600 -568 ) (2048 -1600 0 ) (2032 -1600 0 ) (2032 -1600 -568 ) 
4 124 (2048 -1600 -568 ) (1856 -1600 -568 ) (1856 -1408 -568 ) (2048 -1408 -568 ) 
4 124 (1856 -1408 -568 ) (1856 -1408 0 ) (2048 -1408 0 ) (2048 -1408 -568 ) 
4 124 (1856 -1408 0 ) (1856 -1408 -568 ) (1856 -1600 -568 ) (1856 -1600 0 ) 
4 125 (1600 -1600 0 ) (1472 -1600 0 ) (1472 -1600 -568 ) (1600 -1600 -568 ) 
4 125 (1792 -1600 -568 ) (1792 -1600 0 ) (1648 -1600 0 ) (1648 -1600 -568 ) 
4 125 (1472 -1408 -568 ) (1792 -1408 -568 ) (1792 -1600 -568 ) (1472 -1600 -568 ) 
4 125 (1792 -1600 0 ) (1792 -1600 -568 ) (1792 -1408 -568 ) (1792 -1408 0 ) 
4 125 (1792 -1408 -568 ) (1472 -1408 -568 ) (1472 -1408 0 ) (1792 -1408 0 ) 
4 125 (1472 -1408 0 ) (1472 -1408 -568 ) (1472 -1600 -568 ) (1472 -1600 0 ) 
4 126 (1216 -1600 0 ) (1088 -1600 0 ) (1088 -1600 -568 ) (1216 -1600 -568 ) 
4 126 (1408 -1600 -568 ) (1408 -1600 0 ) (1264 -1600 0 ) (1264 -1600 -568 ) 
4 126 (1088 -1408 0 ) (1088 -1408 -568 ) (1088 -1600 -568 ) (1088 -1600 0 ) 
4 126 (1408 -1408 -568 ) (1088 -1408 -568 ) (1088 -1408 0 ) (1408 -1408 0 ) 
4 126 (1408 -1600 0 ) (1408 -1600 -568 ) (1408 -1408 -568 ) (1408 -1408 0 ) 
4 126 (1088 -1600 -568 ) (1088 -1408 -568 ) (1408 -1408 -568 ) (1408 -1600 -568 ) 
4 127 (1984 -1600 0 ) (1984 -1600 -568 ) (1984 -1608 -568 ) (1984 -1608 0 ) 
4 127 (2032 -1608 -568 ) (1984 -1608 -568 ) (1984 -1600 -568 ) (2032 -1600 -568 ) 
4 127 (2032 -1608 0 ) (2032 -1608 -568 ) (2032 -1600 -568 ) (2032 -1600 0 ) 
4 128 (1600 -1600 0 ) (1600 -1600 -568 ) (1600 -1608 -568 ) (1600 -1608 0 ) 
4 128 (1648 -1608 0 ) (1648 -1608 -568 ) (1648 -1600 -568 ) (1648 -1600 0 ) 
4 128 (1600 -1608 -568 ) (1600 -1600 -568 ) (1648 -1600 -568 ) (1648 -1608 -568 ) 
4 129 (1216 -1600 0 ) (1216 -1600 -568 ) (1216 -1608 -568 ) (1216 -1608 0 ) 
4 129 (1216 -1608 -568 ) (1216 -1600 -568 ) (1264 -1600 -568 ) (1264 -1608 -568 ) 
4 129 (1264 -1608 0 ) (1264 -1608 -568 ) (1264 -1600 -568 ) (1264 -1600 0 ) 
4 130 (1856 -1792 -568 ) (1856 -1608 -568 ) (2048 -1608 -568 ) (2048 -1792 -568 ) 
4 130 (1856 -1608 -568 ) (1856 -1608 0 ) (1984 -1608 0 ) (1984 -1608 -568 ) 
4 130 (2032 -1608 -568 ) (2032 -1608 0 ) (2048 -1608 0 ) (2048 -1608 -568 ) 
4 130 (1856 -1608 0 ) (1856 -1608 -568 ) (1856 -2048 -568 ) (1856 -2048 0 ) 
4 131 (1856 -2048 -568 ) (1856 -1792 -568 ) (1856 -1792 -576 ) (1856 -2048 -576 ) 
4 131 (2048 -2048 -576 ) (1856 -2048 -576 ) (1856 -1792 -576 ) (2048 -1792 -576 ) 
4 131 (2048 -1792 -568 ) (2048 -1792 -576 ) (1856 -1792 -576 ) (1856 -1792 -568 ) 
4 132 (1472 -1608 -568 ) (1792 -1608 -568 ) (1792 -1792 -568 ) (1472 -1792 -568 ) 
4 132 (1792 -1608 -568 ) (1648 -1608 -568 ) (1648 -1608 0 ) (1792 -1608 0 ) 
4 132 (1472 -1608 -568 ) (1472 -1608 0 ) (1600 -1608 0 ) (1600 -1608 -568 ) 
4 132 (1792 -2048 0 ) (1792 -2048 -568 ) (1792 -1608 -568 ) (1792 -1608 0 ) 
4 132 (1472 -1608 0 ) (1472 -1608 -568 ) (1472 -2048 -568 ) (1472 -2048 0 ) 
4 133 (1088 -1608 0 ) (1088 -1608 -568 ) (1088 -1792 -568 ) (1088 -1792 0 ) 
4 133 (1088 -1792 -568 ) (1088 -2048 -568 ) (1088 -2048 0 ) (1088 -1792 0 ) 
4 133 (1088 -1792 -568 ) (1088 -1608 -568 ) (1408 -1608 -568 ) (1408 -1792 -568 ) 
4 133 (1408 -2048 0 ) (1408 -2048 -568 ) (1408 -1608 -568 ) (1408 -1608 0 ) 
4 133 (1088 -1608 -568 ) (1088 -1608 0 ) (1216 -1608 0 ) (1216 -1608 -568 ) 
4 133 (1408 -1608 -568 ) (1264 -1608 -568 ) (1264 -1608 0 ) (1408 -1608 0 ) 
4 134 (1792 -1792 -568 ) (1792 -2048 -568 ) (1792 -2048 -576 ) (1792 -1792 -576 ) 
4 134 (1792 -2048 -576 ) (1472 -2048 -576 ) (1472 -1792 -576 ) (1792 -1792 -576 ) 
4 134 (1472 -1792 -568 ) (1792 -1792 -568 ) (1792 -1792 -576 ) (1472 -1792 -576 ) 
4 134 (1472 -1792 -568 ) (1472 -1792 -576 ) (1472 -2048 -576 ) (1472 -2048 -568 ) 
4 135 (1088 -1792 -576 ) (1088 -2048 -576 ) (1088 -2048 -568 ) (1088 -1792 -568 ) 
4 135 (1408 -2048 -576 ) (1088 -2048 -576 ) (1088 -1792 -576 ) (1408 -1792 -576 ) 
4 135 (1408 -2048 -576 ) (1408 -1792 -576 ) (1408 -1792 -568 ) (1408 -2048 -568 ) 
4 135 (1088 -1792 -576 ) (1088 -1792 -568 ) (1408 -1792 -568 ) (1408 -1792 -576 ) 
4 136 (1024 -2816 320 ) (1024 -2816 0 ) (2048 -2816 0 ) (2048 -2816 320 ) 
4 136 (1088 -2048 320 ) (1088 -2048 0 ) (1024 -2048 0 ) (1024 -2048 320 ) 
4 136 (1792 -2048 320 ) (1856 -2048 320 ) (1856 -2048 0 ) (1792 -2048 0 ) 
4 136 (1408 -2048 320 ) (1472 -2048 320 ) (1472 -2048 0 ) (1408 -2048 0 ) 
4 136 (2048 -2048 320 ) (1024 -2048 320 ) (1024 -2816 320 ) (2048 -2816 320 ) 
4 137 (1440 -2560 -568 ) (1056 -2560 -568 ) (1056 -2528 -568 ) (1440 -2528 -568 ) 
4 137 (1824 -2560 -568 ) (1824 -2592 -568 ) (1056 -2592 -568 ) (1056 -2560 -568 ) 
4 137 (1024 -2592 -568 ) (1024 -2496 -568 ) (1056 -2496 -568 ) (1056 -2592 -568 ) 
4 137 (1024 -2816 -568 ) (1024 -2592 -568 ) (2048 -2592 -568 ) (2048 -2816 -568 ) 
4 137 (1856 -2048 -568 ) (1792 -2048 -568 ) (1792 -2048 0 ) (1856 -2048 0 ) 
4 137 (1472 -2048 -568 ) (1408 -2048 -568 ) (1408 -2048 0 ) (1472 -2048 0 ) 
4 137 (1088 -2048 0 ) (1088 -2048 -568 ) (1024 -2048 -568 ) (1024 -2048 0 ) 
4 137 (1024 -2816 -568 ) (2048 -2816 -568 ) (2048 -2816 0 ) (1024 -2816 0 ) 
4 138 (1024 -2496 -576 ) (1056 -2496 -576 ) (1056 -2496 -568 ) (1024 -2496 -568 ) 
4 138 (1792 -2048 -568 ) (1856 -2048 -568 ) (1856 -2048 -576 ) (1792 -2048 -576 ) 
4 138 (1408 -2048 -568 ) (1472 -2048 -568 ) (1472 -2048 -576 ) (1408 -2048 -576 ) 
4 138 (1088 -2048 -568 ) (1088 -2048 -576 ) (1024 -2048 -576 ) (1024 -2048 -568 ) 
4 138 (1024 -2496 -576 ) (1024 -2048 -576 ) (2048 -2048 -576 ) (2048 -2496 -576 ) 
4 139 (1824 -2560 -576 ) (1824 -2592 -576 ) (1824 -2592 -568 ) (1824 -2560 -568 ) 
4 139 (1824 -2496 -576 ) (2048 -2496 -576 ) (2048 -2592 -576 ) (1824 -2592 -576 ) 
4 139 (1824 -2592 -576 ) (2048 -2592 -576 ) (2048 -2592 -568 ) (1824 -2592 -568 ) 
4 140 (1056 -2528 -568 ) (1056 -2528 -576 ) (1440 -2528 -576 ) (1440 -2528 -568 ) 
4 140 (1056 -2496 -576 ) (1824 -2496 -576 ) (1824 -2528 -576 ) (1056 -2528 -576 ) 
4 140 (1056 -2496 -568 ) (1056 -2496 -576 ) (1056 -2528 -576 ) (1056 -2528 -568 ) 
4 141 (1824 -2528 -576 ) (1824 -2560 -576 ) (1440 -2560 -576 ) (1440 -2528 -576 ) 
4 141 (1440 -2560 -576 ) (1824 -2560 -576 ) (1824 -2560 -568 ) (1440 -2560 -568 ) 
4 141 (1440 -2528 -568 ) (1440 -2528 -576 ) (1440 -2560 -576 ) (1440 -2560 -568 ) 
4 142 (704 1416 64 ) (704 1984 64 ) (960 1984 64 ) (960 1416 64 ) 
4 142 (704 1416 320 ) (704 1984 320 ) (704 1984 64 ) (704 1416 64 ) 
4 142 (1024 1984 320 ) (1024 1984 64 ) (704 1984 64 ) (704 1984 320 ) 
4 142 (1024 1416 320 ) (1024 1984 320 ) (704 1984 320 ) (704 1416 320 ) 
4 142 (704 1416 64 ) (1024 1416 64 ) (1024 1416 320 ) (704 1416 320 ) 
4 143 (960 1024 64 ) (704 1024 64 ) (704 1400 64 ) (960 1400 64 ) 
4 143 (704 1400 320 ) (1024 1400 320 ) (1024 1400 64 ) (704 1400 64 ) 
4 143 (1024 1400 320 ) (704 1400 320 ) (704 1024 320 ) (1024 1024 320 ) 
4 143 (704 1024 64 ) (704 1024 320 ) (704 1400 320 ) (704 1400 64 ) 
4 144 (960 1400 64 ) (1024 1400 64 ) (1024 1416 64 ) (960 1416 64 ) 
4 144 (960 1984 64 ) (1024 1984 64 ) (1024 1984 56 ) (960 1984 56 ) 
4 144 (960 1984 56 ) (960 1024 56 ) (960 1024 64 ) (960 1984 64 ) 
4 145 (960 1984 56 ) (704 1984 56 ) (704 1024 56 ) (960 1024 56 ) 
4 145 (704 1984 0 ) (704 1024 0 ) (704 1024 56 ) (704 1984 56 ) 
4 145 (1024 1984 56 ) (1024 1984 0 ) (704 1984 0 ) (704 1984 56 ) 
4 146 (1024 1024 -64 ) (704 1024 -64 ) (704 1984 -64 ) (1024 1984 -64 ) 
4 146 (704 1024 -64 ) (704 1024 0 ) (704 1984 0 ) (704 1984 -64 ) 
4 146 (1024 1984 0 ) (1024 1984 -64 ) (704 1984 -64 ) (704 1984 0 ) 
4 147 (960 832 56 ) (960 832 64 ) (960 1024 64 ) (960 1024 56 ) 
4 147 (960 832 0 ) (1024 832 0 ) (1024 832 320 ) (960 832 320 ) 
4 147 (960 832 320 ) (1024 832 320 ) (1024 1024 320 ) (960 1024 320 ) 
4 148 (960 1024 64 ) (960 832 64 ) (704 832 64 ) (704 1024 64 ) 
4 148 (704 832 64 ) (704 832 320 ) (704 1024 320 ) (704 1024 64 ) 
4 148 (704 832 320 ) (960 832 320 ) (960 1024 320 ) (704 1024 320 ) 
4 148 (704 832 320 ) (704 832 64 ) (960 832 64 ) (960 832 320 ) 
4 149 (704 832 56 ) (704 832 0 ) (960 832 0 ) (960 832 56 ) 
4 149 (704 1024 0 ) (704 832 0 ) (704 832 56 ) (704 1024 56 ) 
4 149 (704 1024 56 ) (704 832 56 ) (960 832 56 ) (960 1024 56 ) 
4 150 (704 576 320 ) (704 576 64 ) (704 192 64 ) (704 192 320 ) 
4 150 (704 192 64 ) (704 576 64 ) (1024 576 64 ) (1024 192 64 ) 
4 150 (1024 192 320 ) (1024 576 320 ) (704 576 320 ) (704 192 320 ) 
4 150 (704 576 64 ) (704 576 320 ) (1024 576 320 ) (1024 576 64 ) 
4 150 (704 192 320 ) (704 192 64 ) (1024 192 64 ) (1024 192 320 ) 
4 151 (0 576 8 ) (512 576 8 ) (512 0 8 ) (0 0 8 ) 
4 151 (512 576 320 ) (0 576 320 ) (0 0 320 ) (512 0 320 ) 
4 151 (512 576 8 ) (0 576 8 ) (0 576 320 ) (512 576 320 ) 
4 151 (512 0 320 ) (512 0 8 ) (512 576 8 ) (512 576 320 ) 
4 152 (704 832 -64 ) (704 1024 -64 ) (1024 1024 -64 ) (1024 832 -64 ) 
4 152 (704 832 0 ) (704 1024 0 ) (704 1024 -64 ) (704 832 -64 ) 
4 152 (704 832 0 ) (704 832 -64 ) (1024 832 -64 ) (1024 832 0 ) 
4 153 (1024 -384 64 ) (704 -384 64 ) (704 -128 64 ) (1024 -128 64 ) 
4 153 (704 -384 64 ) (704 -384 320 ) (704 -128 320 ) (704 -128 64 ) 
4 153 (704 -128 320 ) (704 -384 320 ) (1024 -384 320 ) (1024 -128 320 ) 
4 153 (1024 -128 320 ) (1024 -128 64 ) (704 -128 64 ) (704 -128 320 ) 
4 154 (1024 -128 56 ) (1024 -128 0 ) (704 -128 0 ) (704 -128 56 ) 
4 154 (704 -128 0 ) (704 -384 0 ) (704 -384 56 ) (704 -128 56 ) 
4 154 (1024 -128 56 ) (704 -128 56 ) (704 -384 56 ) (1024 -384 56 ) 
3 155 (706.285706 -576 0 ) (710.390259 -576 0 ) (708 -576 2 ) 
4 155 (1024 -384 64 ) (1024 -384 56 ) (704 -384 56 ) (704 -384 64 ) 
4 155 (704 -384 320 ) (704 -576 320 ) (1024 -576 320 ) (1024 -384 320 ) 
4 155 (704 -384 0 ) (704 -576 0 ) (704 -576 320 ) (704 -384 320 ) 
4 156 (240 -552 160 ) (240 -552 8 ) (256 -552 8 ) (256 -552 160 ) 
4 156 (384 -552 8 ) (400 -552 8 ) (400 -552 160 ) (384 -552 160 ) 
4 156 (240 -552 176 ) (240 -552 160 ) (400 -552 160 ) (400 -552 176 ) 
4 156 (512 0 8 ) (512 0 320 ) (512 -552 320 ) (512 -552 8 ) 
4 156 (240 -552 320 ) (512 -552 320 ) (512 0 320 ) (240 0 320 ) 
4 156 (512 -552 8 ) (240 -552 8 ) (240 0 8 ) (512 0 8 ) 
4 157 (512 -576 8 ) (512 -576 320 ) (400 -576 320 ) (400 -576 8 ) 
4 157 (400 -552 160 ) (400 -552 8 ) (400 -576 8 ) (400 -576 160 ) 
4 157 (400 -552 176 ) (400 -552 160 ) (400 -576 160 ) (400 -576 176 ) 
4 157 (400 -552 8 ) (512 -552 8 ) (512 -576 8 ) (400 -576 8 ) 
4 157 (400 -552 320 ) (400 -576 320 ) (512 -576 320 ) (512 -552 320 ) 
4 157 (512 -552 8 ) (512 -552 320 ) (512 -576 320 ) (512 -576 8 ) 
4 158 (400 -576 320 ) (240 -576 320 ) (240 -576 176 ) (400 -576 176 ) 
4 158 (240 -576 176 ) (240 -552 176 ) (400 -552 176 ) (400 -576 176 ) 
4 158 (400 -552 320 ) (240 -552 320 ) (240 -576 320 ) (400 -576 320 ) 
4 159 (256 -576 8 ) (384 -576 8 ) (384 -576 160 ) (256 -576 160 ) 
4 159 (384 -552 160 ) (384 -576 160 ) (384 -576 8 ) (384 -552 8 ) 
4 159 (256 -552 8 ) (384 -552 8 ) (384 -576 8 ) (256 -576 8 ) 
4 159 (256 -576 160 ) (384 -576 160 ) (384 -552 160 ) (256 -552 160 ) 
4 159 (256 -552 8 ) (256 -576 8 ) (256 -576 160 ) (256 -552 160 ) 
4 160 (240 -576 8 ) (240 -576 320 ) (0 -576 320 ) (0 -576 8 ) 
4 160 (240 -576 320 ) (240 0 320 ) (0 0 320 ) (0 -576 320 ) 
4 160 (240 -552 160 ) (240 -552 176 ) (240 -576 176 ) (240 -576 160 ) 
4 160 (240 -552 8 ) (240 -552 160 ) (240 -576 160 ) (240 -576 8 ) 
4 160 (0 0 8 ) (240 0 8 ) (240 -576 8 ) (0 -576 8 ) 
4 161 (710.382813 -704 0 ) (707.997437 -704 1.997059 ) (707.998352 -576 1.998166 ) (710.386414 -576 0 ) 
4 161 (704 -704 320 ) (1024 -704 320 ) (1024 -576 320 ) (704 -576 320 ) 
4 161 (704 -576 320 ) (704 -576 5.346954 ) (704 -704 5.346946 ) (704 -704 320 ) 
4 162 (704 -576 5.346954 ) (704 -576 0 ) (704 -704 0 ) (704 -704 5.346946 ) 
4 162 (708.003906 -576 2.003889 ) (708.003906 -704 2.003885 ) (706.286316 -704 0 ) (706.286316 -576 0 ) 
3 163 (708 -704 2 ) (710.390259 -704 0 ) (706.285706 -704 0 ) 
4 163 (704 -704 0 ) (704 -896 0 ) (704 -896 320 ) (704 -704 320 ) 
4 163 (704 -896 0 ) (1024 -896 0 ) (1024 -896 320 ) (704 -896 320 ) 
4 163 (704 -704 320 ) (704 -896 320 ) (1024 -896 320 ) (1024 -704 320 ) 
4 164 (832 -576 -576 ) (960 -576 -576 ) (960 -576 -568 ) (832 -576 -568 ) 
6 164 (704 -576 -2.666636 ) (704 -576 -4.142838 ) (800.776489 -576 -87.094109 ) (806.499146 -576 -80.417664 ) (710.390259 -576 0 ) (706.285645 -576 0 ) 
4 164 (704 -128 0 ) (704 -128 -576 ) (704 -576 -576 ) (704 -576 0 ) 
4 164 (704 -128 -576 ) (704 -128 0 ) (1024 -128 0 ) (1024 -128 -576 ) 
4 164 (704 -576 -576 ) (704 -128 -576 ) (1024 -128 -576 ) (1024 -576 -576 ) 
4 165 (960 -704 -568 ) (832 -704 -568 ) (832 -576 -568 ) (960 -576 -568 ) 
4 165 (704 -704 -4.148438 ) (800.773804 -704 -87.097237 ) (800.774292 -576 -87.096710 ) (704 -576 -4.147339 ) 
4 165 (704 -704 -568 ) (704 -704 -4.142822 ) (704 -576 -4.142838 ) (704 -576 -568 ) 
4 166 (706.289063 -704 0 ) (704 -704 -2.671875 ) (704 -576 -2.667300 ) (706.286255 -576 0 ) 
4 166 (704 -704 -2.666626 ) (704 -704 0 ) (704 -576 0 ) (704 -576 -2.666636 ) 
4 167 (710.390259 -576 0 ) (806.499146 -576 -80.417686 ) (806.499084 -704 -80.417694 ) (710.390198 -704 0 ) 
4 168 (800.774292 -576 -87.089455 ) (800.774292 -704 -87.089455 ) (806.500000 -704 -80.410133 ) (806.500000 -576 -80.410141 ) 
4 169 (960 -576 -576 ) (1024 -576 -576 ) (1024 -704 -576 ) (960 -704 -576 ) 
4 169 (960 -704 -576 ) (960 -704 -568 ) (960 -576 -568 ) (960 -576 -576 ) 
4 170 (832 -576 -576 ) (832 -576 -568 ) (832 -704 -568 ) (832 -704 -576 ) 
4 170 (704 -704 -576 ) (704 -576 -576 ) (832 -576 -576 ) (832 -704 -576 ) 
4 170 (704 -576 -576 ) (704 -704 -576 ) (704 -704 -568 ) (704 -576 -568 ) 
4 171 (832 -704 -568 ) (960 -704 -568 ) (960 -704 -576 ) (832 -704 -576 ) 
6 171 (706.285645 -704 0 ) (710.390259 -704 0 ) (806.499146 -704 -80.417664 ) (800.776489 -704 -87.094109 ) (704 -704 -4.142838 ) (704 -704 -2.666636 ) 
4 171 (1024 -896 -576 ) (704 -896 -576 ) (704 -704 -576 ) (1024 -704 -576 ) 
4 171 (1024 -896 -576 ) (1024 -896 0 ) (704 -896 0 ) (704 -896 -576 ) 
4 171 (704 -704 -576 ) (704 -896 -576 ) (704 -896 0 ) (704 -704 0 ) 
4 172 (640 -1280 64 ) (704 -1280 64 ) (704 -1280 320 ) (640 -1280 320 ) 
4 172 (320 -1280 64 ) (320 -1088 64 ) (1024 -1088 64 ) (1024 -1280 64 ) 
4 172 (320 -1088 320 ) (320 -1088 64 ) (320 -1280 64 ) (320 -1280 320 ) 
4 172 (1024 -1280 320 ) (1024 -1088 320 ) (320 -1088 320 ) (320 -1280 320 ) 
4 172 (320 -1088 64 ) (320 -1088 320 ) (1024 -1088 320 ) (1024 -1088 64 ) 
4 173 (1024 -1408 64 ) (704 -1408 64 ) (704 -1280 64 ) (1024 -1280 64 ) 
4 173 (704 -1408 320 ) (1024 -1408 320 ) (1024 -1280 320 ) (704 -1280 320 ) 
4 173 (1024 -1408 64 ) (1024 -1280 64 ) (1024 -1280 320 ) (1024 -1408 320 ) 
4 173 (704 -1280 320 ) (704 -1280 64 ) (704 -1408 64 ) (704 -1408 320 ) 
4 174 (640 -1408 320 ) (640 -1408 64 ) (640 -1280 64 ) (640 -1280 320 ) 
4 174 (640 -1408 320 ) (640 -1280 320 ) (320 -1280 320 ) (320 -1408 320 ) 
4 174 (320 -1280 64 ) (320 -1408 64 ) (320 -1408 320 ) (320 -1280 320 ) 
4 174 (640 -1408 64 ) (320 -1408 64 ) (320 -1280 64 ) (640 -1280 64 ) 
4 175 (704 -1408 64 ) (1024 -1408 64 ) (1024 -1408 0 ) (704 -1408 0 ) 
4 175 (1024 -1600 320 ) (1024 -1408 320 ) (704 -1408 320 ) (704 -1600 320 ) 
4 175 (1024 -1600 0 ) (1024 -1408 0 ) (1024 -1408 320 ) (1024 -1600 320 ) 
4 175 (704 -1408 320 ) (704 -1408 0 ) (704 -1600 0 ) (704 -1600 320 ) 
4 175 (704 -1600 320 ) (704 -1600 0 ) (1024 -1600 0 ) (1024 -1600 320 ) 
4 176 (1024 -1608 320 ) (1024 -1608 0 ) (704 -1608 0 ) (704 -1608 320 ) 
4 176 (704 -1608 0 ) (704 -2048 0 ) (704 -2048 320 ) (704 -1608 320 ) 
4 176 (1024 -1608 0 ) (1024 -1608 320 ) (1024 -2048 320 ) (1024 -2048 0 ) 
4 176 (1024 -1608 320 ) (704 -1608 320 ) (704 -2048 320 ) (1024 -2048 320 ) 
4 177 (640 -2048 320 ) (640 -2048 0 ) (640 -1408 0 ) (640 -1408 320 ) 
4 177 (640 -1408 320 ) (320 -1408 320 ) (320 -2048 320 ) (640 -2048 320 ) 
4 177 (320 -1408 0 ) (320 -2048 0 ) (320 -2048 320 ) (320 -1408 320 ) 
4 177 (640 -1408 64 ) (640 -1408 0 ) (320 -1408 0 ) (320 -1408 64 ) 
4 178 (704 -1600 -568 ) (704 -1408 -568 ) (1024 -1408 -568 ) (1024 -1600 -568 ) 
4 178 (704 -1408 0 ) (1024 -1408 0 ) (1024 -1408 -568 ) (704 -1408 -568 ) 
4 178 (1024 -1600 -568 ) (1024 -1408 -568 ) (1024 -1408 0 ) (1024 -1600 0 ) 
4 178 (704 -1408 0 ) (704 -1408 -568 ) (704 -1600 -568 ) (704 -1600 0 ) 
4 178 (704 -1600 0 ) (704 -1600 -568 ) (1024 -1600 -568 ) (1024 -1600 0 ) 
4 179 (704 -1792 -568 ) (704 -1608 -568 ) (1024 -1608 -568 ) (1024 -1792 -568 ) 
4 179 (1024 -1608 0 ) (1024 -1608 -568 ) (704 -1608 -568 ) (704 -1608 0 ) 
4 179 (704 -1608 -568 ) (704 -2048 -568 ) (704 -2048 0 ) (704 -1608 0 ) 
4 179 (1024 -1792 -568 ) (1024 -1608 -568 ) (1024 -1608 0 ) (1024 -1792 0 ) 
4 179 (1024 -1792 -568 ) (1024 -1792 0 ) (1024 -2048 0 ) (1024 -2048 -568 ) 
4 180 (320 -1792 -568 ) (320 -1408 -568 ) (640 -1408 -568 ) (640 -1792 -568 ) 
4 180 (640 -2048 0 ) (640 -2048 -568 ) (640 -1408 -568 ) (640 -1408 0 ) 
4 180 (320 -2048 -568 ) (320 -2048 0 ) (320 -1408 0 ) (320 -1408 -568 ) 
4 180 (640 -1408 0 ) (640 -1408 -568 ) (320 -1408 -568 ) (320 -1408 0 ) 
4 181 (1024 -1792 -576 ) (1024 -1792 -568 ) (1024 -2048 -568 ) (1024 -2048 -576 ) 
4 181 (1024 -2048 -576 ) (704 -2048 -576 ) (704 -1792 -576 ) (1024 -1792 -576 ) 
4 181 (704 -1792 -568 ) (1024 -1792 -568 ) (1024 -1792 -576 ) (704 -1792 -576 ) 
4 181 (704 -1792 -568 ) (704 -1792 -576 ) (704 -2048 -576 ) (704 -2048 -568 ) 
4 182 (640 -2048 -576 ) (320 -2048 -576 ) (320 -1792 -576 ) (640 -1792 -576 ) 
4 182 (320 -1792 -576 ) (320 -2048 -576 ) (320 -2048 -568 ) (320 -1792 -568 ) 
4 182 (640 -2048 -576 ) (640 -1792 -576 ) (640 -1792 -568 ) (640 -2048 -568 ) 
4 182 (320 -1792 -576 ) (320 -1792 -568 ) (640 -1792 -568 ) (640 -1792 -576 ) 
4 183 (320 -2816 320 ) (320 -2816 0 ) (1024 -2816 0 ) (1024 -2816 320 ) 
4 183 (640 -2048 320 ) (704 -2048 320 ) (704 -2048 0 ) (640 -2048 0 ) 
4 183 (320 -2048 320 ) (320 -2048 0 ) (320 -2816 0 ) (320 -2816 320 ) 
4 183 (1024 -2048 320 ) (320 -2048 320 ) (320 -2816 320 ) (1024 -2816 320 ) 
4 184 (672 -2464 -568 ) (672 -2816 -568 ) (320 -2816 -568 ) (320 -2464 -568 ) 
4 184 (1024 -2496 -568 ) (1024 -2816 -568 ) (672 -2816 -568 ) (672 -2496 -568 ) 
4 184 (320 -2816 -568 ) (1024 -2816 -568 ) (1024 -2816 0 ) (320 -2816 0 ) 
4 184 (704 -2048 -568 ) (640 -2048 -568 ) (640 -2048 0 ) (704 -2048 0 ) 
4 184 (320 -2048 -568 ) (320 -2816 -568 ) (320 -2816 0 ) (320 -2048 0 ) 
4 185 (672 -2464 -576 ) (672 -2496 -576 ) (672 -2496 -568 ) (672 -2464 -568 ) 
4 185 (672 -2048 -576 ) (1024 -2048 -576 ) (1024 -2496 -576 ) (672 -2496 -576 ) 
4 185 (672 -2048 -568 ) (704 -2048 -568 ) (704 -2048 -576 ) (672 -2048 -576 ) 
4 185 (672 -2496 -568 ) (672 -2496 -576 ) (1024 -2496 -576 ) (1024 -2496 -568 ) 
4 186 (320 -2048 -576 ) (672 -2048 -576 ) (672 -2464 -576 ) (320 -2464 -576 ) 
4 186 (640 -2048 -568 ) (672 -2048 -568 ) (672 -2048 -576 ) (640 -2048 -576 ) 
4 186 (320 -2048 -576 ) (320 -2464 -576 ) (320 -2464 -568 ) (320 -2048 -568 ) 
4 186 (320 -2464 -568 ) (320 -2464 -576 ) (672 -2464 -576 ) (672 -2464 -568 ) 
4 187 (0 1024 8 ) (0 1024 320 ) (-520 1024 320 ) (-520 1024 8 ) 
4 187 (0 1024 320 ) (0 1024 968 ) (-520 1024 968 ) (-520 1024 320 ) 
4 187 (0 1024 0 ) (0 1024 8 ) (-520 1024 8 ) (-520 1024 0 ) 
4 187 (-520 1992 968 ) (-520 1024 968 ) (0 1024 968 ) (0 1992 968 ) 
4 187 (-520 1992 0 ) (-520 1992 968 ) (0 1992 968 ) (0 1992 0 ) 
4 187 (-520 1992 968 ) (-520 1992 0 ) (-520 1024 0 ) (-520 1024 968 ) 
4 187 (0 1992 0 ) (0 1992 968 ) (0 1024 968 ) (0 1024 0 ) 
4 188 (-520 1024 -584 ) (0 1024 -584 ) (0 1024 0 ) (-520 1024 0 ) 
4 188 (-520 1024 -584 ) (-520 1992 -584 ) (0 1992 -584 ) (0 1024 -584 ) 
4 188 (0 1992 -584 ) (-520 1992 -584 ) (-520 1992 0 ) (0 1992 0 ) 
4 188 (-520 1992 0 ) (-520 1992 -584 ) (-520 1024 -584 ) (-520 1024 0 ) 
4 188 (0 1992 0 ) (0 1024 0 ) (0 1024 -584 ) (0 1992 -584 ) 
4 189 (-512 576 320 ) (0 576 320 ) (0 576 8 ) (-512 576 8 ) 
4 189 (0 0 8 ) (-512 0 8 ) (-512 576 8 ) (0 576 8 ) 
4 189 (0 576 320 ) (-512 576 320 ) (-512 0 320 ) (0 0 320 ) 
4 189 (-512 576 320 ) (-512 576 8 ) (-512 0 8 ) (-512 0 320 ) 
4 190 (-512 0 8 ) (-512 -576 8 ) (-512 -576 320 ) (-512 0 320 ) 
4 190 (0 -576 320 ) (0 0 320 ) (-512 0 320 ) (-512 -576 320 ) 
4 190 (-512 -576 8 ) (-512 0 8 ) (0 0 8 ) (0 -576 8 ) 
4 190 (-512 -576 320 ) (-512 -576 8 ) (0 -576 8 ) (0 -576 320 ) 
4 191 (-520 -1024 968 ) (-520 -2048 968 ) (0 -2048 968 ) (0 -1024 968 ) 
4 191 (-520 -2048 0 ) (-520 -2048 968 ) (-520 -1024 968 ) (-520 -1024 0 ) 
4 191 (0 -1024 320 ) (0 -1024 968 ) (0 -2048 968 ) (0 -2048 320 ) 
4 191 (0 -1088 0 ) (0 -1024 0 ) (0 -1024 320 ) (0 -1088 320 ) 
4 191 (0 -1088 0 ) (0 -1088 320 ) (0 -2048 320 ) (0 -2048 0 ) 
4 191 (-520 -1024 320 ) (-520 -1024 968 ) (0 -1024 968 ) (0 -1024 320 ) 
4 191 (-520 -1024 0 ) (-520 -1024 8 ) (0 -1024 8 ) (0 -1024 0 ) 
4 191 (-512 -1024 8 ) (-520 -1024 8 ) (-520 -1024 320 ) (-512 -1024 320 ) 
4 191 (-512 -1024 8 ) (-512 -1024 320 ) (0 -1024 320 ) (0 -1024 8 ) 
4 192 (-520 -2048 -584 ) (-520 -1024 -584 ) (0 -1024 -584 ) (0 -2048 -584 ) 
4 192 (-520 -1024 -584 ) (-520 -2048 -584 ) (-520 -2048 0 ) (-520 -1024 0 ) 
4 192 (0 -1024 -576 ) (0 -2048 -576 ) (0 -2048 -584 ) (0 -1024 -584 ) 
4 192 (0 -1024 -576 ) (0 -1024 0 ) (0 -2048 0 ) (0 -2048 -576 ) 
4 192 (-520 -1024 0 ) (0 -1024 0 ) (0 -1024 -584 ) (-520 -1024 -584 ) 
4 193 (0 -2048 0 ) (0 -2048 968 ) (0 -2824 968 ) (0 -2824 0 ) 
4 193 (-520 -2824 0 ) (-520 -2824 968 ) (-520 -2048 968 ) (-520 -2048 0 ) 
4 193 (-520 -2824 968 ) (-520 -2824 0 ) (0 -2824 0 ) (0 -2824 968 ) 
4 193 (-520 -2048 968 ) (-520 -2824 968 ) (0 -2824 968 ) (0 -2048 968 ) 
4 194 (0 -2048 -576 ) (0 -2048 -568 ) (0 -2824 -568 ) (0 -2824 -576 ) 
4 194 (0 -2048 -576 ) (0 -2824 -576 ) (0 -2824 -584 ) (0 -2048 -584 ) 
4 194 (0 -2816 -568 ) (0 -2048 -568 ) (0 -2048 0 ) (0 -2816 0 ) 
4 194 (0 -2816 -568 ) (0 -2816 0 ) (0 -2824 0 ) (0 -2824 -568 ) 
4 194 (-520 -2048 -584 ) (-520 -2824 -584 ) (-520 -2824 0 ) (-520 -2048 0 ) 
4 194 (-520 -2824 0 ) (-520 -2824 -584 ) (0 -2824 -584 ) (0 -2824 0 ) 
4 194 (0 -2824 -584 ) (-520 -2824 -584 ) (-520 -2048 -584 ) (0 -2048 -584 ) 
