PRT1
84
172
308
4 0 13 0 (1216 0 1024 ) (1536 0 1024 ) (1536 0 1088 ) (1216 0 1088 ) 
4 0 2 0 (1536 0 1024 ) (1408 0 1024 ) (1408 384 1024 ) (1536 384 1024 ) 
4 0 4 0 (1408 0 1024 ) (1216 0 1024 ) (1216 384 1024 ) (1408 384 1024 ) 
4 1 26 0 (1024 0 1088 ) (1024 0 1472 ) (1024 128 1472 ) (1024 128 1088 ) 
4 1 14 0 (1024 0 1472 ) (1024 0 1088 ) (1152 0 1088 ) (1152 0 1472 ) 
4 2 15 0 (1536 0 640 ) (1536 0 1024 ) (1408 0 1024 ) (1408 0 512 ) 
4 2 4 0 (1408 384 1024 ) (1408 384 512 ) (1408 0 512 ) (1408 0 1024 ) 
4 3 16 0 (1408 0 0 ) (1536 0 0 ) (1536 0 448 ) (1408 0 448 ) 
4 3 11 0 (1536 0 0 ) (1408 0 0 ) (1408 384 0 ) (1536 384 0 ) 
4 3 4 0 (1408 384 448 ) (1408 384 0 ) (1408 0 0 ) (1408 0 448 ) 
4 4 17 0 (1216 0 0 ) (1408 0 0 ) (1408 0 1024 ) (1216 0 1024 ) 
4 4 11 0 (1408 0 0 ) (1216 0 0 ) (1216 384 0 ) (1408 384 0 ) 
4 4 6 0 (1216 0 128 ) (1216 0 384 ) (1216 128 384 ) (1216 128 128 ) 
4 4 5 0 (1216 0 640 ) (1216 0 1024 ) (1216 128 1024 ) (1216 128 640 ) 
4 5 27 0 (1024 0 640 ) (1024 0 1024 ) (1024 128 1024 ) (1024 128 640 ) 
4 5 18 0 (1024 0 1024 ) (1024 0 640 ) (1216 0 640 ) (1216 0 1024 ) 
4 6 28 0 (1024 0 128 ) (1024 0 384 ) (1024 128 384 ) (1024 128 128 ) 
4 6 19 0 (1024 0 384 ) (1024 0 128 ) (1216 0 128 ) (1216 0 384 ) 
4 6 8 0 (1152 64 128 ) (1152 0 128 ) (1088 0 128 ) (1088 64 128 ) 
4 6 7 0 (1088 128 128 ) (1152 128 128 ) (1152 64 128 ) (1088 64 128 ) 
4 6 9 0 (1024 128 128 ) (1088 128 128 ) (1088 0 128 ) (1024 0 128 ) 
4 7 8 0 (1088 64 128 ) (1088 64 64 ) (1152 64 64 ) (1152 64 128 ) 
4 7 9 0 (1088 128 8 ) (1088 64 8 ) (1088 64 128 ) (1088 128 128 ) 
4 8 20 0 (1152 0 64 ) (1152 0 128 ) (1088 0 128 ) (1088 0 64 ) 
4 8 9 0 (1088 0 64 ) (1088 0 128 ) (1088 64 128 ) (1088 64 64 ) 
4 9 28 0 (1024 0 8 ) (1024 0 128 ) (1024 128 128 ) (1024 128 8 ) 
4 9 22 0 (1024 0 128 ) (1024 0 8 ) (1088 0 8 ) (1088 0 128 ) 
4 9 10 0 (1088 64 8 ) (1088 0 8 ) (1024 0 8 ) (1024 64 8 ) 
4 10 30 0 (1024 0 0 ) (1024 0 8 ) (1024 64 8 ) (1024 64 0 ) 
4 10 23 0 (1024 0 8 ) (1024 0 0 ) (1088 0 0 ) (1088 0 8 ) 
4 10 12 0 (1088 0 0 ) (1024 0 0 ) (1024 64 0 ) (1088 64 0 ) 
4 11 24 0 (1536 0 0 ) (1216 0 0 ) (1216 0 -192 ) (1536 0 -192 ) 
4 12 34 0 (1024 0 -192 ) (1024 0 0 ) (1024 64 0 ) (1024 64 -192 ) 
4 12 25 0 (1024 0 0 ) (1024 0 -192 ) (1088 0 -192 ) (1088 0 0 ) 
4 13 15 0 (1408 0 1024 ) (1536 0 1024 ) (1536 -384 1024 ) (1408 -384 1024 ) 
4 13 17 0 (1216 0 1024 ) (1408 0 1024 ) (1408 -384 1024 ) (1216 -384 1024 ) 
4 14 36 0 (1024 -128 1472 ) (1024 0 1472 ) (1024 0 1088 ) (1024 -128 1088 ) 
4 15 17 0 (1408 -384 512 ) (1408 -384 1024 ) (1408 0 1024 ) (1408 0 512 ) 
4 16 24 0 (1408 0 0 ) (1536 0 0 ) (1536 -384 0 ) (1408 -384 0 ) 
4 16 17 0 (1408 0 0 ) (1408 -384 0 ) (1408 -384 448 ) (1408 0 448 ) 
4 17 24 0 (1216 -384 0 ) (1216 0 0 ) (1408 0 0 ) (1408 -384 0 ) 
4 17 18 0 (1216 -128 640 ) (1216 -128 1024 ) (1216 0 1024 ) (1216 0 640 ) 
4 17 19 0 (1216 -128 128 ) (1216 -128 384 ) (1216 0 384 ) (1216 0 128 ) 
4 18 37 0 (1024 -128 1024 ) (1024 0 1024 ) (1024 0 640 ) (1024 -128 640 ) 
4 19 38 0 (1024 0 384 ) (1024 0 128 ) (1024 -128 128 ) (1024 -128 384 ) 
4 19 22 0 (1088 -128 128 ) (1024 -128 128 ) (1024 0 128 ) (1088 0 128 ) 
4 19 21 0 (1152 -128 128 ) (1088 -128 128 ) (1088 -64 128 ) (1152 -64 128 ) 
4 19 20 0 (1088 -64 128 ) (1088 0 128 ) (1152 0 128 ) (1152 -64 128 ) 
4 20 22 0 (1088 -64 64 ) (1088 -64 128 ) (1088 0 128 ) (1088 0 64 ) 
4 20 21 0 (1088 -64 128 ) (1088 -64 64 ) (1152 -64 64 ) (1152 -64 128 ) 
4 21 22 0 (1088 -128 8 ) (1088 -128 128 ) (1088 -64 128 ) (1088 -64 8 ) 
4 22 38 0 (1024 0 128 ) (1024 0 8 ) (1024 -128 8 ) (1024 -128 128 ) 
4 22 23 0 (1024 0 8 ) (1088 0 8 ) (1088 -64 8 ) (1024 -64 8 ) 
4 23 39 0 (1024 0 8 ) (1024 0 0 ) (1024 -64 0 ) (1024 -64 8 ) 
4 23 25 0 (1024 -64 0 ) (1024 0 0 ) (1088 0 0 ) (1088 -64 0 ) 
4 25 44 0 (1024 -64 -192 ) (1024 -64 0 ) (1024 0 0 ) (1024 0 -192 ) 
4 26 51 0 (0 0 1096 ) (0 0 1216 ) (0 128 1216 ) (0 128 1096 ) 
4 26 50 0 (0 0 1216 ) (0 0 1472 ) (0 128 1472 ) (0 128 1216 ) 
4 26 36 0 (0 0 1472 ) (0 0 1088 ) (1024 0 1088 ) (1024 0 1472 ) 
4 27 53 0 (0 0 640 ) (0 0 1024 ) (0 128 1024 ) (0 128 640 ) 
4 27 37 0 (0 0 1024 ) (0 0 640 ) (1024 0 640 ) (1024 0 1024 ) 
4 28 55 0 (0 128 8 ) (0 0 8 ) (0 0 384 ) (0 128 384 ) 
4 28 38 0 (0 0 384 ) (0 0 8 ) (1024 0 8 ) (1024 0 384 ) 
4 28 32 0 (512 0 8 ) (192 0 8 ) (192 64 8 ) (512 64 8 ) 
4 28 31 0 (896 0 8 ) (576 0 8 ) (576 64 8 ) (896 64 8 ) 
4 28 33 0 (128 0 8 ) (0 0 8 ) (0 64 8 ) (128 64 8 ) 
4 28 30 0 (1024 0 8 ) (960 0 8 ) (960 64 8 ) (1024 64 8 ) 
4 28 29 0 (0 64 8 ) (0 128 8 ) (896 128 8 ) (896 64 8 ) 
4 29 56 0 (0 128 0 ) (0 64 0 ) (0 64 8 ) (0 128 8 ) 
4 29 35 0 (0 64 0 ) (0 128 0 ) (896 128 0 ) (896 64 0 ) 
4 29 32 0 (192 64 0 ) (512 64 0 ) (512 64 8 ) (192 64 8 ) 
4 29 31 0 (576 64 0 ) (896 64 0 ) (896 64 8 ) (576 64 8 ) 
4 29 33 0 (0 64 0 ) (128 64 0 ) (128 64 8 ) (0 64 8 ) 
4 30 39 0 (960 0 0 ) (1024 0 0 ) (1024 0 8 ) (960 0 8 ) 
4 30 34 0 (1024 0 0 ) (960 0 0 ) (960 64 0 ) (1024 64 0 ) 
4 31 40 0 (576 0 0 ) (896 0 0 ) (896 0 8 ) (576 0 8 ) 
4 31 35 0 (896 0 0 ) (576 0 0 ) (576 64 0 ) (896 64 0 ) 
4 32 41 0 (192 0 0 ) (512 0 0 ) (512 0 8 ) (192 0 8 ) 
4 32 35 0 (512 0 0 ) (192 0 0 ) (192 64 0 ) (512 64 0 ) 
4 33 56 0 (0 64 0 ) (0 0 0 ) (0 0 8 ) (0 64 8 ) 
4 33 42 0 (0 0 8 ) (0 0 0 ) (128 0 0 ) (128 0 8 ) 
4 33 35 0 (128 0 0 ) (0 0 0 ) (0 64 0 ) (128 64 0 ) 
4 34 44 0 (1024 0 -192 ) (1024 0 0 ) (960 0 0 ) (960 0 -192 ) 
4 35 58 0 (0 0 -64 ) (0 0 0 ) (0 128 0 ) (0 128 -64 ) 
4 35 45 0 (0 0 0 ) (0 0 -64 ) (896 0 -64 ) (896 0 0 ) 
4 36 63 0 (0 0 1216 ) (0 0 1096 ) (0 -128 1096 ) (0 -128 1216 ) 
4 36 62 0 (0 0 1472 ) (0 0 1216 ) (0 -128 1216 ) (0 -128 1472 ) 
4 37 66 0 (0 -128 1024 ) (0 0 1024 ) (0 0 640 ) (0 -128 640 ) 
4 38 68 0 (0 0 384 ) (0 0 8 ) (0 -128 8 ) (0 -128 384 ) 
4 38 43 0 (0 -128 8 ) (0 -64 8 ) (896 -64 8 ) (896 -128 8 ) 
4 38 41 0 (192 0 8 ) (512 0 8 ) (512 -64 8 ) (192 -64 8 ) 
4 38 40 0 (576 0 8 ) (896 0 8 ) (896 -64 8 ) (576 -64 8 ) 
4 38 42 0 (0 -64 8 ) (0 0 8 ) (128 0 8 ) (128 -64 8 ) 
4 38 39 0 (960 0 8 ) (1024 0 8 ) (1024 -64 8 ) (960 -64 8 ) 
4 39 44 0 (960 0 0 ) (1024 0 0 ) (1024 -64 0 ) (960 -64 0 ) 
4 40 45 0 (576 0 0 ) (896 0 0 ) (896 -64 0 ) (576 -64 0 ) 
4 40 43 0 (576 -64 0 ) (896 -64 0 ) (896 -64 8 ) (576 -64 8 ) 
4 41 45 0 (192 0 0 ) (512 0 0 ) (512 -64 0 ) (192 -64 0 ) 
4 41 43 0 (192 -64 0 ) (512 -64 0 ) (512 -64 8 ) (192 -64 8 ) 
4 42 69 0 (0 -64 8 ) (0 0 8 ) (0 0 0 ) (0 -64 0 ) 
4 42 45 0 (0 -64 0 ) (0 0 0 ) (128 0 0 ) (128 -64 0 ) 
4 42 43 0 (0 -64 0 ) (128 -64 0 ) (128 -64 8 ) (0 -64 8 ) 
4 43 69 0 (0 -128 8 ) (0 -64 8 ) (0 -64 0 ) (0 -128 0 ) 
4 43 45 0 (0 -128 0 ) (0 -64 0 ) (896 -64 0 ) (896 -128 0 ) 
4 45 71 0 (0 -128 -64 ) (0 -128 0 ) (0 0 0 ) (0 0 -64 ) 
4 46 59 0 (-896 0 1472 ) (-512 0 1472 ) (-512 0 1792 ) (-896 0 1792 ) 
4 46 50 0 (-512 0 1472 ) (-896 0 1472 ) (-896 128 1472 ) (-512 128 1472 ) 
4 46 49 0 (-896 128 1472 ) (-896 384 1472 ) (-512 384 1472 ) (-512 128 1472 ) 
4 46 47 0 (-896 384 1792 ) (-896 384 1472 ) (-896 192 1472 ) (-896 192 1792 ) 
4 47 72 0 (-1024 192 1792 ) (-1024 384 1792 ) (-1024 384 1472 ) (-1024 192 1472 ) 
4 47 49 0 (-1024 192 1472 ) (-1024 384 1472 ) (-896 384 1472 ) (-896 192 1472 ) 
4 48 73 0 (-1024 0 1472 ) (-1024 0 1728 ) (-1024 128 1728 ) (-1024 128 1472 ) 
4 48 60 0 (-1024 0 1728 ) (-1024 0 1472 ) (-960 0 1472 ) (-960 0 1728 ) 
4 48 50 0 (-960 0 1472 ) (-1024 0 1472 ) (-1024 128 1472 ) (-960 128 1472 ) 
4 49 75 0 (-1024 128 1472 ) (-1024 384 1472 ) (-1024 384 1216 ) (-1024 128 1216 ) 
4 49 50 0 (-512 128 1472 ) (-1024 128 1472 ) (-1024 128 1216 ) (-512 128 1216 ) 
4 50 75 0 (-1024 0 1216 ) (-1024 0 1472 ) (-1024 128 1472 ) (-1024 128 1216 ) 
4 50 62 0 (-1024 0 1472 ) (-1024 0 1216 ) (0 0 1216 ) (0 0 1472 ) 
4 50 52 0 (-64 0 1216 ) (-384 0 1216 ) (-384 128 1216 ) (-64 128 1216 ) 
4 50 51 0 (0 0 1216 ) (-64 0 1216 ) (-64 128 1216 ) (0 128 1216 ) 
4 51 63 0 (0 0 1096 ) (0 0 1216 ) (-64 0 1216 ) (-64 0 1144 ) 
4 51 52 0 (-64 0 1216 ) (-64 128 1216 ) (-64 128 1144 ) (-64 0 1144 ) 
4 52 64 0 (-384 0 1024 ) (-64 0 1024 ) (-64 0 1216 ) (-384 0 1216 ) 
4 52 54 0 (-256 0 1024 ) (-384 0 1024 ) (-384 128 1024 ) (-256 128 1024 ) 
4 52 53 0 (-64 0 1024 ) (-256 0 1024 ) (-256 128 1024 ) (-64 128 1024 ) 
4 53 66 0 (0 0 640 ) (0 0 1024 ) (-256 0 1024 ) (-256 0 640 ) 
4 53 54 0 (-256 128 1024 ) (-256 128 768 ) (-256 0 768 ) (-256 0 1024 ) 
4 54 67 0 (-256 0 1024 ) (-384 0 1024 ) (-384 0 832 ) (-256 0 768 ) 
4 55 68 0 (0 0 8 ) (0 0 384 ) (-384 0 384 ) (-384 0 8 ) 
4 55 57 0 (-384 64 8 ) (-384 128 8 ) (-192 128 8 ) (-192 64 8 ) 
4 55 56 0 (0 0 8 ) (-192 0 8 ) (-192 128 8 ) (0 128 8 ) 
4 56 69 0 (-192 0 0 ) (0 0 0 ) (0 0 8 ) (-192 0 8 ) 
4 56 58 0 (0 0 0 ) (-192 0 0 ) (-192 128 0 ) (0 128 0 ) 
4 56 57 0 (-192 64 8 ) (-192 128 8 ) (-192 128 0 ) (-192 64 0 ) 
4 57 58 0 (-384 64 0 ) (-384 128 0 ) (-192 128 0 ) (-192 64 0 ) 
4 58 71 0 (-384 0 -64 ) (0 0 -64 ) (0 0 0 ) (-384 0 0 ) 
4 59 65 0 (-512 -128 1472 ) (-512 -384 1472 ) (-896 -384 1472 ) (-896 -128 1472 ) 
4 59 62 0 (-896 0 1472 ) (-512 0 1472 ) (-512 -128 1472 ) (-896 -128 1472 ) 
4 59 61 0 (-896 -192 1472 ) (-896 -384 1472 ) (-896 -384 1792 ) (-896 -192 1792 ) 
4 60 78 0 (-1024 0 1728 ) (-1024 0 1472 ) (-1024 -128 1472 ) (-1024 -128 1728 ) 
4 60 62 0 (-1024 -128 1472 ) (-1024 0 1472 ) (-960 0 1472 ) (-960 -128 1472 ) 
4 61 79 0 (-1024 -384 1792 ) (-1024 -192 1792 ) (-1024 -192 1472 ) (-1024 -384 1472 ) 
4 61 65 0 (-1024 -384 1472 ) (-1024 -192 1472 ) (-896 -192 1472 ) (-896 -384 1472 ) 
4 62 81 0 (-1024 -128 1472 ) (-1024 0 1472 ) (-1024 0 1216 ) (-1024 -128 1216 ) 
4 62 65 0 (-512 -128 1472 ) (-1024 -128 1472 ) (-1024 -128 1216 ) (-512 -128 1216 ) 
4 62 64 0 (-64 -128 1216 ) (-384 -128 1216 ) (-384 0 1216 ) (-64 0 1216 ) 
4 62 63 0 (0 -128 1216 ) (-64 -128 1216 ) (-64 0 1216 ) (0 0 1216 ) 
4 63 64 0 (-64 -128 1144 ) (-64 -128 1216 ) (-64 0 1216 ) (-64 0 1144 ) 
4 64 67 0 (-384 0 1024 ) (-256 0 1024 ) (-256 -128 1024 ) (-384 -128 1024 ) 
4 64 66 0 (-256 0 1024 ) (-64 0 1024 ) (-64 -128 1024 ) (-256 -128 1024 ) 
4 65 81 0 (-1024 -384 1472 ) (-1024 -128 1472 ) (-1024 -128 1216 ) (-1024 -384 1216 ) 
4 66 67 0 (-256 -128 768 ) (-256 -128 1024 ) (-256 0 1024 ) (-256 0 768 ) 
4 68 70 0 (-192 -128 8 ) (-384 -128 8 ) (-384 -64 8 ) (-192 -64 8 ) 
4 68 69 0 (0 -128 8 ) (-192 -128 8 ) (-192 0 8 ) (0 0 8 ) 
4 69 71 0 (-192 0 0 ) (0 0 0 ) (0 -128 0 ) (-192 -128 0 ) 
4 69 70 0 (-192 -64 0 ) (-192 -128 0 ) (-192 -128 8 ) (-192 -64 8 ) 
4 70 71 0 (-192 -64 0 ) (-192 -128 0 ) (-384 -128 0 ) (-384 -64 0 ) 
4 72 74 0 (-1344 384 1792 ) (-1344 384 1472 ) (-1344 192 1472 ) (-1344 192 1792 ) 
4 72 75 0 (-1344 192 1472 ) (-1344 384 1472 ) (-1024 384 1472 ) (-1024 192 1472 ) 
4 73 78 0 (-1024 0 1472 ) (-1024 0 1728 ) (-1280 0 1728 ) (-1280 0 1472 ) 
4 73 75 0 (-1024 0 1472 ) (-1280 0 1472 ) (-1280 128 1472 ) (-1024 128 1472 ) 
4 74 80 0 (-1792 0 1792 ) (-1792 0 1472 ) (-1344 0 1472 ) (-1344 0 1792 ) 
4 74 75 0 (-1344 0 1472 ) (-1792 0 1472 ) (-1792 384 1472 ) (-1344 384 1472 ) 
4 75 81 0 (-1792 0 1216 ) (-1024 0 1216 ) (-1024 0 1472 ) (-1792 0 1472 ) 
4 76 82 0 (-1800 0 1024 ) (-1800 0 0 ) (-1024 0 0 ) (-1024 0 1024 ) 
4 76 77 0 (-1024 0 0 ) (-1800 0 0 ) (-1800 392 0 ) (-1024 392 0 ) 
4 77 83 0 (-1800 0 0 ) (-1800 0 -200 ) (-1024 0 -200 ) (-1024 0 0 ) 
4 78 81 0 (-1280 0 1472 ) (-1024 0 1472 ) (-1024 -128 1472 ) (-1280 -128 1472 ) 
4 79 80 0 (-1344 -192 1472 ) (-1344 -384 1472 ) (-1344 -384 1792 ) (-1344 -192 1792 ) 
4 79 81 0 (-1024 -384 1472 ) (-1344 -384 1472 ) (-1344 -192 1472 ) (-1024 -192 1472 ) 
4 80 81 0 (-1344 -384 1472 ) (-1792 -384 1472 ) (-1792 0 1472 ) (-1344 0 1472 ) 
4 82 83 0 (-1800 0 0 ) (-1024 0 0 ) (-1024 -392 0 ) (-1800 -392 0 ) 
4 0 (1216 128 1024 ) (1216 0 1024 ) (1216 0 1088 ) (1216 128 1088 ) 
4 0 (1216 384 1024 ) (1216 128 1024 ) (1216 128 1088 ) (1216 384 1088 ) 
4 0 (1536 384 1088 ) (1536 0 1088 ) (1536 0 1024 ) (1536 384 1024 ) 
4 0 (1536 384 1088 ) (1216 384 1088 ) (1216 0 1088 ) (1536 0 1088 ) 
4 0 (1216 384 1024 ) (1216 384 1088 ) (1536 384 1088 ) (1536 384 1024 ) 
4 1 (1152 0 1472 ) (1152 0 1088 ) (1152 128 1088 ) (1152 128 1472 ) 
4 1 (1152 128 1472 ) (1024 128 1472 ) (1024 0 1472 ) (1152 0 1472 ) 
4 1 (1024 128 1088 ) (1024 128 1472 ) (1152 128 1472 ) (1152 128 1088 ) 
4 1 (1024 128 1088 ) (1152 128 1088 ) (1152 0 1088 ) (1024 0 1088 ) 
4 2 (1536 0 1024 ) (1536 0 640 ) (1536 384 640 ) (1536 384 1024 ) 
4 2 (1408 384 512 ) (1408 384 1024 ) (1536 384 1024 ) (1536 384 640 ) 
4 2 (1408 0 512 ) (1408 384 512 ) (1536 384 640 ) (1536 0 640 ) 
4 3 (1536 0 448 ) (1536 384 448 ) (1408 384 448 ) (1408 0 448 ) 
4 3 (1408 384 448 ) (1536 384 448 ) (1536 384 0 ) (1408 384 0 ) 
4 3 (1536 0 448 ) (1536 0 0 ) (1536 384 0 ) (1536 384 448 ) 
4 4 (1216 128 0 ) (1216 0 0 ) (1216 0 8 ) (1216 128 8 ) 
4 4 (1216 0 8 ) (1216 0 128 ) (1216 128 128 ) (1216 128 8 ) 
4 4 (1216 0 384 ) (1216 0 640 ) (1216 128 640 ) (1216 128 384 ) 
4 4 (1216 384 0 ) (1216 128 0 ) (1216 128 1024 ) (1216 384 1024 ) 
4 4 (1408 0 512 ) (1408 0 448 ) (1408 384 448 ) (1408 384 512 ) 
4 4 (1408 384 1024 ) (1408 384 0 ) (1216 384 0 ) (1216 384 1024 ) 
4 5 (1024 128 640 ) (1024 128 1024 ) (1216 128 1024 ) (1216 128 640 ) 
4 5 (1216 128 1024 ) (1152 128 1024 ) (1152 0 1024 ) (1216 0 1024 ) 
4 5 (1152 128 1024 ) (1024 128 1024 ) (1024 0 1024 ) (1152 0 1024 ) 
4 5 (1024 128 640 ) (1216 128 640 ) (1216 0 640 ) (1024 0 640 ) 
4 6 (1152 128 128 ) (1216 128 128 ) (1216 0 128 ) (1152 0 128 ) 
4 6 (1024 128 128 ) (1024 128 384 ) (1216 128 384 ) (1216 128 128 ) 
4 6 (1024 0 384 ) (1216 0 384 ) (1216 128 384 ) (1024 128 384 ) 
4 7 (1088 128 8 ) (1152 128 8 ) (1152 64 8 ) (1088 64 8 ) 
4 7 (1088 64 64 ) (1088 64 8 ) (1152 64 8 ) (1152 64 64 ) 
4 7 (1152 128 128 ) (1152 64 128 ) (1152 64 8 ) (1152 128 8 ) 
4 7 (1152 128 8 ) (1088 128 8 ) (1088 128 128 ) (1152 128 128 ) 
4 8 (1152 64 64 ) (1152 64 128 ) (1152 0 128 ) (1152 0 64 ) 
4 8 (1088 0 64 ) (1088 64 64 ) (1152 64 64 ) (1152 0 64 ) 
4 9 (1024 128 8 ) (1088 128 8 ) (1088 64 8 ) (1024 64 8 ) 
4 9 (1088 64 64 ) (1088 0 64 ) (1088 0 8 ) (1088 64 8 ) 
4 9 (1088 128 8 ) (1024 128 8 ) (1024 128 128 ) (1088 128 128 ) 
4 10 (1088 0 0 ) (1088 64 0 ) (1088 64 8 ) (1088 0 8 ) 
4 10 (1024 64 8 ) (1088 64 8 ) (1088 64 0 ) (1024 64 0 ) 
4 11 (1216 0 -192 ) (1216 0 0 ) (1216 64 0 ) (1216 64 -192 ) 
4 11 (1216 64 0 ) (1216 128 0 ) (1216 128 -192 ) (1216 64 -192 ) 
4 11 (1216 128 0 ) (1216 384 0 ) (1216 384 -192 ) (1216 128 -192 ) 
4 11 (1536 384 0 ) (1536 384 -192 ) (1216 384 -192 ) (1216 384 0 ) 
4 11 (1536 0 -192 ) (1216 0 -192 ) (1216 384 -192 ) (1536 384 -192 ) 
4 11 (1536 0 0 ) (1536 0 -192 ) (1536 384 -192 ) (1536 384 0 ) 
4 12 (1024 64 -192 ) (1088 64 -192 ) (1088 0 -192 ) (1024 0 -192 ) 
4 12 (1088 64 -192 ) (1024 64 -192 ) (1024 64 0 ) (1088 64 0 ) 
4 12 (1088 0 0 ) (1088 0 -192 ) (1088 64 -192 ) (1088 64 0 ) 
4 13 (1216 0 1088 ) (1216 0 1024 ) (1216 -128 1024 ) (1216 -128 1088 ) 
4 13 (1216 -128 1024 ) (1216 -384 1024 ) (1216 -384 1088 ) (1216 -128 1088 ) 
4 13 (1536 -384 1088 ) (1216 -384 1088 ) (1216 -384 1024 ) (1536 -384 1024 ) 
4 13 (1536 -384 1088 ) (1536 0 1088 ) (1216 0 1088 ) (1216 -384 1088 ) 
4 13 (1536 0 1088 ) (1536 -384 1088 ) (1536 -384 1024 ) (1536 0 1024 ) 
4 14 (1152 0 1088 ) (1152 0 1472 ) (1152 -128 1472 ) (1152 -128 1088 ) 
4 14 (1152 -128 1472 ) (1152 0 1472 ) (1024 0 1472 ) (1024 -128 1472 ) 
4 14 (1152 -128 1088 ) (1152 -128 1472 ) (1024 -128 1472 ) (1024 -128 1088 ) 
4 14 (1024 0 1088 ) (1152 0 1088 ) (1152 -128 1088 ) (1024 -128 1088 ) 
4 15 (1536 -384 640 ) (1536 -384 1024 ) (1408 -384 1024 ) (1408 -384 512 ) 
4 15 (1536 0 640 ) (1536 0 1024 ) (1536 -384 1024 ) (1536 -384 640 ) 
4 15 (1536 -384 640 ) (1408 -384 512 ) (1408 0 512 ) (1536 0 640 ) 
4 16 (1536 0 448 ) (1408 0 448 ) (1408 -384 448 ) (1536 -384 448 ) 
4 16 (1536 0 448 ) (1536 -384 448 ) (1536 -384 0 ) (1536 0 0 ) 
4 16 (1408 -384 0 ) (1536 -384 0 ) (1536 -384 448 ) (1408 -384 448 ) 
4 17 (1216 0 0 ) (1216 -128 0 ) (1216 -128 128 ) (1216 0 128 ) 
4 17 (1216 -128 384 ) (1216 -128 640 ) (1216 0 640 ) (1216 0 384 ) 
4 17 (1216 -128 0 ) (1216 -384 0 ) (1216 -384 1024 ) (1216 -128 1024 ) 
4 17 (1408 0 448 ) (1408 0 512 ) (1408 -384 512 ) (1408 -384 448 ) 
4 17 (1216 -384 1024 ) (1216 -384 0 ) (1408 -384 0 ) (1408 -384 1024 ) 
4 18 (1216 -128 640 ) (1216 -128 1024 ) (1024 -128 1024 ) (1024 -128 640 ) 
4 18 (1152 -128 1024 ) (1216 -128 1024 ) (1216 0 1024 ) (1152 0 1024 ) 
4 18 (1152 -128 1024 ) (1152 0 1024 ) (1024 0 1024 ) (1024 -128 1024 ) 
4 18 (1216 -128 640 ) (1024 -128 640 ) (1024 0 640 ) (1216 0 640 ) 
4 19 (1216 -128 128 ) (1152 -128 128 ) (1152 0 128 ) (1216 0 128 ) 
4 19 (1216 0 384 ) (1024 0 384 ) (1024 -128 384 ) (1216 -128 384 ) 
4 19 (1216 -128 128 ) (1216 -128 384 ) (1024 -128 384 ) (1024 -128 128 ) 
4 20 (1152 0 64 ) (1152 0 128 ) (1152 -64 128 ) (1152 -64 64 ) 
4 20 (1152 -64 64 ) (1088 -64 64 ) (1088 0 64 ) (1152 0 64 ) 
4 21 (1152 -128 8 ) (1152 -128 128 ) (1088 -128 128 ) (1088 -128 8 ) 
4 21 (1152 -64 8 ) (1152 -64 128 ) (1152 -128 128 ) (1152 -128 8 ) 
4 21 (1152 -64 64 ) (1152 -64 8 ) (1088 -64 8 ) (1088 -64 64 ) 
4 21 (1088 -128 8 ) (1088 -64 8 ) (1152 -64 8 ) (1152 -128 8 ) 
4 22 (1088 -64 8 ) (1088 -128 8 ) (1024 -128 8 ) (1024 -64 8 ) 
4 22 (1088 -128 8 ) (1088 -128 128 ) (1024 -128 128 ) (1024 -128 8 ) 
4 22 (1088 0 8 ) (1088 0 64 ) (1088 -64 64 ) (1088 -64 8 ) 
4 23 (1088 0 8 ) (1088 -64 8 ) (1088 -64 0 ) (1088 0 0 ) 
4 23 (1024 -64 0 ) (1088 -64 0 ) (1088 -64 8 ) (1024 -64 8 ) 
4 24 (1216 -384 0 ) (1216 -128 0 ) (1216 -128 -192 ) (1216 -384 -192 ) 
4 24 (1216 -128 0 ) (1216 -64 0 ) (1216 -64 -192 ) (1216 -128 -192 ) 
4 24 (1216 -64 0 ) (1216 0 0 ) (1216 0 -192 ) (1216 -64 -192 ) 
4 24 (1536 0 0 ) (1536 -384 0 ) (1536 -384 -192 ) (1536 0 -192 ) 
4 24 (1216 -384 -192 ) (1216 0 -192 ) (1536 0 -192 ) (1536 -384 -192 ) 
4 24 (1216 -384 0 ) (1216 -384 -192 ) (1536 -384 -192 ) (1536 -384 0 ) 
4 25 (1088 -64 0 ) (1024 -64 0 ) (1024 -64 -192 ) (1088 -64 -192 ) 
4 25 (1088 -64 -192 ) (1024 -64 -192 ) (1024 0 -192 ) (1088 0 -192 ) 
4 25 (1088 0 0 ) (1088 -64 0 ) (1088 -64 -192 ) (1088 0 -192 ) 
4 26 (0 0 1088 ) (0 0 1096 ) (0 128 1096 ) (0 128 1088 ) 
4 26 (1024 128 1472 ) (0 128 1472 ) (0 0 1472 ) (1024 0 1472 ) 
4 26 (1024 128 1472 ) (1024 128 1088 ) (0 128 1088 ) (0 128 1472 ) 
4 26 (1024 0 1088 ) (0 0 1088 ) (0 128 1088 ) (1024 128 1088 ) 
4 27 (1024 0 640 ) (0 0 640 ) (0 128 640 ) (1024 128 640 ) 
4 27 (0 128 640 ) (0 128 1024 ) (1024 128 1024 ) (1024 128 640 ) 
4 27 (1024 128 1024 ) (0 128 1024 ) (0 0 1024 ) (1024 0 1024 ) 
4 28 (576 0 8 ) (512 0 8 ) (512 64 8 ) (576 64 8 ) 
4 28 (192 0 8 ) (128 0 8 ) (128 64 8 ) (192 64 8 ) 
4 28 (960 0 8 ) (896 0 8 ) (896 64 8 ) (960 64 8 ) 
4 28 (896 128 8 ) (1024 128 8 ) (1024 64 8 ) (896 64 8 ) 
4 28 (0 128 384 ) (1024 128 384 ) (1024 128 8 ) (0 128 8 ) 
4 28 (1024 128 384 ) (0 128 384 ) (0 0 384 ) (1024 0 384 ) 
4 29 (512 64 0 ) (576 64 0 ) (576 64 8 ) (512 64 8 ) 
4 29 (128 64 0 ) (192 64 0 ) (192 64 8 ) (128 64 8 ) 
4 29 (0 128 8 ) (896 128 8 ) (896 128 0 ) (0 128 0 ) 
4 29 (896 64 8 ) (896 64 0 ) (896 128 0 ) (896 128 8 ) 
4 30 (960 64 8 ) (960 64 0 ) (960 0 0 ) (960 0 8 ) 
4 30 (960 64 8 ) (1024 64 8 ) (1024 64 0 ) (960 64 0 ) 
4 31 (576 64 8 ) (576 64 0 ) (576 0 0 ) (576 0 8 ) 
4 31 (896 0 8 ) (896 0 0 ) (896 64 0 ) (896 64 8 ) 
4 32 (192 64 8 ) (192 64 0 ) (192 0 0 ) (192 0 8 ) 
4 32 (512 0 8 ) (512 0 0 ) (512 64 0 ) (512 64 8 ) 
4 33 (128 0 8 ) (128 0 0 ) (128 64 0 ) (128 64 8 ) 
4 34 (960 0 -64 ) (960 0 0 ) (960 64 0 ) (960 64 -64 ) 
4 34 (960 64 -192 ) (960 0 -192 ) (960 0 -64 ) (960 64 -64 ) 
4 34 (1024 0 -192 ) (960 0 -192 ) (960 64 -192 ) (1024 64 -192 ) 
4 34 (1024 64 0 ) (1024 64 -192 ) (960 64 -192 ) (960 64 0 ) 
4 35 (0 128 -64 ) (896 128 -64 ) (896 0 -64 ) (0 0 -64 ) 
4 35 (896 128 -64 ) (0 128 -64 ) (0 128 0 ) (896 128 0 ) 
4 35 (576 64 0 ) (512 64 0 ) (512 0 0 ) (576 0 0 ) 
4 35 (192 64 0 ) (128 64 0 ) (128 0 0 ) (192 0 0 ) 
4 35 (896 0 0 ) (896 0 -64 ) (896 128 -64 ) (896 128 0 ) 
4 36 (0 0 1096 ) (0 0 1088 ) (0 -128 1088 ) (0 -128 1096 ) 
4 36 (1024 0 1472 ) (0 0 1472 ) (0 -128 1472 ) (1024 -128 1472 ) 
4 36 (0 -128 1472 ) (0 -128 1088 ) (1024 -128 1088 ) (1024 -128 1472 ) 
4 36 (1024 -128 1088 ) (0 -128 1088 ) (0 0 1088 ) (1024 0 1088 ) 
4 37 (1024 -128 640 ) (0 -128 640 ) (0 0 640 ) (1024 0 640 ) 
4 37 (1024 -128 640 ) (1024 -128 1024 ) (0 -128 1024 ) (0 -128 640 ) 
4 37 (1024 -128 1024 ) (1024 0 1024 ) (0 0 1024 ) (0 -128 1024 ) 
4 38 (896 -64 8 ) (1024 -64 8 ) (1024 -128 8 ) (896 -128 8 ) 
4 38 (512 0 8 ) (576 0 8 ) (576 -64 8 ) (512 -64 8 ) 
4 38 (128 0 8 ) (192 0 8 ) (192 -64 8 ) (128 -64 8 ) 
4 38 (896 0 8 ) (960 0 8 ) (960 -64 8 ) (896 -64 8 ) 
4 38 (0 -128 8 ) (1024 -128 8 ) (1024 -128 384 ) (0 -128 384 ) 
4 38 (1024 0 384 ) (0 0 384 ) (0 -128 384 ) (1024 -128 384 ) 
4 39 (960 -64 0 ) (1024 -64 0 ) (1024 -64 8 ) (960 -64 8 ) 
4 39 (960 0 0 ) (960 -64 0 ) (960 -64 8 ) (960 0 8 ) 
4 40 (576 0 0 ) (576 -64 0 ) (576 -64 8 ) (576 0 8 ) 
4 40 (896 0 8 ) (896 -64 8 ) (896 -64 0 ) (896 0 0 ) 
4 41 (192 0 0 ) (192 -64 0 ) (192 -64 8 ) (192 0 8 ) 
4 41 (512 0 8 ) (512 -64 8 ) (512 -64 0 ) (512 0 0 ) 
4 42 (128 0 8 ) (128 -64 8 ) (128 -64 0 ) (128 0 0 ) 
4 43 (0 -128 0 ) (896 -128 0 ) (896 -128 8 ) (0 -128 8 ) 
4 43 (512 -64 8 ) (576 -64 8 ) (576 -64 0 ) (512 -64 0 ) 
4 43 (128 -64 8 ) (192 -64 8 ) (192 -64 0 ) (128 -64 0 ) 
4 43 (896 -128 8 ) (896 -128 0 ) (896 -64 0 ) (896 -64 8 ) 
4 44 (960 -64 0 ) (960 0 0 ) (960 0 -64 ) (960 -64 -64 ) 
4 44 (960 0 -64 ) (960 0 -192 ) (960 -64 -192 ) (960 -64 -64 ) 
4 44 (960 -64 -192 ) (960 0 -192 ) (1024 0 -192 ) (1024 -64 -192 ) 
4 44 (960 -64 0 ) (960 -64 -192 ) (1024 -64 -192 ) (1024 -64 0 ) 
4 45 (0 0 -64 ) (896 0 -64 ) (896 -128 -64 ) (0 -128 -64 ) 
4 45 (896 -128 0 ) (0 -128 0 ) (0 -128 -64 ) (896 -128 -64 ) 
4 45 (512 -64 0 ) (576 -64 0 ) (576 0 0 ) (512 0 0 ) 
4 45 (128 -64 0 ) (192 -64 0 ) (192 0 0 ) (128 0 0 ) 
4 45 (896 0 0 ) (896 -128 0 ) (896 -128 -64 ) (896 0 -64 ) 
4 46 (-896 192 1472 ) (-896 0 1472 ) (-896 0 1728 ) (-896 192 1728 ) 
4 46 (-896 0 1728 ) (-896 0 1792 ) (-896 192 1792 ) (-896 192 1728 ) 
4 46 (-896 384 1792 ) (-512 384 1792 ) (-512 384 1472 ) (-896 384 1472 ) 
4 46 (-512 384 1792 ) (-512 0 1792 ) (-512 0 1472 ) (-512 384 1472 ) 
4 46 (-896 384 1792 ) (-896 0 1792 ) (-512 0 1792 ) (-512 384 1792 ) 
4 47 (-1024 192 1472 ) (-960 192 1472 ) (-960 192 1728 ) (-1024 192 1728 ) 
4 47 (-960 192 1472 ) (-896 192 1472 ) (-896 192 1728 ) (-960 192 1728 ) 
4 47 (-896 192 1728 ) (-896 192 1792 ) (-1024 192 1792 ) (-1024 192 1728 ) 
4 47 (-896 192 1792 ) (-896 384 1792 ) (-1024 384 1792 ) (-1024 192 1792 ) 
4 47 (-1024 384 1792 ) (-896 384 1792 ) (-896 384 1472 ) (-1024 384 1472 ) 
4 48 (-960 0 1472 ) (-960 128 1472 ) (-960 128 1728 ) (-960 0 1728 ) 
4 48 (-1024 128 1728 ) (-1024 0 1728 ) (-960 0 1728 ) (-960 128 1728 ) 
4 48 (-1024 128 1728 ) (-960 128 1728 ) (-960 128 1472 ) (-1024 128 1472 ) 
4 49 (-512 128 1216 ) (-1024 128 1216 ) (-1024 384 1216 ) (-512 384 1216 ) 
4 49 (-960 128 1472 ) (-960 192 1472 ) (-1024 192 1472 ) (-1024 128 1472 ) 
4 49 (-896 128 1472 ) (-896 192 1472 ) (-960 192 1472 ) (-960 128 1472 ) 
4 49 (-512 384 1216 ) (-1024 384 1216 ) (-1024 384 1472 ) (-512 384 1472 ) 
4 49 (-512 128 1472 ) (-512 128 1216 ) (-512 384 1216 ) (-512 384 1472 ) 
4 50 (-384 0 1216 ) (-1024 0 1216 ) (-1024 128 1216 ) (-384 128 1216 ) 
4 50 (-896 128 1472 ) (-960 128 1472 ) (-960 0 1472 ) (-896 0 1472 ) 
4 50 (0 128 1472 ) (-512 128 1472 ) (-512 0 1472 ) (0 0 1472 ) 
4 50 (-512 128 1216 ) (-512 128 1472 ) (0 128 1472 ) (0 128 1216 ) 
4 51 (-64 128 1144 ) (-64 128 1216 ) (0 128 1216 ) (0 128 1096 ) 
4 51 (-64 0 1143.996094 ) (-64 128 1143.996094 ) (0 128 1095.996094 ) (0 0 1095.996094 ) 
4 52 (-384 128 1216 ) (-64 128 1216 ) (-64 128 1024 ) (-384 128 1024 ) 
4 52 (-64 0 1144 ) (-64 0 1024 ) (-64 128 1024 ) (-64 128 1144 ) 
4 52 (-384 0 1216 ) (-384 128 1216 ) (-384 128 1024 ) (-384 0 1024 ) 
4 53 (-256 128 768 ) (-256 128 640 ) (-256 0 640 ) (-256 0 768 ) 
4 53 (0 0 640 ) (-256 0 640 ) (-256 128 640 ) (0 128 640 ) 
4 53 (0 128 1024 ) (-64 128 1024 ) (-64 0 1024 ) (0 0 1024 ) 
4 53 (-256 128 640 ) (-256 128 1024 ) (0 128 1024 ) (0 128 640 ) 
4 54 (-256 128 768 ) (-384 128 832 ) (-384 128 1024 ) (-256 128 1024 ) 
4 54 (-384 128 1024 ) (-384 128 832 ) (-384 0 832 ) (-384 0 1024 ) 
4 54 (-384 0 832 ) (-384 128 832 ) (-256 128 768 ) (-256 0 768 ) 
4 55 (-192 0 8 ) (-384 0 8 ) (-384 64 8 ) (-192 64 8 ) 
4 55 (-384 128 8 ) (-384 128 384 ) (0 128 384 ) (0 128 8 ) 
4 55 (-384 128 384 ) (-384 128 8 ) (-384 0 8 ) (-384 0 384 ) 
4 55 (0 128 384 ) (-384 128 384 ) (-384 0 384 ) (0 0 384 ) 
4 56 (-192 0 8 ) (-192 64 8 ) (-192 64 0 ) (-192 0 0 ) 
4 56 (-192 128 8 ) (0 128 8 ) (0 128 0 ) (-192 128 0 ) 
4 57 (-384 128 8 ) (-192 128 8 ) (-192 128 0 ) (-384 128 0 ) 
4 57 (-384 128 8 ) (-384 128 0 ) (-384 64 0 ) (-384 64 8 ) 
4 57 (-192 64 0 ) (-192 64 8 ) (-384 64 8 ) (-384 64 0 ) 
4 58 (-384 128 -64 ) (-384 0 -64 ) (-384 0 0 ) (-384 128 0 ) 
4 58 (-192 64 0 ) (-384 64 0 ) (-384 0 0 ) (-192 0 0 ) 
4 58 (0 0 -64 ) (-384 0 -64 ) (-384 128 -64 ) (0 128 -64 ) 
4 58 (0 128 0 ) (0 128 -64 ) (-384 128 -64 ) (-384 128 0 ) 
4 59 (-896 -128 1472 ) (-896 -192 1472 ) (-896 -192 1792 ) (-896 -128 1792 ) 
4 59 (-896 0 1472 ) (-896 -128 1472 ) (-896 -128 1728 ) (-896 0 1728 ) 
4 59 (-896 -128 1728 ) (-896 -128 1792 ) (-896 0 1792 ) (-896 0 1728 ) 
4 59 (-896 -384 1472 ) (-512 -384 1472 ) (-512 -384 1792 ) (-896 -384 1792 ) 
4 59 (-512 -384 1792 ) (-512 -384 1472 ) (-512 0 1472 ) (-512 0 1792 ) 
4 59 (-896 -384 1792 ) (-512 -384 1792 ) (-512 0 1792 ) (-896 0 1792 ) 
4 60 (-1024 -128 1472 ) (-960 -128 1472 ) (-960 -128 1728 ) (-1024 -128 1728 ) 
4 60 (-960 0 1728 ) (-1024 0 1728 ) (-1024 -128 1728 ) (-960 -128 1728 ) 
4 60 (-960 0 1728 ) (-960 -128 1728 ) (-960 -128 1472 ) (-960 0 1472 ) 
4 61 (-1024 -384 1472 ) (-896 -384 1472 ) (-896 -384 1792 ) (-1024 -384 1792 ) 
4 61 (-896 -384 1792 ) (-896 -192 1792 ) (-1024 -192 1792 ) (-1024 -384 1792 ) 
4 61 (-1024 -192 1792 ) (-896 -192 1792 ) (-896 -192 1472 ) (-1024 -192 1472 ) 
4 62 (0 -128 1216 ) (0 -128 1472 ) (-512 -128 1472 ) (-512 -128 1216 ) 
4 62 (-384 -128 1216 ) (-1024 -128 1216 ) (-1024 0 1216 ) (-384 0 1216 ) 
4 62 (-960 -128 1472 ) (-896 -128 1472 ) (-896 0 1472 ) (-960 0 1472 ) 
4 62 (-512 -128 1472 ) (0 -128 1472 ) (0 0 1472 ) (-512 0 1472 ) 
4 63 (0 -128 1096 ) (0 -128 1216 ) (-64 -128 1216 ) (-64 -128 1144 ) 
4 63 (0 -128 1095.997681 ) (-64 -128 1143.996094 ) (-64 0 1143.996094 ) (0 0 1095.997681 ) 
4 64 (-384 -128 1024 ) (-64 -128 1024 ) (-64 -128 1216 ) (-384 -128 1216 ) 
4 64 (-64 0 1144 ) (-64 -128 1144 ) (-64 -128 1024 ) (-64 0 1024 ) 
4 64 (-384 0 1024 ) (-384 -128 1024 ) (-384 -128 1216 ) (-384 0 1216 ) 
4 65 (-512 -384 1216 ) (-1024 -384 1216 ) (-1024 -128 1216 ) (-512 -128 1216 ) 
4 65 (-896 -192 1472 ) (-896 -128 1472 ) (-1024 -128 1472 ) (-1024 -192 1472 ) 
4 65 (-512 -384 1472 ) (-1024 -384 1472 ) (-1024 -384 1216 ) (-512 -384 1216 ) 
4 65 (-512 -384 1472 ) (-512 -384 1216 ) (-512 -128 1216 ) (-512 -128 1472 ) 
4 66 (-256 0 640 ) (-256 -128 640 ) (-256 -128 768 ) (-256 0 768 ) 
4 66 (0 -128 640 ) (-256 -128 640 ) (-256 0 640 ) (0 0 640 ) 
4 66 (-64 -128 1024 ) (0 -128 1024 ) (0 0 1024 ) (-64 0 1024 ) 
4 66 (0 -128 640 ) (0 -128 1024 ) (-256 -128 1024 ) (-256 -128 640 ) 
4 67 (-256 -128 1024 ) (-384 -128 1024 ) (-384 -128 832 ) (-256 -128 768 ) 
4 67 (-384 -128 832 ) (-384 -128 1024 ) (-384 0 1024 ) (-384 0 832 ) 
4 67 (-384 -128 832 ) (-384 0 832 ) (-256 0 768 ) (-256 -128 768 ) 
4 68 (-384 -64 8 ) (-384 0 8 ) (-192 0 8 ) (-192 -64 8 ) 
4 68 (0 -128 8 ) (0 -128 384 ) (-384 -128 384 ) (-384 -128 8 ) 
4 68 (-384 -128 8 ) (-384 -128 384 ) (-384 0 384 ) (-384 0 8 ) 
4 68 (0 0 384 ) (-384 0 384 ) (-384 -128 384 ) (0 -128 384 ) 
4 69 (-192 0 0 ) (-192 -64 0 ) (-192 -64 8 ) (-192 0 8 ) 
4 69 (-192 -128 0 ) (0 -128 0 ) (0 -128 8 ) (-192 -128 8 ) 
4 70 (-384 -128 0 ) (-192 -128 0 ) (-192 -128 8 ) (-384 -128 8 ) 
4 70 (-384 -64 0 ) (-384 -128 0 ) (-384 -128 8 ) (-384 -64 8 ) 
4 70 (-384 -64 0 ) (-384 -64 8 ) (-192 -64 8 ) (-192 -64 0 ) 
4 71 (-384 0 -64 ) (-384 -128 -64 ) (-384 -128 0 ) (-384 0 0 ) 
4 71 (-384 -64 0 ) (-192 -64 0 ) (-192 0 0 ) (-384 0 0 ) 
4 71 (-384 0 -64 ) (0 0 -64 ) (0 -128 -64 ) (-384 -128 -64 ) 
4 71 (-384 -128 0 ) (-384 -128 -64 ) (0 -128 -64 ) (0 -128 0 ) 
4 72 (-1280 192 1472 ) (-1024 192 1472 ) (-1024 192 1728 ) (-1280 192 1728 ) 
4 72 (-1344 192 1728 ) (-1344 192 1472 ) (-1280 192 1472 ) (-1280 192 1728 ) 
4 72 (-1024 192 1792 ) (-1344 192 1792 ) (-1344 192 1728 ) (-1024 192 1728 ) 
4 72 (-1024 192 1792 ) (-1024 384 1792 ) (-1344 384 1792 ) (-1344 192 1792 ) 
4 72 (-1344 384 1792 ) (-1024 384 1792 ) (-1024 384 1472 ) (-1344 384 1472 ) 
4 73 (-1280 0 1728 ) (-1280 128 1728 ) (-1280 128 1472 ) (-1280 0 1472 ) 
4 73 (-1024 128 1728 ) (-1280 128 1728 ) (-1280 0 1728 ) (-1024 0 1728 ) 
4 73 (-1024 128 1728 ) (-1024 128 1472 ) (-1280 128 1472 ) (-1280 128 1728 ) 
4 74 (-1344 384 1792 ) (-1344 384 1472 ) (-1792 384 1472 ) (-1792 384 1792 ) 
4 74 (-1792 0 1472 ) (-1792 0 1792 ) (-1792 384 1792 ) (-1792 384 1472 ) 
4 74 (-1344 192 1728 ) (-1344 192 1792 ) (-1344 0 1792 ) (-1344 0 1728 ) 
4 74 (-1344 192 1728 ) (-1344 0 1728 ) (-1344 0 1472 ) (-1344 192 1472 ) 
4 74 (-1344 0 1792 ) (-1344 384 1792 ) (-1792 384 1792 ) (-1792 0 1792 ) 
4 75 (-1024 128 1472 ) (-1024 192 1472 ) (-1280 192 1472 ) (-1280 128 1472 ) 
4 75 (-1280 192 1472 ) (-1344 192 1472 ) (-1344 0 1472 ) (-1280 0 1472 ) 
4 75 (-1024 384 1472 ) (-1024 384 1216 ) (-1792 384 1216 ) (-1792 384 1472 ) 
4 75 (-1024 0 1216 ) (-1792 0 1216 ) (-1792 384 1216 ) (-1024 384 1216 ) 
4 75 (-1792 384 1216 ) (-1792 0 1216 ) (-1792 0 1472 ) (-1792 384 1472 ) 
4 76 (-1024 392 1024 ) (-1800 392 1024 ) (-1800 0 1024 ) (-1024 0 1024 ) 
4 76 (-1800 392 0 ) (-1800 392 1024 ) (-1024 392 1024 ) (-1024 392 0 ) 
4 76 (-1800 392 1024 ) (-1800 392 0 ) (-1800 0 0 ) (-1800 0 1024 ) 
4 76 (-1024 128 0 ) (-1024 392 0 ) (-1024 392 1024 ) (-1024 128 1024 ) 
4 76 (-1024 128 0 ) (-1024 128 1024 ) (-1024 0 1024 ) (-1024 0 0 ) 
4 77 (-1024 392 -64 ) (-1024 392 0 ) (-1024 0 0 ) (-1024 0 -64 ) 
4 77 (-1024 392 -64 ) (-1024 0 -64 ) (-1024 0 -200 ) (-1024 392 -200 ) 
4 77 (-1800 392 0 ) (-1800 392 -200 ) (-1800 0 -200 ) (-1800 0 0 ) 
4 77 (-1024 392 -200 ) (-1800 392 -200 ) (-1800 392 0 ) (-1024 392 0 ) 
4 77 (-1800 0 -200 ) (-1800 392 -200 ) (-1024 392 -200 ) (-1024 0 -200 ) 
4 78 (-1280 -128 1472 ) (-1024 -128 1472 ) (-1024 -128 1728 ) (-1280 -128 1728 ) 
4 78 (-1024 0 1728 ) (-1280 0 1728 ) (-1280 -128 1728 ) (-1024 -128 1728 ) 
4 78 (-1280 0 1472 ) (-1280 -128 1472 ) (-1280 -128 1728 ) (-1280 0 1728 ) 
4 79 (-1344 -384 1472 ) (-1024 -384 1472 ) (-1024 -384 1792 ) (-1344 -384 1792 ) 
4 79 (-1024 -192 1792 ) (-1344 -192 1792 ) (-1344 -384 1792 ) (-1024 -384 1792 ) 
4 79 (-1024 -192 1472 ) (-1344 -192 1472 ) (-1344 -192 1792 ) (-1024 -192 1792 ) 
4 80 (-1792 -384 1792 ) (-1792 -384 1472 ) (-1344 -384 1472 ) (-1344 -384 1792 ) 
4 80 (-1792 0 1792 ) (-1792 0 1472 ) (-1792 -384 1472 ) (-1792 -384 1792 ) 
4 80 (-1344 -128 1792 ) (-1344 -128 1728 ) (-1344 0 1728 ) (-1344 0 1792 ) 
4 80 (-1344 -128 1728 ) (-1344 -128 1472 ) (-1344 0 1472 ) (-1344 0 1728 ) 
4 80 (-1344 -128 1792 ) (-1344 -192 1792 ) (-1344 -192 1472 ) (-1344 -128 1472 ) 
4 80 (-1792 0 1792 ) (-1792 -384 1792 ) (-1344 -384 1792 ) (-1344 0 1792 ) 
4 81 (-1024 -192 1472 ) (-1024 -128 1472 ) (-1344 -128 1472 ) (-1344 -192 1472 ) 
4 81 (-1280 -128 1472 ) (-1280 0 1472 ) (-1344 0 1472 ) (-1344 -128 1472 ) 
4 81 (-1792 -384 1472 ) (-1792 -384 1216 ) (-1024 -384 1216 ) (-1024 -384 1472 ) 
4 81 (-1792 0 1216 ) (-1024 0 1216 ) (-1024 -384 1216 ) (-1792 -384 1216 ) 
4 81 (-1792 0 1472 ) (-1792 0 1216 ) (-1792 -384 1216 ) (-1792 -384 1472 ) 
4 82 (-1024 -392 1024 ) (-1024 0 1024 ) (-1800 0 1024 ) (-1800 -392 1024 ) 
4 82 (-1800 -392 1024 ) (-1800 -392 0 ) (-1024 -392 0 ) (-1024 -392 1024 ) 
4 82 (-1800 -392 0 ) (-1800 -392 1024 ) (-1800 0 1024 ) (-1800 0 0 ) 
4 82 (-1024 -128 0 ) (-1024 -128 1024 ) (-1024 -392 1024 ) (-1024 -392 0 ) 
4 82 (-1024 -128 0 ) (-1024 0 0 ) (-1024 0 1024 ) (-1024 -128 1024 ) 
4 83 (-1024 0 -64 ) (-1024 0 0 ) (-1024 -392 0 ) (-1024 -392 -64 ) 
4 83 (-1024 0 -64 ) (-1024 -392 -64 ) (-1024 -392 -200 ) (-1024 0 -200 ) 
4 83 (-1800 0 -200 ) (-1800 -392 -200 ) (-1800 -392 0 ) (-1800 0 0 ) 
4 83 (-1800 -392 0 ) (-1800 -392 -200 ) (-1024 -392 -200 ) (-1024 -392 0 ) 
4 83 (-1024 -392 -200 ) (-1800 -392 -200 ) (-1800 0 -200 ) (-1024 0 -200 ) 
